#
# There is insufficient memory for the Java Runtime Environment to continue.
# Native memory allocation (malloc) failed to allocate 1083056 bytes for Chunk::new
# Possible reasons:
#   The system is out of physical RAM or swap space
#   The process is running with CompressedOops enabled, and the Java Heap may be blocking the growth of the native heap
# Possible solutions:
#   Reduce memory load on the system
#   Increase physical memory or swap space
#   Check if swap backing store is full
#   Decrease Java heap size (-Xmx/-Xms)
#   Decrease number of Java threads
#   Decrease Java thread stack sizes (-Xss)
#   Set larger code cache with -XX:ReservedCodeCacheSize=
#   JVM is running with Unscaled Compressed Oops mode in which the Java heap is
#     placed in the first 4GB address space. The Java Heap base address is the
#     maximum limit for the native heap growth. Please use -XX:HeapBaseMinAddress
#     to set the Java Heap base and to place the Java Heap above 4GB virtual address.
# This output file may be truncated or incomplete.
#
#  Out of Memory Error (arena.cpp:189), pid=33048, tid=43048
#
# JRE version: Java(TM) SE Runtime Environment (17.0+35) (build 17+35-LTS-2724)
# Java VM: Java HotSpot(TM) 64-Bit Server VM (17+35-LTS-2724, mixed mode, sharing, tiered, compressed oops, compressed class ptrs, g1 gc, windows-amd64)
# No core dump will be written. Minidumps are not enabled by default on client versions of Windows
#

---------------  S U M M A R Y ------------

Command Line: --add-opens=java.base/java.lang=ALL-UNNAMED --add-opens=java.base/java.lang.invoke=ALL-UNNAMED --add-opens=java.base/java.util=ALL-UNNAMED --add-opens=java.prefs/java.util.prefs=ALL-UNNAMED --add-exports=jdk.compiler/com.sun.tools.javac.api=ALL-UNNAMED --add-exports=jdk.compiler/com.sun.tools.javac.util=ALL-UNNAMED --add-opens=java.base/java.util=ALL-UNNAMED --add-opens=java.prefs/java.util.prefs=ALL-UNNAMED --add-opens=java.base/java.nio.charset=ALL-UNNAMED --add-opens=java.base/java.net=ALL-UNNAMED --add-opens=java.base/java.util.concurrent.atomic=ALL-UNNAMED --add-opens=java.xml/javax.xml.namespace=ALL-UNNAMED -Xmx1536m -Dfile.encoding=UTF-8 -Duser.country=IN -Duser.language=en -Duser.variant -javaagent:C:\Users\Ramana\.gradle\wrapper\dists\gradle-8.14.3-all\10utluxaxniiv4wxiphsi49nj\gradle-8.14.3\lib\agents\gradle-instrumentation-agent-8.14.3.jar org.gradle.launcher.daemon.bootstrap.GradleDaemon 8.14.3

Host: Intel(R) Core(TM) i5-10310U CPU @ 1.70GHz, 8 cores, 15G,  Windows 10 , 64 bit Build 26100 (10.0.26100.7920)
Time: Fri Apr  3 19:40:57 2026 India Standard Time elapsed time: 2843.439702 seconds (0d 0h 47m 23s)

---------------  T H R E A D  ---------------

Current thread (0x0000016c564c3be0):  JavaThread "C2 CompilerThread0" daemon [_thread_in_native, id=43048, stack(0x00000007a0d00000,0x00000007a0e00000)]


Current CompileTask:
C2:2843439 17502   !   4       org.gradle.cache.internal.DefaultCacheCoordinator::useCache (191 bytes)

Stack: [0x00000007a0d00000,0x00000007a0e00000]
Native frames: (J=compiled Java code, j=interpreted, Vv=VM code, C=native code)
V  [jvm.dll+0x66f8ea]
V  [jvm.dll+0x7ce224]
V  [jvm.dll+0x7cf9ce]
V  [jvm.dll+0x7d0033]
V  [jvm.dll+0x242bb5]
V  [jvm.dll+0xaa05b]
V  [jvm.dll+0xaa5ec]
V  [jvm.dll+0x35f9a2]
V  [jvm.dll+0x329f61]
V  [jvm.dll+0x32940a]
V  [jvm.dll+0x215ca1]
V  [jvm.dll+0x2150c1]
V  [jvm.dll+0x1a168d]
V  [jvm.dll+0x2248f8]
V  [jvm.dll+0x222a5c]
V  [jvm.dll+0x78422b]
V  [jvm.dll+0x77e7ea]
V  [jvm.dll+0x66e715]
C  [ucrtbase.dll+0x37b0]
C  [KERNEL32.DLL+0x2e8d7]
C  [ntdll.dll+0x8c48c]


---------------  P R O C E S S  ---------------

Threads class SMR info:
_java_thread_list=0x0000016c5f4b58d0, length=57, elements={
0x0000016c39612c20, 0x0000016c564ab700, 0x0000016c564ac1c0, 0x0000016c564bf4f0,
0x0000016c564bfdb0, 0x0000016c564c0670, 0x0000016c564c0f30, 0x0000016c564c3be0,
0x0000016c564c61b0, 0x0000016c564c66c0, 0x0000016c570e8520, 0x0000016c571a5330,
0x0000016c59248a10, 0x0000016c571ac810, 0x0000016c58af88d0, 0x0000016c5938d690,
0x0000016c5938db60, 0x0000016c5938c350, 0x0000016c5938b9b0, 0x0000016c5938be80,
0x0000016c5938d1c0, 0x0000016c5938c820, 0x0000016c5938ccf0, 0x0000016c5d784170,
0x0000016c5d7837d0, 0x0000016c5d7867f0, 0x0000016c5d786cc0, 0x0000016c5d783ca0,
0x0000016c5d784b10, 0x0000016c582f2d70, 0x0000016c5db08830, 0x0000016c5db07e90,
0x0000016c5db06b50, 0x0000016c5db0a040, 0x0000016c5db06680, 0x0000016c5db0a510,
0x0000016c5db0a9e0, 0x0000016c5db0aeb0, 0x0000016c5db08360, 0x0000016c5db074f0,
0x0000016c5db08d00, 0x0000016c5db0cb90, 0x0000016c5d511f30, 0x0000016c5db0d060,
0x0000016c5db0da00, 0x0000016c5db0ded0, 0x0000016c5db0b380, 0x0000016c5db0d530,
0x0000016c5db0b850, 0x0000016c5db0bd20, 0x0000016c5db0c1f0, 0x0000016c5db0c6c0,
0x0000016c5f411070, 0x0000016c5f410ba0, 0x0000016c5f414560, 0x0000016c5f412d50,
0x0000016c5f4123b0
}

Java Threads: ( => current thread )
  0x0000016c39612c20 JavaThread "main" [_thread_blocked, id=42912, stack(0x00000007a0000000,0x00000007a0100000)]
  0x0000016c564ab700 JavaThread "Reference Handler" daemon [_thread_blocked, id=37984, stack(0x00000007a0700000,0x00000007a0800000)]
  0x0000016c564ac1c0 JavaThread "Finalizer" daemon [_thread_blocked, id=8364, stack(0x00000007a0800000,0x00000007a0900000)]
  0x0000016c564bf4f0 JavaThread "Signal Dispatcher" daemon [_thread_blocked, id=33056, stack(0x00000007a0900000,0x00000007a0a00000)]
  0x0000016c564bfdb0 JavaThread "Attach Listener" daemon [_thread_blocked, id=28056, stack(0x00000007a0a00000,0x00000007a0b00000)]
  0x0000016c564c0670 JavaThread "Service Thread" daemon [_thread_blocked, id=20816, stack(0x00000007a0b00000,0x00000007a0c00000)]
  0x0000016c564c0f30 JavaThread "Monitor Deflation Thread" daemon [_thread_blocked, id=15228, stack(0x00000007a0c00000,0x00000007a0d00000)]
=>0x0000016c564c3be0 JavaThread "C2 CompilerThread0" daemon [_thread_in_native, id=43048, stack(0x00000007a0d00000,0x00000007a0e00000)]
  0x0000016c564c61b0 JavaThread "C1 CompilerThread0" daemon [_thread_blocked, id=41012, stack(0x00000007a0e00000,0x00000007a0f00000)]
  0x0000016c564c66c0 JavaThread "Sweeper thread" daemon [_thread_blocked, id=4564, stack(0x00000007a0f00000,0x00000007a1000000)]
  0x0000016c570e8520 JavaThread "Common-Cleaner" daemon [_thread_blocked, id=21512, stack(0x00000007a1000000,0x00000007a1100000)]
  0x0000016c571a5330 JavaThread "Notification Thread" daemon [_thread_blocked, id=43628, stack(0x00000007a1100000,0x00000007a1200000)]
  0x0000016c59248a10 JavaThread "Daemon health stats" [_thread_blocked, id=39348, stack(0x00000007a1400000,0x00000007a1500000)]
  0x0000016c571ac810 JavaThread "Incoming local TCP Connector on port 59588" [_thread_in_native, id=3288, stack(0x00000007a1300000,0x00000007a1400000)]
  0x0000016c58af88d0 JavaThread "Daemon periodic checks" [_thread_blocked, id=19856, stack(0x00000007a1a00000,0x00000007a1b00000)]
  0x0000016c5938d690 JavaThread "Cache worker for journal cache (C:\Users\Ramana\.gradle\caches\journal-1)" [_thread_blocked, id=28140, stack(0x00000007a1b00000,0x00000007a1c00000)]
  0x0000016c5938db60 JavaThread "File lock request listener" [_thread_in_native, id=33816, stack(0x00000007a2300000,0x00000007a2400000)]
  0x0000016c5938c350 JavaThread "Cache worker for file hash cache (C:\Users\Ramana\.gradle\caches\8.14.3\fileHashes)" [_thread_blocked, id=31720, stack(0x00000007a2400000,0x00000007a2500000)]
  0x0000016c5938b9b0 JavaThread "File watcher server" daemon [_thread_in_native, id=27100, stack(0x00000007a2c00000,0x00000007a2d00000)]
  0x0000016c5938be80 JavaThread "File watcher consumer" daemon [_thread_blocked, id=9092, stack(0x00000007a2d00000,0x00000007a2e00000)]
  0x0000016c5938d1c0 JavaThread "jar transforms" [_thread_blocked, id=31148, stack(0x00000007a2e00000,0x00000007a2f00000)]
  0x0000016c5938c820 JavaThread "jar transforms Thread 2" [_thread_blocked, id=34236, stack(0x00000007a2f00000,0x00000007a3000000)]
  0x0000016c5938ccf0 JavaThread "jar transforms Thread 3" [_thread_blocked, id=7272, stack(0x00000007a3000000,0x00000007a3100000)]
  0x0000016c5d784170 JavaThread "jar transforms Thread 4" [_thread_blocked, id=29820, stack(0x00000007a3100000,0x00000007a3200000)]
  0x0000016c5d7837d0 JavaThread "jar transforms Thread 5" [_thread_blocked, id=33080, stack(0x00000007a3200000,0x00000007a3300000)]
  0x0000016c5d7867f0 JavaThread "Cache worker for file content cache (C:\Users\Ramana\.gradle\caches\8.14.3\fileContent)" [_thread_blocked, id=15472, stack(0x00000007a3400000,0x00000007a3500000)]
  0x0000016c5d786cc0 JavaThread "jar transforms Thread 6" [_thread_blocked, id=1608, stack(0x00000007a3500000,0x00000007a3600000)]
  0x0000016c5d783ca0 JavaThread "jar transforms Thread 7" [_thread_blocked, id=24352, stack(0x00000007a3600000,0x00000007a3700000)]
  0x0000016c5d784b10 JavaThread "jar transforms Thread 8" [_thread_blocked, id=32744, stack(0x00000007a3700000,0x00000007a3800000)]
  0x0000016c582f2d70 JavaThread "Memory manager" [_thread_blocked, id=40512, stack(0x00000007a4700000,0x00000007a4800000)]
  0x0000016c5db08830 JavaThread "Daemon Thread 3" [_thread_blocked, id=26664, stack(0x000000079fd00000,0x000000079fe00000)]
  0x0000016c5db07e90 JavaThread "Handler for socket connection from /127.0.0.1:59588 to /127.0.0.1:63195" [_thread_in_native, id=36960, stack(0x000000079fe00000,0x000000079ff00000)]
  0x0000016c5db06b50 JavaThread "Cancel handler" [_thread_blocked, id=34616, stack(0x000000079ff00000,0x00000007a0000000)]
  0x0000016c5db0a040 JavaThread "Daemon worker Thread 3" [_thread_in_Java, id=41376, stack(0x00000007a1c00000,0x00000007a1d00000)]
  0x0000016c5db06680 JavaThread "Asynchronous log dispatcher for DefaultDaemonConnection: socket connection from /127.0.0.1:59588 to /127.0.0.1:63195" [_thread_blocked, id=36568, stack(0x00000007a1d00000,0x00000007a1e00000)]
  0x0000016c5db0a510 JavaThread "Stdin handler" [_thread_blocked, id=12944, stack(0x00000007a1e00000,0x00000007a1f00000)]
  0x0000016c5db0a9e0 JavaThread "Daemon client event forwarder" [_thread_in_native, id=13204, stack(0x00000007a1f00000,0x00000007a2000000)]
  0x0000016c5db0aeb0 JavaThread "Cache worker for file hash cache (E:\SPICA PRODUCTION\studio-main\studio-main\android\.gradle\8.14.3\fileHashes)" [_thread_blocked, id=9604, stack(0x00000007a2000000,0x00000007a2100000)]
  0x0000016c5db08360 JavaThread "Cache worker for Build Output Cleanup Cache (E:\SPICA PRODUCTION\studio-main\studio-main\android\.gradle\buildOutputCleanup)" [_thread_blocked, id=41400, stack(0x00000007a2100000,0x00000007a2200000)]
  0x0000016c5db074f0 JavaThread "Cache worker for checksums cache (E:\SPICA PRODUCTION\studio-main\studio-main\android\.gradle\8.14.3\checksums)" [_thread_blocked, id=29384, stack(0x00000007a2200000,0x00000007a2300000)]
  0x0000016c5db08d00 JavaThread "Cache worker for cache directory md-supplier (C:\Users\Ramana\.gradle\caches\8.14.3\md-supplier)" [_thread_blocked, id=38684, stack(0x00000007a2500000,0x00000007a2600000)]
  0x0000016c5db0cb90 JavaThread "Cache worker for cache directory md-rule (C:\Users\Ramana\.gradle\caches\8.14.3\md-rule)" [_thread_blocked, id=36152, stack(0x00000007a2800000,0x00000007a2900000)]
  0x0000016c5d511f30 JavaThread "C2 CompilerThread1" daemon [_thread_in_native, id=40908, stack(0x00000007a2900000,0x00000007a2a00000)]
  0x0000016c5db0d060 JavaThread "Unconstrained build operations" [_thread_blocked, id=39572, stack(0x00000007a2a00000,0x00000007a2b00000)]
  0x0000016c5db0da00 JavaThread "Unconstrained build operations Thread 2" [_thread_blocked, id=2756, stack(0x00000007a3300000,0x00000007a3400000)]
  0x0000016c5db0ded0 JavaThread "Unconstrained build operations Thread 3" [_thread_blocked, id=14456, stack(0x00000007a3800000,0x00000007a3900000)]
  0x0000016c5db0b380 JavaThread "Unconstrained build operations Thread 4" [_thread_blocked, id=38300, stack(0x00000007a3900000,0x00000007a3a00000)]
  0x0000016c5db0d530 JavaThread "Unconstrained build operations Thread 5" [_thread_blocked, id=14392, stack(0x00000007a3a00000,0x00000007a3b00000)]
  0x0000016c5db0b850 JavaThread "Unconstrained build operations Thread 6" [_thread_blocked, id=42816, stack(0x00000007a3b00000,0x00000007a3c00000)]
  0x0000016c5db0bd20 JavaThread "Unconstrained build operations Thread 7" [_thread_blocked, id=14352, stack(0x00000007a3c00000,0x00000007a3d00000)]
  0x0000016c5db0c1f0 JavaThread "Unconstrained build operations Thread 8" [_thread_blocked, id=13264, stack(0x00000007a3d00000,0x00000007a3e00000)]
  0x0000016c5db0c6c0 JavaThread "Unconstrained build operations Thread 9" [_thread_blocked, id=43100, stack(0x00000007a3e00000,0x00000007a3f00000)]
  0x0000016c5f411070 JavaThread "Unconstrained build operations Thread 10" [_thread_blocked, id=31596, stack(0x00000007a3f00000,0x00000007a4000000)]
  0x0000016c5f410ba0 JavaThread "Unconstrained build operations Thread 11" [_thread_blocked, id=19296, stack(0x00000007a4000000,0x00000007a4100000)]
  0x0000016c5f414560 JavaThread "Unconstrained build operations Thread 12" [_thread_blocked, id=18012, stack(0x00000007a4100000,0x00000007a4200000)]
  0x0000016c5f412d50 JavaThread "Unconstrained build operations Thread 13" [_thread_blocked, id=13340, stack(0x00000007a4200000,0x00000007a4300000)]
  0x0000016c5f4123b0 JavaThread "Unconstrained build operations Thread 14" [_thread_blocked, id=16292, stack(0x00000007a4300000,0x00000007a4400000)]

Other Threads:
  0x0000016c564a70b0 VMThread "VM Thread" [stack: 0x00000007a0600000,0x00000007a0700000] [id=17700]
  0x0000016c39661a30 WatcherThread [stack: 0x00000007a1200000,0x00000007a1300000] [id=23812]
  0x0000016c3964b210 GCTaskThread "GC Thread#0" [stack: 0x00000007a0100000,0x00000007a0200000] [id=32052]
  0x0000016c57603590 GCTaskThread "GC Thread#1" [stack: 0x00000007a1500000,0x00000007a1600000] [id=41804]
  0x0000016c57603840 GCTaskThread "GC Thread#2" [stack: 0x00000007a1600000,0x00000007a1700000] [id=42484]
  0x0000016c577505b0 GCTaskThread "GC Thread#3" [stack: 0x00000007a1700000,0x00000007a1800000] [id=9172]
  0x0000016c57750860 GCTaskThread "GC Thread#4" [stack: 0x00000007a1800000,0x00000007a1900000] [id=21924]
  0x0000016c577274d0 GCTaskThread "GC Thread#5" [stack: 0x00000007a1900000,0x00000007a1a00000] [id=27396]
  0x0000016c57681770 GCTaskThread "GC Thread#6" [stack: 0x00000007a2600000,0x00000007a2700000] [id=19984]
  0x0000016c5ac88dd0 GCTaskThread "GC Thread#7" [stack: 0x00000007a2700000,0x00000007a2800000] [id=23488]
  0x0000016c39658060 ConcurrentGCThread "G1 Main Marker" [stack: 0x00000007a0200000,0x00000007a0300000] [id=25180]
  0x0000016c39659650 ConcurrentGCThread "G1 Conc#0" [stack: 0x00000007a0300000,0x00000007a0400000] [id=39524]
  0x0000016c5b00b000 ConcurrentGCThread "G1 Conc#1" [stack: 0x00000007a2b00000,0x00000007a2c00000] [id=22968]
  0x0000016c396de0f0 ConcurrentGCThread "G1 Refine#0" [stack: 0x00000007a0400000,0x00000007a0500000] [id=16408]
  0x0000016c396de8c0 ConcurrentGCThread "G1 Service" [stack: 0x00000007a0500000,0x00000007a0600000] [id=36996]

Threads with active compile tasks:
C2 CompilerThread0  2843522 17502   !   4       org.gradle.cache.internal.DefaultCacheCoordinator::useCache (191 bytes)
C2 CompilerThread1  2843523 17510       4       org.gradle.api.internal.artifacts.transform.TransformationChainSelector::selectTransformationChain (81 bytes)

VM state: not at safepoint (normal execution)

VM Mutex/Monitor currently owned by a thread: None

Heap address: 0x00000000a0000000, size: 1536 MB, Compressed Oops mode: 32-bit

CDS archive(s) mapped at: [0x0000000800000000-0x0000000800bc0000-0x0000000800bc0000), size 12320768, SharedBaseAddress: 0x0000000800000000, ArchiveRelocationMode: 0.
Compressed class space mapped at: 0x0000000800c00000-0x0000000840c00000, reserved size: 1073741824
Narrow klass base: 0x0000000800000000, Narrow klass shift: 0, Narrow klass range: 0x100000000

GC Precious Log:
 CPUs: 8 total, 8 available
 Memory: 16141M
 Large Page Support: Disabled
 NUMA Support: Disabled
 Compressed Oops: Enabled (32-bit)
 Heap Region Size: 1M
 Heap Min Capacity: 8M
 Heap Initial Capacity: 254M
 Heap Max Capacity: 1536M
 Pre-touch: Disabled
 Parallel Workers: 8
 Concurrent Workers: 2
 Concurrent Refinement Workers: 8
 Periodic GC: Disabled

Heap:
 garbage-first heap   total 312320K, used 245055K [0x00000000a0000000, 0x0000000100000000)
  region size 1024K, 34 young (34816K), 4 survivors (4096K)
 Metaspace       used 103041K, committed 104384K, reserved 1138688K
  class space    used 14261K, committed 14912K, reserved 1048576K

Heap Regions: E=young(eden), S=young(survivor), O=old, HS=humongous(starts), HC=humongous(continues), CS=collection set, F=free, OA=open archive, CA=closed archive, TAMS=top-at-mark-start (previous, next)
|   0|0x00000000a0000000, 0x00000000a0100000, 0x00000000a0100000|100%|HS|  |TAMS 0x00000000a0100000, 0x00000000a0000000| Complete 
|   1|0x00000000a0100000, 0x00000000a0200000, 0x00000000a0200000|100%|HC|  |TAMS 0x00000000a0200000, 0x00000000a0100000| Complete 
|   2|0x00000000a0200000, 0x00000000a0300000, 0x00000000a0300000|100%|HC|  |TAMS 0x00000000a0300000, 0x00000000a0200000| Complete 
|   3|0x00000000a0300000, 0x00000000a0400000, 0x00000000a0400000|100%| O|  |TAMS 0x00000000a0400000, 0x00000000a0300000| Untracked 
|   4|0x00000000a0400000, 0x00000000a0500000, 0x00000000a0500000|100%| O|  |TAMS 0x00000000a0500000, 0x00000000a0400000| Untracked 
|   5|0x00000000a0500000, 0x00000000a0600000, 0x00000000a0600000|100%| O|  |TAMS 0x00000000a0600000, 0x00000000a0500000| Untracked 
|   6|0x00000000a0600000, 0x00000000a0700000, 0x00000000a0700000|100%|HS|  |TAMS 0x00000000a0700000, 0x00000000a0600000| Complete 
|   7|0x00000000a0700000, 0x00000000a0800000, 0x00000000a0800000|100%| O|  |TAMS 0x00000000a0800000, 0x00000000a0700000| Untracked 
|   8|0x00000000a0800000, 0x00000000a0900000, 0x00000000a0900000|100%| O|  |TAMS 0x00000000a0900000, 0x00000000a0800000| Untracked 
|   9|0x00000000a0900000, 0x00000000a0a00000, 0x00000000a0a00000|100%| O|  |TAMS 0x00000000a0a00000, 0x00000000a0900000| Untracked 
|  10|0x00000000a0a00000, 0x00000000a0b00000, 0x00000000a0b00000|100%| O|  |TAMS 0x00000000a0b00000, 0x00000000a0a00000| Untracked 
|  11|0x00000000a0b00000, 0x00000000a0c00000, 0x00000000a0c00000|100%| O|  |TAMS 0x00000000a0c00000, 0x00000000a0b00000| Untracked 
|  12|0x00000000a0c00000, 0x00000000a0d00000, 0x00000000a0d00000|100%| O|  |TAMS 0x00000000a0d00000, 0x00000000a0c00000| Untracked 
|  13|0x00000000a0d00000, 0x00000000a0e00000, 0x00000000a0e00000|100%| O|  |TAMS 0x00000000a0e00000, 0x00000000a0d00000| Untracked 
|  14|0x00000000a0e00000, 0x00000000a0f00000, 0x00000000a0f00000|100%| O|  |TAMS 0x00000000a0f00000, 0x00000000a0e00000| Untracked 
|  15|0x00000000a0f00000, 0x00000000a1000000, 0x00000000a1000000|100%| O|  |TAMS 0x00000000a1000000, 0x00000000a0f00000| Untracked 
|  16|0x00000000a1000000, 0x00000000a1100000, 0x00000000a1100000|100%| O|  |TAMS 0x00000000a1100000, 0x00000000a1000000| Untracked 
|  17|0x00000000a1100000, 0x00000000a1200000, 0x00000000a1200000|100%| O|  |TAMS 0x00000000a1200000, 0x00000000a1100000| Untracked 
|  18|0x00000000a1200000, 0x00000000a1300000, 0x00000000a1300000|100%| O|  |TAMS 0x00000000a1300000, 0x00000000a1200000| Untracked 
|  19|0x00000000a1300000, 0x00000000a1400000, 0x00000000a1400000|100%| O|  |TAMS 0x00000000a1400000, 0x00000000a1300000| Untracked 
|  20|0x00000000a1400000, 0x00000000a1500000, 0x00000000a1500000|100%| O|  |TAMS 0x00000000a1500000, 0x00000000a1400000| Untracked 
|  21|0x00000000a1500000, 0x00000000a1600000, 0x00000000a1600000|100%| O|  |TAMS 0x00000000a1600000, 0x00000000a1500000| Untracked 
|  22|0x00000000a1600000, 0x00000000a1700000, 0x00000000a1700000|100%| O|  |TAMS 0x00000000a1700000, 0x00000000a1600000| Untracked 
|  23|0x00000000a1700000, 0x00000000a1800000, 0x00000000a1800000|100%| O|  |TAMS 0x00000000a1800000, 0x00000000a1700000| Untracked 
|  24|0x00000000a1800000, 0x00000000a1900000, 0x00000000a1900000|100%| O|  |TAMS 0x00000000a1900000, 0x00000000a1800000| Untracked 
|  25|0x00000000a1900000, 0x00000000a1a00000, 0x00000000a1a00000|100%| O|  |TAMS 0x00000000a1a00000, 0x00000000a1900000| Untracked 
|  26|0x00000000a1a00000, 0x00000000a1b00000, 0x00000000a1b00000|100%| O|  |TAMS 0x00000000a1b00000, 0x00000000a1a00000| Untracked 
|  27|0x00000000a1b00000, 0x00000000a1c00000, 0x00000000a1c00000|100%| O|  |TAMS 0x00000000a1c00000, 0x00000000a1b00000| Untracked 
|  28|0x00000000a1c00000, 0x00000000a1d00000, 0x00000000a1d00000|100%| O|  |TAMS 0x00000000a1d00000, 0x00000000a1c00000| Untracked 
|  29|0x00000000a1d00000, 0x00000000a1e00000, 0x00000000a1e00000|100%| O|  |TAMS 0x00000000a1e00000, 0x00000000a1d00000| Untracked 
|  30|0x00000000a1e00000, 0x00000000a1f00000, 0x00000000a1f00000|100%| O|  |TAMS 0x00000000a1f00000, 0x00000000a1e00000| Untracked 
|  31|0x00000000a1f00000, 0x00000000a2000000, 0x00000000a2000000|100%| O|  |TAMS 0x00000000a2000000, 0x00000000a1f00000| Untracked 
|  32|0x00000000a2000000, 0x00000000a2100000, 0x00000000a2100000|100%| O|  |TAMS 0x00000000a2100000, 0x00000000a2000000| Untracked 
|  33|0x00000000a2100000, 0x00000000a2200000, 0x00000000a2200000|100%| O|  |TAMS 0x00000000a2200000, 0x00000000a2100000| Untracked 
|  34|0x00000000a2200000, 0x00000000a2300000, 0x00000000a2300000|100%| O|  |TAMS 0x00000000a2300000, 0x00000000a2200000| Untracked 
|  35|0x00000000a2300000, 0x00000000a2400000, 0x00000000a2400000|100%|HS|  |TAMS 0x00000000a2400000, 0x00000000a2300000| Complete 
|  36|0x00000000a2400000, 0x00000000a2500000, 0x00000000a2500000|100%| O|  |TAMS 0x00000000a2500000, 0x00000000a2400000| Untracked 
|  37|0x00000000a2500000, 0x00000000a2600000, 0x00000000a2600000|100%| O|  |TAMS 0x00000000a2600000, 0x00000000a2500000| Untracked 
|  38|0x00000000a2600000, 0x00000000a2700000, 0x00000000a2700000|100%| O|  |TAMS 0x00000000a2700000, 0x00000000a2600000| Untracked 
|  39|0x00000000a2700000, 0x00000000a2800000, 0x00000000a2800000|100%| O|  |TAMS 0x00000000a2800000, 0x00000000a2700000| Untracked 
|  40|0x00000000a2800000, 0x00000000a2900000, 0x00000000a2900000|100%| O|  |TAMS 0x00000000a2900000, 0x00000000a2800000| Untracked 
|  41|0x00000000a2900000, 0x00000000a2a00000, 0x00000000a2a00000|100%| O|  |TAMS 0x00000000a2a00000, 0x00000000a2900000| Untracked 
|  42|0x00000000a2a00000, 0x00000000a2b00000, 0x00000000a2b00000|100%| O|  |TAMS 0x00000000a2b00000, 0x00000000a2a00000| Untracked 
|  43|0x00000000a2b00000, 0x00000000a2c00000, 0x00000000a2c00000|100%| O|  |TAMS 0x00000000a2c00000, 0x00000000a2b00000| Untracked 
|  44|0x00000000a2c00000, 0x00000000a2d00000, 0x00000000a2d00000|100%| O|  |TAMS 0x00000000a2d00000, 0x00000000a2c00000| Untracked 
|  45|0x00000000a2d00000, 0x00000000a2e00000, 0x00000000a2e00000|100%|HS|  |TAMS 0x00000000a2e00000, 0x00000000a2d00000| Complete 
|  46|0x00000000a2e00000, 0x00000000a2f00000, 0x00000000a2f00000|100%| O|  |TAMS 0x00000000a2f00000, 0x00000000a2e00000| Untracked 
|  47|0x00000000a2f00000, 0x00000000a3000000, 0x00000000a3000000|100%| O|  |TAMS 0x00000000a2f00000, 0x00000000a2f00000| Untracked 
|  48|0x00000000a3000000, 0x00000000a3100000, 0x00000000a3100000|100%|HS|  |TAMS 0x00000000a3100000, 0x00000000a3000000| Complete 
|  49|0x00000000a3100000, 0x00000000a3200000, 0x00000000a3200000|100%| O|  |TAMS 0x00000000a3200000, 0x00000000a3100000| Untracked 
|  50|0x00000000a3200000, 0x00000000a3300000, 0x00000000a3300000|100%|HS|  |TAMS 0x00000000a3300000, 0x00000000a3200000| Complete 
|  51|0x00000000a3300000, 0x00000000a3400000, 0x00000000a3400000|100%|HS|  |TAMS 0x00000000a3400000, 0x00000000a3300000| Complete 
|  52|0x00000000a3400000, 0x00000000a3500000, 0x00000000a3500000|100%|HS|  |TAMS 0x00000000a3500000, 0x00000000a3400000| Complete 
|  53|0x00000000a3500000, 0x00000000a3600000, 0x00000000a3600000|100%| O|  |TAMS 0x00000000a3600000, 0x00000000a3500000| Untracked 
|  54|0x00000000a3600000, 0x00000000a3700000, 0x00000000a3700000|100%|HS|  |TAMS 0x00000000a3700000, 0x00000000a3600000| Complete 
|  55|0x00000000a3700000, 0x00000000a3800000, 0x00000000a3800000|100%| O|  |TAMS 0x00000000a3800000, 0x00000000a3700000| Untracked 
|  56|0x00000000a3800000, 0x00000000a3900000, 0x00000000a3900000|100%| O|  |TAMS 0x00000000a3900000, 0x00000000a3800000| Untracked 
|  57|0x00000000a3900000, 0x00000000a3a00000, 0x00000000a3a00000|100%| O|  |TAMS 0x00000000a3900000, 0x00000000a3900000| Untracked 
|  58|0x00000000a3a00000, 0x00000000a3b00000, 0x00000000a3b00000|100%| O|  |TAMS 0x00000000a3b00000, 0x00000000a3a00000| Untracked 
|  59|0x00000000a3b00000, 0x00000000a3c00000, 0x00000000a3c00000|100%| O|  |TAMS 0x00000000a3c00000, 0x00000000a3b00000| Untracked 
|  60|0x00000000a3c00000, 0x00000000a3d00000, 0x00000000a3d00000|100%| O|  |TAMS 0x00000000a3d00000, 0x00000000a3c00000| Untracked 
|  61|0x00000000a3d00000, 0x00000000a3e00000, 0x00000000a3e00000|100%| O|  |TAMS 0x00000000a3e00000, 0x00000000a3d00000| Untracked 
|  62|0x00000000a3e00000, 0x00000000a3f00000, 0x00000000a3f00000|100%| O|  |TAMS 0x00000000a3f00000, 0x00000000a3e00000| Untracked 
|  63|0x00000000a3f00000, 0x00000000a4000000, 0x00000000a4000000|100%| O|  |TAMS 0x00000000a4000000, 0x00000000a3f00000| Untracked 
|  64|0x00000000a4000000, 0x00000000a4100000, 0x00000000a4100000|100%| O|  |TAMS 0x00000000a4100000, 0x00000000a4000000| Untracked 
|  65|0x00000000a4100000, 0x00000000a4200000, 0x00000000a4200000|100%| O|  |TAMS 0x00000000a4200000, 0x00000000a4100000| Untracked 
|  66|0x00000000a4200000, 0x00000000a4300000, 0x00000000a4300000|100%| O|  |TAMS 0x00000000a4300000, 0x00000000a4200000| Untracked 
|  67|0x00000000a4300000, 0x00000000a4400000, 0x00000000a4400000|100%| O|  |TAMS 0x00000000a4400000, 0x00000000a4300000| Untracked 
|  68|0x00000000a4400000, 0x00000000a4500000, 0x00000000a4500000|100%| O|  |TAMS 0x00000000a4500000, 0x00000000a4400000| Untracked 
|  69|0x00000000a4500000, 0x00000000a4600000, 0x00000000a4600000|100%|HS|  |TAMS 0x00000000a4600000, 0x00000000a4500000| Complete 
|  70|0x00000000a4600000, 0x00000000a4700000, 0x00000000a4700000|100%| O|  |TAMS 0x00000000a4700000, 0x00000000a4600000| Untracked 
|  71|0x00000000a4700000, 0x00000000a4800000, 0x00000000a4800000|100%| O|  |TAMS 0x00000000a4800000, 0x00000000a4700000| Untracked 
|  72|0x00000000a4800000, 0x00000000a4900000, 0x00000000a4900000|100%| O|  |TAMS 0x00000000a4900000, 0x00000000a4800000| Untracked 
|  73|0x00000000a4900000, 0x00000000a4a00000, 0x00000000a4a00000|100%| O|  |TAMS 0x00000000a4a00000, 0x00000000a4900000| Untracked 
|  74|0x00000000a4a00000, 0x00000000a4b00000, 0x00000000a4b00000|100%| O|  |TAMS 0x00000000a4b00000, 0x00000000a4a00000| Untracked 
|  75|0x00000000a4b00000, 0x00000000a4c00000, 0x00000000a4c00000|100%| O|  |TAMS 0x00000000a4c00000, 0x00000000a4b00000| Untracked 
|  76|0x00000000a4c00000, 0x00000000a4d00000, 0x00000000a4d00000|100%| O|  |TAMS 0x00000000a4d00000, 0x00000000a4c00000| Untracked 
|  77|0x00000000a4d00000, 0x00000000a4e00000, 0x00000000a4e00000|100%|HS|  |TAMS 0x00000000a4e00000, 0x00000000a4d00000| Complete 
|  78|0x00000000a4e00000, 0x00000000a4f00000, 0x00000000a4f00000|100%| O|  |TAMS 0x00000000a4f00000, 0x00000000a4e00000| Untracked 
|  79|0x00000000a4f00000, 0x00000000a5000000, 0x00000000a5000000|100%| O|  |TAMS 0x00000000a5000000, 0x00000000a4f00000| Untracked 
|  80|0x00000000a5000000, 0x00000000a5100000, 0x00000000a5100000|100%| O|  |TAMS 0x00000000a5100000, 0x00000000a5000000| Untracked 
|  81|0x00000000a5100000, 0x00000000a5200000, 0x00000000a5200000|100%| O|  |TAMS 0x00000000a5200000, 0x00000000a5100000| Untracked 
|  82|0x00000000a5200000, 0x00000000a5300000, 0x00000000a5300000|100%| O|  |TAMS 0x00000000a5300000, 0x00000000a5200000| Untracked 
|  83|0x00000000a5300000, 0x00000000a5400000, 0x00000000a5400000|100%| O|  |TAMS 0x00000000a5400000, 0x00000000a5300000| Untracked 
|  84|0x00000000a5400000, 0x00000000a5500000, 0x00000000a5500000|100%| O|  |TAMS 0x00000000a5500000, 0x00000000a5400000| Untracked 
|  85|0x00000000a5500000, 0x00000000a5600000, 0x00000000a5600000|100%| O|  |TAMS 0x00000000a5600000, 0x00000000a5500000| Untracked 
|  86|0x00000000a5600000, 0x00000000a5700000, 0x00000000a5700000|100%| O|  |TAMS 0x00000000a5700000, 0x00000000a5600000| Untracked 
|  87|0x00000000a5700000, 0x00000000a5800000, 0x00000000a5800000|100%| O|  |TAMS 0x00000000a5800000, 0x00000000a5700000| Untracked 
|  88|0x00000000a5800000, 0x00000000a5900000, 0x00000000a5900000|100%| O|  |TAMS 0x00000000a5800000, 0x00000000a5800000| Untracked 
|  89|0x00000000a5900000, 0x00000000a5a00000, 0x00000000a5a00000|100%| O|  |TAMS 0x00000000a5900000, 0x00000000a5900000| Untracked 
|  90|0x00000000a5a00000, 0x00000000a5b00000, 0x00000000a5b00000|100%| O|  |TAMS 0x00000000a5a00000, 0x00000000a5a00000| Untracked 
|  91|0x00000000a5b00000, 0x00000000a5c00000, 0x00000000a5c00000|100%| O|  |TAMS 0x00000000a5c00000, 0x00000000a5b00000| Untracked 
|  92|0x00000000a5c00000, 0x00000000a5d00000, 0x00000000a5d00000|100%| O|  |TAMS 0x00000000a5d00000, 0x00000000a5c00000| Untracked 
|  93|0x00000000a5d00000, 0x00000000a5e00000, 0x00000000a5e00000|100%| O|  |TAMS 0x00000000a5e00000, 0x00000000a5d00000| Untracked 
|  94|0x00000000a5e00000, 0x00000000a5f00000, 0x00000000a5f00000|100%| O|  |TAMS 0x00000000a5f00000, 0x00000000a5e00000| Untracked 
|  95|0x00000000a5f00000, 0x00000000a6000000, 0x00000000a6000000|100%| O|  |TAMS 0x00000000a6000000, 0x00000000a5f00000| Untracked 
|  96|0x00000000a6000000, 0x00000000a6100000, 0x00000000a6100000|100%| O|  |TAMS 0x00000000a6100000, 0x00000000a6000000| Untracked 
|  97|0x00000000a6100000, 0x00000000a6200000, 0x00000000a6200000|100%| O|  |TAMS 0x00000000a6200000, 0x00000000a6100000| Untracked 
|  98|0x00000000a6200000, 0x00000000a6300000, 0x00000000a6300000|100%| O|  |TAMS 0x00000000a6300000, 0x00000000a6200000| Untracked 
|  99|0x00000000a6300000, 0x00000000a6400000, 0x00000000a6400000|100%| O|  |TAMS 0x00000000a6400000, 0x00000000a6300000| Untracked 
| 100|0x00000000a6400000, 0x00000000a6500000, 0x00000000a6500000|100%| O|  |TAMS 0x00000000a6500000, 0x00000000a6400000| Untracked 
| 101|0x00000000a6500000, 0x00000000a6600000, 0x00000000a6600000|100%|HS|  |TAMS 0x00000000a6600000, 0x00000000a6500000| Complete 
| 102|0x00000000a6600000, 0x00000000a6700000, 0x00000000a6700000|100%|HC|  |TAMS 0x00000000a6700000, 0x00000000a6600000| Complete 
| 103|0x00000000a6700000, 0x00000000a6800000, 0x00000000a6800000|100%| O|  |TAMS 0x00000000a6800000, 0x00000000a6700000| Untracked 
| 104|0x00000000a6800000, 0x00000000a6900000, 0x00000000a6900000|100%|HS|  |TAMS 0x00000000a6900000, 0x00000000a6800000| Complete 
| 105|0x00000000a6900000, 0x00000000a6a00000, 0x00000000a6a00000|100%|HC|  |TAMS 0x00000000a6a00000, 0x00000000a6900000| Complete 
| 106|0x00000000a6a00000, 0x00000000a6b00000, 0x00000000a6b00000|100%| O|  |TAMS 0x00000000a6b00000, 0x00000000a6a00000| Untracked 
| 107|0x00000000a6b00000, 0x00000000a6c00000, 0x00000000a6c00000|100%| O|  |TAMS 0x00000000a6c00000, 0x00000000a6b00000| Untracked 
| 108|0x00000000a6c00000, 0x00000000a6d00000, 0x00000000a6d00000|100%| O|  |TAMS 0x00000000a6d00000, 0x00000000a6c00000| Untracked 
| 109|0x00000000a6d00000, 0x00000000a6e00000, 0x00000000a6e00000|100%| O|  |TAMS 0x00000000a6e00000, 0x00000000a6d00000| Untracked 
| 110|0x00000000a6e00000, 0x00000000a6f00000, 0x00000000a6f00000|100%| O|  |TAMS 0x00000000a6f00000, 0x00000000a6e00000| Untracked 
| 111|0x00000000a6f00000, 0x00000000a7000000, 0x00000000a7000000|100%| O|  |TAMS 0x00000000a7000000, 0x00000000a6f00000| Untracked 
| 112|0x00000000a7000000, 0x00000000a7100000, 0x00000000a7100000|100%| O|  |TAMS 0x00000000a7000000, 0x00000000a7000000| Untracked 
| 113|0x00000000a7100000, 0x00000000a7200000, 0x00000000a7200000|100%|HS|  |TAMS 0x00000000a7200000, 0x00000000a7100000| Complete 
| 114|0x00000000a7200000, 0x00000000a7300000, 0x00000000a7300000|100%|HS|  |TAMS 0x00000000a7300000, 0x00000000a7200000| Complete 
| 115|0x00000000a7300000, 0x00000000a7400000, 0x00000000a7400000|100%|HS|  |TAMS 0x00000000a7400000, 0x00000000a7300000| Complete 
| 116|0x00000000a7400000, 0x00000000a7500000, 0x00000000a7500000|100%|HS|  |TAMS 0x00000000a7500000, 0x00000000a7400000| Complete 
| 117|0x00000000a7500000, 0x00000000a7600000, 0x00000000a7600000|100%| O|  |TAMS 0x00000000a7600000, 0x00000000a7500000| Untracked 
| 118|0x00000000a7600000, 0x00000000a7700000, 0x00000000a7700000|100%| O|  |TAMS 0x00000000a7700000, 0x00000000a7600000| Untracked 
| 119|0x00000000a7700000, 0x00000000a7800000, 0x00000000a7800000|100%| O|  |TAMS 0x00000000a7800000, 0x00000000a7700000| Untracked 
| 120|0x00000000a7800000, 0x00000000a7900000, 0x00000000a7900000|100%| O|  |TAMS 0x00000000a7900000, 0x00000000a7800000| Untracked 
| 121|0x00000000a7900000, 0x00000000a7a00000, 0x00000000a7a00000|100%| O|  |TAMS 0x00000000a7a00000, 0x00000000a7900000| Untracked 
| 122|0x00000000a7a00000, 0x00000000a7b00000, 0x00000000a7b00000|100%| O|  |TAMS 0x00000000a7b00000, 0x00000000a7a00000| Untracked 
| 123|0x00000000a7b00000, 0x00000000a7c00000, 0x00000000a7c00000|100%| O|  |TAMS 0x00000000a7c00000, 0x00000000a7b00000| Untracked 
| 124|0x00000000a7c00000, 0x00000000a7d00000, 0x00000000a7d00000|100%| O|  |TAMS 0x00000000a7d00000, 0x00000000a7c00000| Untracked 
| 125|0x00000000a7d00000, 0x00000000a7e00000, 0x00000000a7e00000|100%| O|  |TAMS 0x00000000a7e00000, 0x00000000a7d00000| Untracked 
| 126|0x00000000a7e00000, 0x00000000a7f00000, 0x00000000a7f00000|100%| O|  |TAMS 0x00000000a7f00000, 0x00000000a7e00000| Untracked 
| 127|0x00000000a7f00000, 0x00000000a8000000, 0x00000000a8000000|100%| O|  |TAMS 0x00000000a8000000, 0x00000000a7f00000| Untracked 
| 128|0x00000000a8000000, 0x00000000a8100000, 0x00000000a8100000|100%| O|  |TAMS 0x00000000a8100000, 0x00000000a8000000| Untracked 
| 129|0x00000000a8100000, 0x00000000a8200000, 0x00000000a8200000|100%| O|  |TAMS 0x00000000a8200000, 0x00000000a8100000| Untracked 
| 130|0x00000000a8200000, 0x00000000a8300000, 0x00000000a8300000|100%| O|  |TAMS 0x00000000a8300000, 0x00000000a8200000| Untracked 
| 131|0x00000000a8300000, 0x00000000a8400000, 0x00000000a8400000|100%| O|  |TAMS 0x00000000a8400000, 0x00000000a8300000| Untracked 
| 132|0x00000000a8400000, 0x00000000a8500000, 0x00000000a8500000|100%| O|  |TAMS 0x00000000a8500000, 0x00000000a8400000| Untracked 
| 133|0x00000000a8500000, 0x00000000a8600000, 0x00000000a8600000|100%| O|  |TAMS 0x00000000a8600000, 0x00000000a8500000| Untracked 
| 134|0x00000000a8600000, 0x00000000a8700000, 0x00000000a8700000|100%| O|  |TAMS 0x00000000a8700000, 0x00000000a8600000| Untracked 
| 135|0x00000000a8700000, 0x00000000a8800000, 0x00000000a8800000|100%| O|  |TAMS 0x00000000a8800000, 0x00000000a8700000| Untracked 
| 136|0x00000000a8800000, 0x00000000a8900000, 0x00000000a8900000|100%| O|  |TAMS 0x00000000a8900000, 0x00000000a8800000| Untracked 
| 137|0x00000000a8900000, 0x00000000a8a00000, 0x00000000a8a00000|100%| O|  |TAMS 0x00000000a8a00000, 0x00000000a8900000| Untracked 
| 138|0x00000000a8a00000, 0x00000000a8b00000, 0x00000000a8b00000|100%| O|  |TAMS 0x00000000a8b00000, 0x00000000a8a00000| Untracked 
| 139|0x00000000a8b00000, 0x00000000a8c00000, 0x00000000a8c00000|100%| O|  |TAMS 0x00000000a8b3e400, 0x00000000a8b00000| Untracked 
| 140|0x00000000a8c00000, 0x00000000a8d00000, 0x00000000a8d00000|100%| O|  |TAMS 0x00000000a8c00000, 0x00000000a8c00000| Untracked 
| 141|0x00000000a8d00000, 0x00000000a8e00000, 0x00000000a8e00000|100%| O|  |TAMS 0x00000000a8d00000, 0x00000000a8d00000| Untracked 
| 142|0x00000000a8e00000, 0x00000000a8f00000, 0x00000000a8f00000|100%| O|  |TAMS 0x00000000a8e00000, 0x00000000a8e00000| Untracked 
| 143|0x00000000a8f00000, 0x00000000a9000000, 0x00000000a9000000|100%| O|  |TAMS 0x00000000a8f00000, 0x00000000a8f00000| Untracked 
| 144|0x00000000a9000000, 0x00000000a9100000, 0x00000000a9100000|100%| O|  |TAMS 0x00000000a9000000, 0x00000000a9000000| Untracked 
| 145|0x00000000a9100000, 0x00000000a9200000, 0x00000000a9200000|100%| O|  |TAMS 0x00000000a9100000, 0x00000000a9100000| Untracked 
| 146|0x00000000a9200000, 0x00000000a9300000, 0x00000000a9300000|100%| O|  |TAMS 0x00000000a9200000, 0x00000000a9200000| Untracked 
| 147|0x00000000a9300000, 0x00000000a9400000, 0x00000000a9400000|100%| O|  |TAMS 0x00000000a9300000, 0x00000000a9300000| Untracked 
| 148|0x00000000a9400000, 0x00000000a9500000, 0x00000000a9500000|100%| O|  |TAMS 0x00000000a9400000, 0x00000000a9400000| Untracked 
| 149|0x00000000a9500000, 0x00000000a9600000, 0x00000000a9600000|100%| O|  |TAMS 0x00000000a9500000, 0x00000000a9500000| Untracked 
| 150|0x00000000a9600000, 0x00000000a9700000, 0x00000000a9700000|100%| O|  |TAMS 0x00000000a9600000, 0x00000000a9600000| Untracked 
| 151|0x00000000a9700000, 0x00000000a9800000, 0x00000000a9800000|100%| O|  |TAMS 0x00000000a9700000, 0x00000000a9700000| Untracked 
| 152|0x00000000a9800000, 0x00000000a9900000, 0x00000000a9900000|100%| O|  |TAMS 0x00000000a9800000, 0x00000000a9800000| Untracked 
| 153|0x00000000a9900000, 0x00000000a9a00000, 0x00000000a9a00000|100%| O|  |TAMS 0x00000000a9900000, 0x00000000a9900000| Untracked 
| 154|0x00000000a9a00000, 0x00000000a9b00000, 0x00000000a9b00000|100%| O|  |TAMS 0x00000000a9a00000, 0x00000000a9a00000| Untracked 
| 155|0x00000000a9b00000, 0x00000000a9c00000, 0x00000000a9c00000|100%| O|  |TAMS 0x00000000a9b00000, 0x00000000a9b00000| Untracked 
| 156|0x00000000a9c00000, 0x00000000a9d00000, 0x00000000a9d00000|100%| O|  |TAMS 0x00000000a9c00000, 0x00000000a9c00000| Untracked 
| 157|0x00000000a9d00000, 0x00000000a9e00000, 0x00000000a9e00000|100%| O|  |TAMS 0x00000000a9d00000, 0x00000000a9d00000| Untracked 
| 158|0x00000000a9e00000, 0x00000000a9f00000, 0x00000000a9f00000|100%| O|  |TAMS 0x00000000a9e00000, 0x00000000a9e00000| Untracked 
| 159|0x00000000a9f00000, 0x00000000aa000000, 0x00000000aa000000|100%| O|  |TAMS 0x00000000a9f00000, 0x00000000a9f00000| Untracked 
| 160|0x00000000aa000000, 0x00000000aa100000, 0x00000000aa100000|100%| O|  |TAMS 0x00000000aa000000, 0x00000000aa000000| Untracked 
| 161|0x00000000aa100000, 0x00000000aa200000, 0x00000000aa200000|100%| O|  |TAMS 0x00000000aa100000, 0x00000000aa100000| Untracked 
| 162|0x00000000aa200000, 0x00000000aa300000, 0x00000000aa300000|100%| O|  |TAMS 0x00000000aa200000, 0x00000000aa200000| Untracked 
| 163|0x00000000aa300000, 0x00000000aa400000, 0x00000000aa400000|100%| O|  |TAMS 0x00000000aa300000, 0x00000000aa300000| Untracked 
| 164|0x00000000aa400000, 0x00000000aa500000, 0x00000000aa500000|100%| O|  |TAMS 0x00000000aa400000, 0x00000000aa400000| Untracked 
| 165|0x00000000aa500000, 0x00000000aa600000, 0x00000000aa600000|100%| O|  |TAMS 0x00000000aa500000, 0x00000000aa500000| Untracked 
| 166|0x00000000aa600000, 0x00000000aa700000, 0x00000000aa700000|100%| O|  |TAMS 0x00000000aa600000, 0x00000000aa600000| Untracked 
| 167|0x00000000aa700000, 0x00000000aa800000, 0x00000000aa800000|100%| O|  |TAMS 0x00000000aa700000, 0x00000000aa700000| Untracked 
| 168|0x00000000aa800000, 0x00000000aa900000, 0x00000000aa900000|100%| O|  |TAMS 0x00000000aa800000, 0x00000000aa800000| Untracked 
| 169|0x00000000aa900000, 0x00000000aaa00000, 0x00000000aaa00000|100%| O|  |TAMS 0x00000000aa900000, 0x00000000aa900000| Untracked 
| 170|0x00000000aaa00000, 0x00000000aab00000, 0x00000000aab00000|100%| O|  |TAMS 0x00000000aaa00000, 0x00000000aaa00000| Untracked 
| 171|0x00000000aab00000, 0x00000000aac00000, 0x00000000aac00000|100%| O|  |TAMS 0x00000000aab00000, 0x00000000aab00000| Untracked 
| 172|0x00000000aac00000, 0x00000000aad00000, 0x00000000aad00000|100%| O|  |TAMS 0x00000000aac00000, 0x00000000aac00000| Untracked 
| 173|0x00000000aad00000, 0x00000000aae00000, 0x00000000aae00000|100%| O|  |TAMS 0x00000000aad00000, 0x00000000aad00000| Untracked 
| 174|0x00000000aae00000, 0x00000000aaf00000, 0x00000000aaf00000|100%| O|  |TAMS 0x00000000aae00000, 0x00000000aae00000| Untracked 
| 175|0x00000000aaf00000, 0x00000000ab000000, 0x00000000ab000000|100%| O|  |TAMS 0x00000000aaf00000, 0x00000000aaf00000| Untracked 
| 176|0x00000000ab000000, 0x00000000ab100000, 0x00000000ab100000|100%| O|  |TAMS 0x00000000ab000000, 0x00000000ab000000| Untracked 
| 177|0x00000000ab100000, 0x00000000ab200000, 0x00000000ab200000|100%| O|  |TAMS 0x00000000ab100000, 0x00000000ab100000| Untracked 
| 178|0x00000000ab200000, 0x00000000ab300000, 0x00000000ab300000|100%| O|  |TAMS 0x00000000ab200000, 0x00000000ab200000| Untracked 
| 179|0x00000000ab300000, 0x00000000ab400000, 0x00000000ab400000|100%| O|  |TAMS 0x00000000ab300000, 0x00000000ab300000| Untracked 
| 180|0x00000000ab400000, 0x00000000ab500000, 0x00000000ab500000|100%| O|  |TAMS 0x00000000ab400000, 0x00000000ab400000| Untracked 
| 181|0x00000000ab500000, 0x00000000ab600000, 0x00000000ab600000|100%| O|  |TAMS 0x00000000ab500000, 0x00000000ab500000| Untracked 
| 182|0x00000000ab600000, 0x00000000ab700000, 0x00000000ab700000|100%| O|  |TAMS 0x00000000ab600000, 0x00000000ab600000| Untracked 
| 183|0x00000000ab700000, 0x00000000ab800000, 0x00000000ab800000|100%| O|  |TAMS 0x00000000ab700000, 0x00000000ab700000| Untracked 
| 184|0x00000000ab800000, 0x00000000ab900000, 0x00000000ab900000|100%| O|  |TAMS 0x00000000ab800000, 0x00000000ab800000| Untracked 
| 185|0x00000000ab900000, 0x00000000aba00000, 0x00000000aba00000|100%| O|  |TAMS 0x00000000ab900000, 0x00000000ab900000| Untracked 
| 186|0x00000000aba00000, 0x00000000abb00000, 0x00000000abb00000|100%| O|  |TAMS 0x00000000aba00000, 0x00000000aba00000| Untracked 
| 187|0x00000000abb00000, 0x00000000abc00000, 0x00000000abc00000|100%| O|  |TAMS 0x00000000abb00000, 0x00000000abb00000| Untracked 
| 188|0x00000000abc00000, 0x00000000abd00000, 0x00000000abd00000|100%| O|  |TAMS 0x00000000abc00000, 0x00000000abc00000| Untracked 
| 189|0x00000000abd00000, 0x00000000abe00000, 0x00000000abe00000|100%| O|  |TAMS 0x00000000abd00000, 0x00000000abd00000| Untracked 
| 190|0x00000000abe00000, 0x00000000abf00000, 0x00000000abf00000|100%| O|  |TAMS 0x00000000abe00000, 0x00000000abe00000| Untracked 
| 191|0x00000000abf00000, 0x00000000ac000000, 0x00000000ac000000|100%| O|  |TAMS 0x00000000abf00000, 0x00000000abf00000| Untracked 
| 192|0x00000000ac000000, 0x00000000ac100000, 0x00000000ac100000|100%| O|  |TAMS 0x00000000ac000000, 0x00000000ac000000| Untracked 
| 193|0x00000000ac100000, 0x00000000ac200000, 0x00000000ac200000|100%| O|  |TAMS 0x00000000ac100000, 0x00000000ac100000| Untracked 
| 194|0x00000000ac200000, 0x00000000ac300000, 0x00000000ac300000|100%| O|  |TAMS 0x00000000ac200000, 0x00000000ac200000| Untracked 
| 195|0x00000000ac300000, 0x00000000ac400000, 0x00000000ac400000|100%| O|  |TAMS 0x00000000ac300000, 0x00000000ac300000| Untracked 
| 196|0x00000000ac400000, 0x00000000ac500000, 0x00000000ac500000|100%| O|  |TAMS 0x00000000ac400000, 0x00000000ac400000| Untracked 
| 197|0x00000000ac500000, 0x00000000ac600000, 0x00000000ac600000|100%| O|  |TAMS 0x00000000ac500000, 0x00000000ac500000| Untracked 
| 198|0x00000000ac600000, 0x00000000ac700000, 0x00000000ac700000|100%| O|  |TAMS 0x00000000ac600000, 0x00000000ac600000| Untracked 
| 199|0x00000000ac700000, 0x00000000ac800000, 0x00000000ac800000|100%| O|  |TAMS 0x00000000ac700000, 0x00000000ac700000| Untracked 
| 200|0x00000000ac800000, 0x00000000ac900000, 0x00000000ac900000|100%| O|  |TAMS 0x00000000ac800000, 0x00000000ac800000| Untracked 
| 201|0x00000000ac900000, 0x00000000aca00000, 0x00000000aca00000|100%| O|  |TAMS 0x00000000ac900000, 0x00000000ac900000| Untracked 
| 202|0x00000000aca00000, 0x00000000acb00000, 0x00000000acb00000|100%| O|  |TAMS 0x00000000aca00000, 0x00000000aca00000| Untracked 
| 203|0x00000000acb00000, 0x00000000acc00000, 0x00000000acc00000|100%| O|  |TAMS 0x00000000acb00000, 0x00000000acb00000| Untracked 
| 204|0x00000000acc00000, 0x00000000acd00000, 0x00000000acd00000|100%| O|  |TAMS 0x00000000acc00000, 0x00000000acc00000| Untracked 
| 205|0x00000000acd00000, 0x00000000ace00000, 0x00000000ace00000|100%| O|  |TAMS 0x00000000acd00000, 0x00000000acd00000| Untracked 
| 206|0x00000000ace00000, 0x00000000acf00000, 0x00000000acf00000|100%| O|  |TAMS 0x00000000ace00000, 0x00000000ace00000| Untracked 
| 207|0x00000000acf00000, 0x00000000acf8a400, 0x00000000ad000000| 54%| O|  |TAMS 0x00000000acf00000, 0x00000000acf00000| Untracked 
| 208|0x00000000ad000000, 0x00000000ad000000, 0x00000000ad100000|  0%| F|  |TAMS 0x00000000ad000000, 0x00000000ad000000| Untracked 
| 209|0x00000000ad100000, 0x00000000ad100000, 0x00000000ad200000|  0%| F|  |TAMS 0x00000000ad100000, 0x00000000ad100000| Untracked 
| 210|0x00000000ad200000, 0x00000000ad200000, 0x00000000ad300000|  0%| F|  |TAMS 0x00000000ad200000, 0x00000000ad200000| Untracked 
| 211|0x00000000ad300000, 0x00000000ad300000, 0x00000000ad400000|  0%| F|  |TAMS 0x00000000ad300000, 0x00000000ad300000| Untracked 
| 212|0x00000000ad400000, 0x00000000ad400000, 0x00000000ad500000|  0%| F|  |TAMS 0x00000000ad400000, 0x00000000ad400000| Untracked 
| 213|0x00000000ad500000, 0x00000000ad500000, 0x00000000ad600000|  0%| F|  |TAMS 0x00000000ad500000, 0x00000000ad500000| Untracked 
| 214|0x00000000ad600000, 0x00000000ad600000, 0x00000000ad700000|  0%| F|  |TAMS 0x00000000ad600000, 0x00000000ad600000| Untracked 
| 215|0x00000000ad700000, 0x00000000ad700000, 0x00000000ad800000|  0%| F|  |TAMS 0x00000000ad700000, 0x00000000ad700000| Untracked 
| 216|0x00000000ad800000, 0x00000000ad800000, 0x00000000ad900000|  0%| F|  |TAMS 0x00000000ad800000, 0x00000000ad800000| Untracked 
| 217|0x00000000ad900000, 0x00000000ad900000, 0x00000000ada00000|  0%| F|  |TAMS 0x00000000ad900000, 0x00000000ad900000| Untracked 
| 218|0x00000000ada00000, 0x00000000ada00000, 0x00000000adb00000|  0%| F|  |TAMS 0x00000000ada00000, 0x00000000ada00000| Untracked 
| 219|0x00000000adb00000, 0x00000000adb00000, 0x00000000adc00000|  0%| F|  |TAMS 0x00000000adb00000, 0x00000000adb00000| Untracked 
| 220|0x00000000adc00000, 0x00000000adc00000, 0x00000000add00000|  0%| F|  |TAMS 0x00000000adc00000, 0x00000000adc00000| Untracked 
| 221|0x00000000add00000, 0x00000000add00000, 0x00000000ade00000|  0%| F|  |TAMS 0x00000000add00000, 0x00000000add00000| Untracked 
| 222|0x00000000ade00000, 0x00000000ade00000, 0x00000000adf00000|  0%| F|  |TAMS 0x00000000ade00000, 0x00000000ade00000| Untracked 
| 223|0x00000000adf00000, 0x00000000adf00000, 0x00000000ae000000|  0%| F|  |TAMS 0x00000000adf00000, 0x00000000adf00000| Untracked 
| 224|0x00000000ae000000, 0x00000000ae000000, 0x00000000ae100000|  0%| F|  |TAMS 0x00000000ae000000, 0x00000000ae000000| Untracked 
| 225|0x00000000ae100000, 0x00000000ae100000, 0x00000000ae200000|  0%| F|  |TAMS 0x00000000ae100000, 0x00000000ae100000| Untracked 
| 226|0x00000000ae200000, 0x00000000ae200000, 0x00000000ae300000|  0%| F|  |TAMS 0x00000000ae200000, 0x00000000ae200000| Untracked 
| 227|0x00000000ae300000, 0x00000000ae300000, 0x00000000ae400000|  0%| F|  |TAMS 0x00000000ae300000, 0x00000000ae300000| Untracked 
| 228|0x00000000ae400000, 0x00000000ae400000, 0x00000000ae500000|  0%| F|  |TAMS 0x00000000ae400000, 0x00000000ae400000| Untracked 
| 229|0x00000000ae500000, 0x00000000ae500000, 0x00000000ae600000|  0%| F|  |TAMS 0x00000000ae500000, 0x00000000ae500000| Untracked 
| 230|0x00000000ae600000, 0x00000000ae600000, 0x00000000ae700000|  0%| F|  |TAMS 0x00000000ae600000, 0x00000000ae600000| Untracked 
| 231|0x00000000ae700000, 0x00000000ae700000, 0x00000000ae800000|  0%| F|  |TAMS 0x00000000ae700000, 0x00000000ae700000| Untracked 
| 232|0x00000000ae800000, 0x00000000ae800000, 0x00000000ae900000|  0%| F|  |TAMS 0x00000000ae800000, 0x00000000ae800000| Untracked 
| 233|0x00000000ae900000, 0x00000000ae900000, 0x00000000aea00000|  0%| F|  |TAMS 0x00000000ae900000, 0x00000000ae900000| Untracked 
| 234|0x00000000aea00000, 0x00000000aea00000, 0x00000000aeb00000|  0%| F|  |TAMS 0x00000000aea00000, 0x00000000aea00000| Untracked 
| 235|0x00000000aeb00000, 0x00000000aeb00000, 0x00000000aec00000|  0%| F|  |TAMS 0x00000000aeb00000, 0x00000000aeb00000| Untracked 
| 236|0x00000000aec00000, 0x00000000aec00000, 0x00000000aed00000|  0%| F|  |TAMS 0x00000000aec00000, 0x00000000aec00000| Untracked 
| 237|0x00000000aed00000, 0x00000000aed00000, 0x00000000aee00000|  0%| F|  |TAMS 0x00000000aed00000, 0x00000000aed00000| Untracked 
| 238|0x00000000aee00000, 0x00000000aee00000, 0x00000000aef00000|  0%| F|  |TAMS 0x00000000aee00000, 0x00000000aee00000| Untracked 
| 239|0x00000000aef00000, 0x00000000aef00000, 0x00000000af000000|  0%| F|  |TAMS 0x00000000aef00000, 0x00000000aef00000| Untracked 
| 240|0x00000000af000000, 0x00000000af000000, 0x00000000af100000|  0%| F|  |TAMS 0x00000000af000000, 0x00000000af000000| Untracked 
| 241|0x00000000af100000, 0x00000000af100000, 0x00000000af200000|  0%| F|  |TAMS 0x00000000af100000, 0x00000000af100000| Untracked 
| 242|0x00000000af200000, 0x00000000af200000, 0x00000000af300000|  0%| F|  |TAMS 0x00000000af200000, 0x00000000af200000| Untracked 
| 243|0x00000000af300000, 0x00000000af300000, 0x00000000af400000|  0%| F|  |TAMS 0x00000000af300000, 0x00000000af300000| Untracked 
| 244|0x00000000af400000, 0x00000000af400000, 0x00000000af500000|  0%| F|  |TAMS 0x00000000af400000, 0x00000000af400000| Untracked 
| 245|0x00000000af500000, 0x00000000af500000, 0x00000000af600000|  0%| F|  |TAMS 0x00000000af500000, 0x00000000af500000| Untracked 
| 246|0x00000000af600000, 0x00000000af600000, 0x00000000af700000|  0%| F|  |TAMS 0x00000000af600000, 0x00000000af600000| Untracked 
| 247|0x00000000af700000, 0x00000000af700000, 0x00000000af800000|  0%| F|  |TAMS 0x00000000af700000, 0x00000000af700000| Untracked 
| 248|0x00000000af800000, 0x00000000af800000, 0x00000000af900000|  0%| F|  |TAMS 0x00000000af800000, 0x00000000af800000| Untracked 
| 249|0x00000000af900000, 0x00000000af900000, 0x00000000afa00000|  0%| F|  |TAMS 0x00000000af900000, 0x00000000af900000| Untracked 
| 250|0x00000000afa00000, 0x00000000afa00000, 0x00000000afb00000|  0%| F|  |TAMS 0x00000000afa00000, 0x00000000afa00000| Untracked 
| 251|0x00000000afb00000, 0x00000000afbc5b50, 0x00000000afc00000| 77%| S|CS|TAMS 0x00000000afb00000, 0x00000000afb00000| Complete 
| 252|0x00000000afc00000, 0x00000000afd00000, 0x00000000afd00000|100%| S|CS|TAMS 0x00000000afc00000, 0x00000000afc00000| Complete 
| 253|0x00000000afd00000, 0x00000000afe00000, 0x00000000afe00000|100%| S|CS|TAMS 0x00000000afd00000, 0x00000000afd00000| Complete 
| 254|0x00000000afe00000, 0x00000000aff00000, 0x00000000aff00000|100%| S|CS|TAMS 0x00000000afe00000, 0x00000000afe00000| Complete 
| 255|0x00000000aff00000, 0x00000000aff00000, 0x00000000b0000000|  0%| F|  |TAMS 0x00000000aff00000, 0x00000000aff00000| Untracked 
| 256|0x00000000b0000000, 0x00000000b0000000, 0x00000000b0100000|  0%| F|  |TAMS 0x00000000b0000000, 0x00000000b0000000| Untracked 
| 257|0x00000000b0100000, 0x00000000b0100000, 0x00000000b0200000|  0%| F|  |TAMS 0x00000000b0100000, 0x00000000b0100000| Untracked 
| 258|0x00000000b0200000, 0x00000000b0200000, 0x00000000b0300000|  0%| F|  |TAMS 0x00000000b0200000, 0x00000000b0200000| Untracked 
| 259|0x00000000b0300000, 0x00000000b0300000, 0x00000000b0400000|  0%| F|  |TAMS 0x00000000b0300000, 0x00000000b0300000| Untracked 
| 260|0x00000000b0400000, 0x00000000b0400000, 0x00000000b0500000|  0%| F|  |TAMS 0x00000000b0400000, 0x00000000b0400000| Untracked 
| 261|0x00000000b0500000, 0x00000000b0500000, 0x00000000b0600000|  0%| F|  |TAMS 0x00000000b0500000, 0x00000000b0500000| Untracked 
| 262|0x00000000b0600000, 0x00000000b0600000, 0x00000000b0700000|  0%| F|  |TAMS 0x00000000b0600000, 0x00000000b0600000| Untracked 
| 263|0x00000000b0700000, 0x00000000b0700000, 0x00000000b0800000|  0%| F|  |TAMS 0x00000000b0700000, 0x00000000b0700000| Untracked 
| 264|0x00000000b0800000, 0x00000000b0800000, 0x00000000b0900000|  0%| F|  |TAMS 0x00000000b0800000, 0x00000000b0800000| Untracked 
| 265|0x00000000b0900000, 0x00000000b0900000, 0x00000000b0a00000|  0%| F|  |TAMS 0x00000000b0900000, 0x00000000b0900000| Untracked 
| 266|0x00000000b0a00000, 0x00000000b0a00000, 0x00000000b0b00000|  0%| F|  |TAMS 0x00000000b0a00000, 0x00000000b0a00000| Untracked 
| 267|0x00000000b0b00000, 0x00000000b0b00000, 0x00000000b0c00000|  0%| F|  |TAMS 0x00000000b0b00000, 0x00000000b0b00000| Untracked 
| 268|0x00000000b0c00000, 0x00000000b0c00000, 0x00000000b0d00000|  0%| F|  |TAMS 0x00000000b0c00000, 0x00000000b0c00000| Untracked 
| 269|0x00000000b0d00000, 0x00000000b0d00000, 0x00000000b0e00000|  0%| F|  |TAMS 0x00000000b0d00000, 0x00000000b0d00000| Untracked 
| 270|0x00000000b0e00000, 0x00000000b0e00000, 0x00000000b0f00000|  0%| F|  |TAMS 0x00000000b0e00000, 0x00000000b0e00000| Untracked 
| 271|0x00000000b0f00000, 0x00000000b0f00000, 0x00000000b1000000|  0%| F|  |TAMS 0x00000000b0f00000, 0x00000000b0f00000| Untracked 
| 272|0x00000000b1000000, 0x00000000b1000000, 0x00000000b1100000|  0%| F|  |TAMS 0x00000000b1000000, 0x00000000b1000000| Untracked 
| 273|0x00000000b1100000, 0x00000000b1100000, 0x00000000b1200000|  0%| F|  |TAMS 0x00000000b1100000, 0x00000000b1100000| Untracked 
| 274|0x00000000b1200000, 0x00000000b12347d8, 0x00000000b1300000| 20%| E|  |TAMS 0x00000000b1200000, 0x00000000b1200000| Complete 
| 275|0x00000000b1300000, 0x00000000b1400000, 0x00000000b1400000|100%| E|CS|TAMS 0x00000000b1300000, 0x00000000b1300000| Complete 
| 276|0x00000000b1400000, 0x00000000b1500000, 0x00000000b1500000|100%| E|CS|TAMS 0x00000000b1400000, 0x00000000b1400000| Complete 
| 277|0x00000000b1500000, 0x00000000b1600000, 0x00000000b1600000|100%| E|CS|TAMS 0x00000000b1500000, 0x00000000b1500000| Complete 
| 278|0x00000000b1600000, 0x00000000b1700000, 0x00000000b1700000|100%| E|CS|TAMS 0x00000000b1600000, 0x00000000b1600000| Complete 
| 279|0x00000000b1700000, 0x00000000b1800000, 0x00000000b1800000|100%| E|CS|TAMS 0x00000000b1700000, 0x00000000b1700000| Complete 
| 280|0x00000000b1800000, 0x00000000b1900000, 0x00000000b1900000|100%| E|CS|TAMS 0x00000000b1800000, 0x00000000b1800000| Complete 
| 281|0x00000000b1900000, 0x00000000b1a00000, 0x00000000b1a00000|100%| E|CS|TAMS 0x00000000b1900000, 0x00000000b1900000| Complete 
| 282|0x00000000b1a00000, 0x00000000b1b00000, 0x00000000b1b00000|100%| E|CS|TAMS 0x00000000b1a00000, 0x00000000b1a00000| Complete 
| 283|0x00000000b1b00000, 0x00000000b1c00000, 0x00000000b1c00000|100%| E|CS|TAMS 0x00000000b1b00000, 0x00000000b1b00000| Complete 
| 284|0x00000000b1c00000, 0x00000000b1d00000, 0x00000000b1d00000|100%| E|CS|TAMS 0x00000000b1c00000, 0x00000000b1c00000| Complete 
| 285|0x00000000b1d00000, 0x00000000b1e00000, 0x00000000b1e00000|100%| E|CS|TAMS 0x00000000b1d00000, 0x00000000b1d00000| Complete 
| 286|0x00000000b1e00000, 0x00000000b1f00000, 0x00000000b1f00000|100%| E|  |TAMS 0x00000000b1e00000, 0x00000000b1e00000| Complete 
| 287|0x00000000b1f00000, 0x00000000b2000000, 0x00000000b2000000|100%| E|CS|TAMS 0x00000000b1f00000, 0x00000000b1f00000| Complete 
| 288|0x00000000b2000000, 0x00000000b2100000, 0x00000000b2100000|100%| E|CS|TAMS 0x00000000b2000000, 0x00000000b2000000| Complete 
| 289|0x00000000b2100000, 0x00000000b2200000, 0x00000000b2200000|100%| E|CS|TAMS 0x00000000b2100000, 0x00000000b2100000| Complete 
| 290|0x00000000b2200000, 0x00000000b2300000, 0x00000000b2300000|100%| E|CS|TAMS 0x00000000b2200000, 0x00000000b2200000| Complete 
| 291|0x00000000b2300000, 0x00000000b2400000, 0x00000000b2400000|100%| E|CS|TAMS 0x00000000b2300000, 0x00000000b2300000| Complete 
| 292|0x00000000b2400000, 0x00000000b2500000, 0x00000000b2500000|100%| E|CS|TAMS 0x00000000b2400000, 0x00000000b2400000| Complete 
| 293|0x00000000b2500000, 0x00000000b2600000, 0x00000000b2600000|100%| E|CS|TAMS 0x00000000b2500000, 0x00000000b2500000| Complete 
| 294|0x00000000b2600000, 0x00000000b2700000, 0x00000000b2700000|100%| E|CS|TAMS 0x00000000b2600000, 0x00000000b2600000| Complete 
| 295|0x00000000b2700000, 0x00000000b2800000, 0x00000000b2800000|100%| E|CS|TAMS 0x00000000b2700000, 0x00000000b2700000| Complete 
| 296|0x00000000b2800000, 0x00000000b2900000, 0x00000000b2900000|100%| E|CS|TAMS 0x00000000b2800000, 0x00000000b2800000| Complete 
| 297|0x00000000b2900000, 0x00000000b2a00000, 0x00000000b2a00000|100%| E|CS|TAMS 0x00000000b2900000, 0x00000000b2900000| Complete 
| 298|0x00000000b2a00000, 0x00000000b2b00000, 0x00000000b2b00000|100%| E|CS|TAMS 0x00000000b2a00000, 0x00000000b2a00000| Complete 
| 299|0x00000000b2b00000, 0x00000000b2c00000, 0x00000000b2c00000|100%| E|CS|TAMS 0x00000000b2b00000, 0x00000000b2b00000| Complete 
| 300|0x00000000b2c00000, 0x00000000b2d00000, 0x00000000b2d00000|100%| E|CS|TAMS 0x00000000b2c00000, 0x00000000b2c00000| Complete 
| 301|0x00000000b2d00000, 0x00000000b2e00000, 0x00000000b2e00000|100%| E|CS|TAMS 0x00000000b2d00000, 0x00000000b2d00000| Complete 
| 302|0x00000000b2e00000, 0x00000000b2f00000, 0x00000000b2f00000|100%| E|CS|TAMS 0x00000000b2e00000, 0x00000000b2e00000| Complete 
| 303|0x00000000b2f00000, 0x00000000b3000000, 0x00000000b3000000|100%| E|CS|TAMS 0x00000000b2f00000, 0x00000000b2f00000| Complete 
| 304|0x00000000b3000000, 0x00000000b3100000, 0x00000000b3100000|100%| E|CS|TAMS 0x00000000b3000000, 0x00000000b3000000| Complete 

Card table byte_map: [0x0000016c50450000,0x0000016c50750000] _byte_map_base: 0x0000016c4ff50000

Marking Bits (Prev, Next): (CMBitMap*) 0x0000016c3964b730, (CMBitMap*) 0x0000016c3964b770
 Prev Bits: [0x0000016c50a50000, 0x0000016c52250000)
 Next Bits: [0x0000016c52250000, 0x0000016c53a50000)

Polling page: 0x0000016c37320000

Metaspace:

Usage:
  Non-class:     86.70 MB used.
      Class:     13.93 MB used.
       Both:    100.63 MB used.

Virtual space:
  Non-class space:       88.00 MB reserved,      87.38 MB (>99%) committed,  11 nodes.
      Class space:        1.00 GB reserved,      14.56 MB (  1%) committed,  1 nodes.
             Both:        1.09 GB reserved,     101.94 MB (  9%) committed. 

Chunk freelists:
   Non-Class:  222.00 KB
       Class:  1.36 MB
        Both:  1.57 MB

MaxMetaspaceSize: unlimited
CompressedClassSpaceSize: 1.00 GB
Initial GC threshold: 21.00 MB
Current GC threshold: 160.62 MB
CDS: on
MetaspaceReclaimPolicy: balanced
 - commit_granule_bytes: 65536.
 - commit_granule_words: 8192.
 - virtual_space_node_default_size: 1048576.
 - enlarge_chunks_in_place: 1.
 - new_chunks_are_fully_committed: 0.
 - uncommit_free_chunks: 1.
 - use_allocation_guard: 0.
 - handle_deallocations: 1.


Internal statistics:

num_allocs_failed_limit: 12.
num_arena_births: 2072.
num_arena_deaths: 0.
num_vsnodes_births: 12.
num_vsnodes_deaths: 0.
num_space_committed: 1631.
num_space_uncommitted: 0.
num_chunks_returned_to_freelist: 12.
num_chunks_taken_from_freelist: 7071.
num_chunk_merges: 9.
num_chunk_splits: 4356.
num_chunks_enlarged: 2453.
num_purges: 0.
num_inconsistent_stats: 0.

CodeHeap 'non-profiled nmethods': size=120000Kb used=12000Kb max_used=12000Kb free=107999Kb
 bounds [0x0000016c488e0000, 0x0000016c494a0000, 0x0000016c4fe10000]
CodeHeap 'profiled nmethods': size=120000Kb used=27813Kb max_used=27813Kb free=92186Kb
 bounds [0x0000016c413b0000, 0x0000016c42ee0000, 0x0000016c488e0000]
CodeHeap 'non-nmethods': size=5760Kb used=2446Kb max_used=2530Kb free=3313Kb
 bounds [0x0000016c40e10000, 0x0000016c410a0000, 0x0000016c413b0000]
 total_blobs=15375 nmethods=14393 adapters=892
 compilation: enabled
              stopped_count=0, restarted_count=0
 full_count=0

Compilation events (20 events):
Event: 2842.298 Thread 0x0000016c5d511f30 17501   !   4       org.gradle.cache.internal.DefaultCacheCoordinator::takeOwnership (50 bytes)
Event: 2842.303 Thread 0x0000016c564c3be0 17502   !   4       org.gradle.cache.internal.DefaultCacheCoordinator::useCache (191 bytes)
Event: 2842.357 Thread 0x0000016c564c61b0 17504       3       org.gradle.api.internal.attributes.immutable.ImmutableAttributesSchema::getStrategy (12 bytes)
Event: 2842.358 Thread 0x0000016c564c61b0 nmethod 17504 0x0000016c42ed6810 code [0x0000016c42ed69c0, 0x0000016c42ed6c88]
Event: 2842.359 Thread 0x0000016c5d511f30 nmethod 17501 0x0000016c49495210 code [0x0000016c49495420, 0x0000016c49496650]
Event: 2842.359 Thread 0x0000016c5d511f30 17503       4       org.gradle.internal.model.CalculatedValueContainerFactory$SupplierBackedCalculator::calculateValue (10 bytes)
Event: 2842.359 Thread 0x0000016c5d511f30 nmethod 17503 0x0000016c49496e10 code [0x0000016c49496f80, 0x0000016c49497018]
Event: 2842.360 Thread 0x0000016c5d511f30 17505       4       java.util.BitSet::nextSetBit (102 bytes)
Event: 2842.362 Thread 0x0000016c5d511f30 nmethod 17505 0x0000016c49497110 code [0x0000016c494972a0, 0x0000016c494973f8]
Event: 2842.362 Thread 0x0000016c5d511f30 17506       4       java.lang.Integer::numberOfTrailingZeros (80 bytes)
Event: 2842.364 Thread 0x0000016c5d511f30 nmethod 17506 0x0000016c49497510 code [0x0000016c49497680, 0x0000016c49497758]
Event: 2842.365 Thread 0x0000016c5d511f30 17507       4       java.util.ArrayList::hashCodeRange (68 bytes)
Event: 2842.365 Thread 0x0000016c564c61b0 17508       3       org.gradle.api.internal.artifacts.ivyservice.resolveengine.artifact.CompositeResolvedArtifactSet::of (101 bytes)
Event: 2842.366 Thread 0x0000016c564c61b0 nmethod 17508 0x0000016c42ed6d90 code [0x0000016c42ed7060, 0x0000016c42ed8148]
Event: 2842.368 Thread 0x0000016c5d511f30 nmethod 17507 0x0000016c49497810 code [0x0000016c494979a0, 0x0000016c49497b78]
Event: 2842.374 Thread 0x0000016c5d511f30 17509       4       java.util.ArrayList::hashCode (22 bytes)
Event: 2842.375 Thread 0x0000016c564c61b0 17511       3       org.gradle.api.internal.artifacts.ivyservice.resolveengine.artifact.DefaultVisitedArtifactResults::select (115 bytes)
Event: 2842.378 Thread 0x0000016c5d511f30 nmethod 17509 0x0000016c49497d10 code [0x0000016c49497ea0, 0x0000016c494980b8]
Event: 2842.379 Thread 0x0000016c564c61b0 nmethod 17511 0x0000016c42ed8690 code [0x0000016c42ed8960, 0x0000016c42ed9ac8]
Event: 2842.379 Thread 0x0000016c5d511f30 17510       4       org.gradle.api.internal.artifacts.transform.TransformationChainSelector::selectTransformationChain (81 bytes)

GC Heap History (20 events):
Event: 117.193 GC heap before
{Heap before GC invocations=54 (full 0):
 garbage-first heap   total 260096K, used 219568K [0x00000000a0000000, 0x0000000100000000)
  region size 1024K, 48 young (49152K), 4 survivors (4096K)
 Metaspace       used 101560K, committed 102720K, reserved 1138688K
  class space    used 14114K, committed 14656K, reserved 1048576K
}
Event: 117.204 GC heap after
{Heap after GC invocations=55 (full 0):
 garbage-first heap   total 260096K, used 180143K [0x00000000a0000000, 0x0000000100000000)
  region size 1024K, 5 young (5120K), 5 survivors (5120K)
 Metaspace       used 101560K, committed 102720K, reserved 1138688K
  class space    used 14114K, committed 14656K, reserved 1048576K
}
Event: 117.715 GC heap before
{Heap before GC invocations=55 (full 0):
 garbage-first heap   total 260096K, used 220079K [0x00000000a0000000, 0x0000000100000000)
  region size 1024K, 45 young (46080K), 5 survivors (5120K)
 Metaspace       used 101648K, committed 102784K, reserved 1138688K
  class space    used 14121K, committed 14656K, reserved 1048576K
}
Event: 117.727 GC heap after
{Heap after GC invocations=56 (full 0):
 garbage-first heap   total 260096K, used 184152K [0x00000000a0000000, 0x0000000100000000)
  region size 1024K, 5 young (5120K), 5 survivors (5120K)
 Metaspace       used 101648K, committed 102784K, reserved 1138688K
  class space    used 14121K, committed 14656K, reserved 1048576K
}
Event: 118.000 GC heap before
{Heap before GC invocations=56 (full 0):
 garbage-first heap   total 260096K, used 221016K [0x00000000a0000000, 0x0000000100000000)
  region size 1024K, 41 young (41984K), 5 survivors (5120K)
 Metaspace       used 101922K, committed 103168K, reserved 1138688K
  class space    used 14162K, committed 14784K, reserved 1048576K
}
Event: 118.010 GC heap after
{Heap after GC invocations=57 (full 0):
 garbage-first heap   total 260096K, used 186904K [0x00000000a0000000, 0x0000000100000000)
  region size 1024K, 3 young (3072K), 3 survivors (3072K)
 Metaspace       used 101922K, committed 103168K, reserved 1138688K
  class space    used 14162K, committed 14784K, reserved 1048576K
}
Event: 118.245 GC heap before
{Heap before GC invocations=57 (full 0):
 garbage-first heap   total 260096K, used 222744K [0x00000000a0000000, 0x0000000100000000)
  region size 1024K, 38 young (38912K), 3 survivors (3072K)
 Metaspace       used 101983K, committed 103296K, reserved 1138688K
  class space    used 14165K, committed 14784K, reserved 1048576K
}
Event: 118.253 GC heap after
{Heap after GC invocations=58 (full 0):
 garbage-first heap   total 260096K, used 190619K [0x00000000a0000000, 0x0000000100000000)
  region size 1024K, 4 young (4096K), 4 survivors (4096K)
 Metaspace       used 101983K, committed 103296K, reserved 1138688K
  class space    used 14165K, committed 14784K, reserved 1048576K
}
Event: 118.451 GC heap before
{Heap before GC invocations=58 (full 0):
 garbage-first heap   total 260096K, used 222363K [0x00000000a0000000, 0x0000000100000000)
  region size 1024K, 35 young (35840K), 4 survivors (4096K)
 Metaspace       used 102042K, committed 103360K, reserved 1138688K
  class space    used 14172K, committed 14784K, reserved 1048576K
}
Event: 118.459 GC heap after
{Heap after GC invocations=59 (full 0):
 garbage-first heap   total 260096K, used 193546K [0x00000000a0000000, 0x0000000100000000)
  region size 1024K, 4 young (4096K), 4 survivors (4096K)
 Metaspace       used 102042K, committed 103360K, reserved 1138688K
  class space    used 14172K, committed 14784K, reserved 1048576K
}
Event: 118.686 GC heap before
{Heap before GC invocations=59 (full 0):
 garbage-first heap   total 260096K, used 223242K [0x00000000a0000000, 0x0000000100000000)
  region size 1024K, 33 young (33792K), 4 survivors (4096K)
 Metaspace       used 102127K, committed 103424K, reserved 1138688K
  class space    used 14174K, committed 14784K, reserved 1048576K
}
Event: 118.694 GC heap after
{Heap after GC invocations=60 (full 0):
 garbage-first heap   total 260096K, used 196054K [0x00000000a0000000, 0x0000000100000000)
  region size 1024K, 4 young (4096K), 4 survivors (4096K)
 Metaspace       used 102127K, committed 103424K, reserved 1138688K
  class space    used 14174K, committed 14784K, reserved 1048576K
}
Event: 118.906 GC heap before
{Heap before GC invocations=60 (full 0):
 garbage-first heap   total 260096K, used 221654K [0x00000000a0000000, 0x0000000100000000)
  region size 1024K, 30 young (30720K), 4 survivors (4096K)
 Metaspace       used 102130K, committed 103424K, reserved 1138688K
  class space    used 14175K, committed 14784K, reserved 1048576K
}
Event: 118.913 GC heap after
{Heap after GC invocations=61 (full 0):
 garbage-first heap   total 312320K, used 197674K [0x00000000a0000000, 0x0000000100000000)
  region size 1024K, 3 young (3072K), 3 survivors (3072K)
 Metaspace       used 102130K, committed 103424K, reserved 1138688K
  class space    used 14175K, committed 14784K, reserved 1048576K
}
Event: 119.959 GC heap before
{Heap before GC invocations=61 (full 0):
 garbage-first heap   total 312320K, used 265258K [0x00000000a0000000, 0x0000000100000000)
  region size 1024K, 69 young (70656K), 3 survivors (3072K)
 Metaspace       used 102359K, committed 103616K, reserved 1138688K
  class space    used 14193K, committed 14784K, reserved 1048576K
}
Event: 119.977 GC heap after
{Heap after GC invocations=62 (full 0):
 garbage-first heap   total 312320K, used 207033K [0x00000000a0000000, 0x0000000100000000)
  region size 1024K, 9 young (9216K), 9 survivors (9216K)
 Metaspace       used 102359K, committed 103616K, reserved 1138688K
  class space    used 14193K, committed 14784K, reserved 1048576K
}
Event: 1157.665 GC heap before
{Heap before GC invocations=62 (full 0):
 garbage-first heap   total 312320K, used 263353K [0x00000000a0000000, 0x0000000100000000)
  region size 1024K, 64 young (65536K), 9 survivors (9216K)
 Metaspace       used 102538K, committed 103872K, reserved 1138688K
  class space    used 14201K, committed 14848K, reserved 1048576K
}
Event: 1157.717 GC heap after
{Heap after GC invocations=63 (full 0):
 garbage-first heap   total 312320K, used 212486K [0x00000000a0000000, 0x0000000100000000)
  region size 1024K, 6 young (6144K), 6 survivors (6144K)
 Metaspace       used 102538K, committed 103872K, reserved 1138688K
  class space    used 14201K, committed 14848K, reserved 1048576K
}
Event: 2838.474 GC heap before
{Heap before GC invocations=63 (full 0):
 garbage-first heap   total 312320K, used 262662K [0x00000000a0000000, 0x0000000100000000)
  region size 1024K, 56 young (57344K), 6 survivors (6144K)
 Metaspace       used 102735K, committed 104064K, reserved 1138688K
  class space    used 14202K, committed 14848K, reserved 1048576K
}
Event: 2838.578 GC heap after
{Heap after GC invocations=64 (full 0):
 garbage-first heap   total 312320K, used 216383K [0x00000000a0000000, 0x0000000100000000)
  region size 1024K, 4 young (4096K), 4 survivors (4096K)
 Metaspace       used 102735K, committed 104064K, reserved 1138688K
  class space    used 14202K, committed 14848K, reserved 1048576K
}

Deoptimization events (20 events):
Event: 120.285 Thread 0x0000016c5b0fa980 DEOPT PACKING pc=0x0000016c4902b288 sp=0x00000007a1cfcd70
Event: 120.285 Thread 0x0000016c5b0fa980 DEOPT UNPACKING pc=0x0000016c40e623a3 sp=0x00000007a1cfcd10 mode 2
Event: 163.192 Thread 0x0000016c58af88d0 DEOPT PACKING pc=0x0000016c42075956 sp=0x00000007a1afe840
Event: 163.192 Thread 0x0000016c58af88d0 DEOPT UNPACKING pc=0x0000016c40e62b43 sp=0x00000007a1afdd50 mode 0
Event: 2838.724 Thread 0x0000016c5db0a040 DEOPT PACKING pc=0x0000016c422eddb3 sp=0x00000007a1cfb2c0
Event: 2838.732 Thread 0x0000016c5db0a040 DEOPT UNPACKING pc=0x0000016c40e62b43 sp=0x00000007a1cfa730 mode 0
Event: 2839.146 Thread 0x0000016c5db0a040 DEOPT PACKING pc=0x0000016c419b708c sp=0x00000007a1cfa720
Event: 2839.147 Thread 0x0000016c5db0a040 DEOPT UNPACKING pc=0x0000016c40e62b43 sp=0x00000007a1cf9ba0 mode 0
Event: 2839.158 Thread 0x0000016c5db0a040 DEOPT PACKING pc=0x0000016c419b708c sp=0x00000007a1cfa980
Event: 2839.158 Thread 0x0000016c5db0a040 DEOPT UNPACKING pc=0x0000016c40e62b43 sp=0x00000007a1cf9e00 mode 0
Event: 2839.161 Thread 0x0000016c5db0a040 DEOPT PACKING pc=0x0000016c422ea77f sp=0x00000007a1cfadf0
Event: 2839.175 Thread 0x0000016c5db0a040 DEOPT UNPACKING pc=0x0000016c40e62b43 sp=0x00000007a1cfa270 mode 0
Event: 2839.175 Thread 0x0000016c5db0a040 DEOPT PACKING pc=0x0000016c422e9fe6 sp=0x00000007a1cface0
Event: 2839.175 Thread 0x0000016c5db0a040 DEOPT UNPACKING pc=0x0000016c40e62b43 sp=0x00000007a1cfa160 mode 0
Event: 2841.483 Thread 0x0000016c5db0a040 Uncommon trap: trap_request=0xffffffc6 fr.pc=0x0000016c49127744 relative=0x0000000000000884
Event: 2841.484 Thread 0x0000016c5db0a040 Uncommon trap: reason=bimorphic_or_optimized_type_check action=maybe_recompile pc=0x0000016c49127744 method=com.google.common.collect.AbstractMultimap.keySet()Ljava/util/Set; @ 11 c2
Event: 2841.484 Thread 0x0000016c5db0a040 DEOPT PACKING pc=0x0000016c49127744 sp=0x00000007a1cf6d60
Event: 2841.484 Thread 0x0000016c5db0a040 DEOPT UNPACKING pc=0x0000016c40e623a3 sp=0x00000007a1cf6d20 mode 2
Event: 2841.567 Thread 0x0000016c5db0a040 DEOPT PACKING pc=0x0000016c41acd331 sp=0x00000007a1cf9940
Event: 2841.568 Thread 0x0000016c5db0a040 DEOPT UNPACKING pc=0x0000016c40e62b43 sp=0x00000007a1cf8e30 mode 0

Classes unloaded (0 events):
No events

Classes redefined (0 events):
No events

Internal exceptions (20 events):
Event: 120.220 Thread 0x0000016c5b0fa980 Exception <a 'java/lang/NoClassDefFoundError'{0x00000000b1d040a0}: org/jetbrains/kotlin/gradle/plugin/KotlinBasePluginWrapper> (0x00000000b1d040a0) 
thrown [t:\workspace\open\src\hotspot\share\oops\constantPool.cpp, line 835]
Event: 120.284 Thread 0x0000016c5b0fa980 Exception <a 'sun/nio/fs/WindowsException'{0x00000000b162d898}> (0x00000000b162d898) 
thrown [t:\workspace\open\src\hotspot\share\prims\jni.cpp, line 516]
Event: 120.284 Thread 0x0000016c5b0fa980 Exception <a 'sun/nio/fs/WindowsException'{0x00000000b162dbe0}> (0x00000000b162dbe0) 
thrown [t:\workspace\open\src\hotspot\share\prims\jni.cpp, line 516]
Event: 120.289 Thread 0x0000016c5db0ded0 Exception <a 'sun/nio/fs/WindowsException'{0x00000000b16815d0}> (0x00000000b16815d0) 
thrown [t:\workspace\open\src\hotspot\share\prims\jni.cpp, line 516]
Event: 120.292 Thread 0x0000016c5db0ded0 Exception <a 'sun/nio/fs/WindowsException'{0x00000000b1681858}> (0x00000000b1681858) 
thrown [t:\workspace\open\src\hotspot\share\prims\jni.cpp, line 516]
Event: 2838.920 Thread 0x0000016c5db0a040 Exception <a 'java/lang/NoSuchMethodError'{0x00000000b2e44d30}: static Lorg/gradle/tooling/internal/consumer/connection/InternalPhasedActionAdapter;.<clinit>()V> (0x00000000b2e44d30) 
thrown [t:\workspace\open\src\hotspot\share\prims\jni.cpp, line 1107]
Event: 2839.128 Thread 0x0000016c5db0a040 Exception <a 'java/lang/NoSuchMethodError'{0x00000000b2e69cd8}: static Lorg/gradle/tooling/internal/consumer/connection/InternalBuildActionAdapter;.<clinit>()V> (0x00000000b2e69cd8) 
thrown [t:\workspace\open\src\hotspot\share\prims\jni.cpp, line 1107]
Event: 2840.093 Thread 0x0000016c5db0a040 Exception <a 'java/lang/NoSuchMethodError'{0x00000000b2dd3e10}: static Lorg/gradle/tooling/internal/consumer/versioning/VersionDetails;.<clinit>()V> (0x00000000b2dd3e10) 
thrown [t:\workspace\open\src\hotspot\share\prims\jni.cpp, line 1107]
Event: 2840.102 Thread 0x0000016c5db0a040 Exception <a 'java/lang/NoSuchMethodError'{0x00000000b2dd6800}: static Lorg/gradle/tooling/internal/consumer/versioning/VersionDetails$R26VersionDetails;.<clinit>()V> (0x00000000b2dd6800) 
thrown [t:\workspace\open\src\hotspot\share\prims\jni.cpp, line 1107]
Event: 2840.103 Thread 0x0000016c5db0a040 Exception <a 'java/lang/NoSuchMethodError'{0x00000000b2dd7da8}: static Lorg/gradle/tooling/internal/consumer/versioning/VersionDetails$R28VersionDetails;.<clinit>()V> (0x00000000b2dd7da8) 
thrown [t:\workspace\open\src\hotspot\share\prims\jni.cpp, line 1107]
Event: 2840.104 Thread 0x0000016c5db0a040 Exception <a 'java/lang/NoSuchMethodError'{0x00000000b2dd92e0}: static Lorg/gradle/tooling/internal/consumer/versioning/VersionDetails$R35VersionDetails;.<clinit>()V> (0x00000000b2dd92e0) 
thrown [t:\workspace\open\src\hotspot\share\prims\jni.cpp, line 1107]
Event: 2840.105 Thread 0x0000016c5db0a040 Exception <a 'java/lang/NoSuchMethodError'{0x00000000b2dda9e0}: static Lorg/gradle/tooling/internal/consumer/versioning/VersionDetails$R44VersionDetails;.<clinit>()V> (0x00000000b2dda9e0) 
thrown [t:\workspace\open\src\hotspot\share\prims\jni.cpp, line 1107]
Event: 2840.106 Thread 0x0000016c5db0a040 Exception <a 'java/lang/NoSuchMethodError'{0x00000000b2ddc018}: static Lorg/gradle/tooling/internal/consumer/versioning/VersionDetails$R48VersionDetails;.<clinit>()V> (0x00000000b2ddc018) 
thrown [t:\workspace\open\src\hotspot\share\prims\jni.cpp, line 1107]
Event: 2840.109 Thread 0x0000016c5db0a040 Exception <a 'java/lang/NoSuchMethodError'{0x00000000b2ddd248}: static Lorg/gradle/tooling/internal/consumer/versioning/VersionDetails$R51VersionDetails;.<clinit>()V> (0x00000000b2ddd248) 
thrown [t:\workspace\open\src\hotspot\share\prims\jni.cpp, line 1107]
Event: 2840.148 Thread 0x0000016c5db0a040 Exception <a 'java/lang/NoSuchMethodError'{0x00000000b2dedb10}: static [Lorg/gradle/tooling/BuildAction;.<clinit>()V> (0x00000000b2dedb10) 
thrown [t:\workspace\open\src\hotspot\share\prims\jni.cpp, line 1107]
Event: 2840.158 Thread 0x0000016c5db0a040 Exception <a 'java/lang/NoSuchMethodError'{0x00000000b2dfdf78}: static Lorg/eclipse/buildship/core/internal/workspace/TellGradleToRunSynchronizationTasks;.<clinit>()V> (0x00000000b2dfdf78) 
thrown [t:\workspace\open\src\hotspot\share\prims\jni.cpp, line 1107]
Event: 2841.006 Thread 0x0000016c5db0a040 Exception <a 'sun/nio/fs/WindowsException'{0x00000000b2b89d10}> (0x00000000b2b89d10) 
thrown [t:\workspace\open\src\hotspot\share\prims\jni.cpp, line 516]
Event: 2841.013 Thread 0x0000016c5db0a040 Exception <a 'sun/nio/fs/WindowsException'{0x00000000b2b8b530}> (0x00000000b2b8b530) 
thrown [t:\workspace\open\src\hotspot\share\prims\jni.cpp, line 516]
Event: 2841.015 Thread 0x0000016c5db0a040 Exception <a 'sun/nio/fs/WindowsException'{0x00000000b2b8cd50}> (0x00000000b2b8cd50) 
thrown [t:\workspace\open\src\hotspot\share\prims\jni.cpp, line 516]
Event: 2841.016 Thread 0x0000016c5db0a040 Exception <a 'sun/nio/fs/WindowsException'{0x00000000b2b8e160}> (0x00000000b2b8e160) 
thrown [t:\workspace\open\src\hotspot\share\prims\jni.cpp, line 516]

VM Operations (20 events):
Event: 2613.428 Executing VM operation: Cleanup done
Event: 2644.620 Executing VM operation: Cleanup
Event: 2644.620 Executing VM operation: Cleanup done
Event: 2683.858 Executing VM operation: Cleanup
Event: 2683.858 Executing VM operation: Cleanup done
Event: 2704.008 Executing VM operation: Cleanup
Event: 2704.008 Executing VM operation: Cleanup done
Event: 2836.963 Executing VM operation: Cleanup
Event: 2836.964 Executing VM operation: Cleanup done
Event: 2837.965 Executing VM operation: Cleanup
Event: 2837.966 Executing VM operation: Cleanup done
Event: 2838.469 Executing VM operation: G1CollectForAllocation
Event: 2838.579 Executing VM operation: G1CollectForAllocation done
Event: 2839.579 Executing VM operation: Cleanup
Event: 2839.617 Executing VM operation: Cleanup done
Event: 2840.626 Executing VM operation: Cleanup
Event: 2840.626 Executing VM operation: Cleanup done
Event: 2841.635 Executing VM operation: Cleanup
Event: 2841.636 Executing VM operation: Cleanup done
Event: 2842.649 Executing VM operation: Cleanup

Events (20 events):
Event: 2837.007 Thread 0x0000016c5db0a510 Thread added: 0x0000016c5db0a510
Event: 2837.014 Thread 0x0000016c5db0a9e0 Thread added: 0x0000016c5db0a9e0
Event: 2837.639 Thread 0x0000016c5db0aeb0 Thread added: 0x0000016c5db0aeb0
Event: 2837.691 Thread 0x0000016c5db08360 Thread added: 0x0000016c5db08360
Event: 2838.808 Thread 0x0000016c5d50f6b0 Thread added: 0x0000016c5d50f6b0
Event: 2839.062 Thread 0x0000016c5d50f6b0 Thread exited: 0x0000016c5d50f6b0
Event: 2840.783 Thread 0x0000016c5db074f0 Thread added: 0x0000016c5db074f0
Event: 2841.144 Thread 0x0000016c5db08d00 Thread added: 0x0000016c5db08d00
Event: 2841.180 Thread 0x0000016c5db0cb90 Thread added: 0x0000016c5db0cb90
Event: 2841.768 Thread 0x0000016c5d511f30 Thread added: 0x0000016c5d511f30
Event: 2841.948 Thread 0x0000016c5d512e60 Thread added: 0x0000016c5d512e60
Event: 2842.134 Thread 0x0000016c5d512e60 Thread exited: 0x0000016c5d512e60
Event: 2842.257 Thread 0x0000016c5db0d060 Thread added: 0x0000016c5db0d060
Event: 2842.257 Thread 0x0000016c5db0da00 Thread added: 0x0000016c5db0da00
Event: 2842.258 Thread 0x0000016c5db0ded0 Thread added: 0x0000016c5db0ded0
Event: 2842.259 Thread 0x0000016c5db0b380 Thread added: 0x0000016c5db0b380
Event: 2842.260 Thread 0x0000016c5db0d530 Thread added: 0x0000016c5db0d530
Event: 2842.260 Thread 0x0000016c5db0b850 Thread added: 0x0000016c5db0b850
Event: 2842.261 Thread 0x0000016c5db0bd20 Thread added: 0x0000016c5db0bd20
Event: 2843.432 Thread 0x0000016c5db0c1f0 Thread added: 0x0000016c5db0c1f0


Dynamic libraries:
0x00007ff6686c0000 - 0x00007ff6686d0000 	C:\Program Files\Java\jdk-17\bin\java.exe
0x00007fff07dc0000 - 0x00007fff08027000 	C:\WINDOWS\SYSTEM32\ntdll.dll
0x00007fff066b0000 - 0x00007fff06779000 	C:\WINDOWS\System32\KERNEL32.DLL
0x00007fff04aa0000 - 0x00007fff04e91000 	C:\WINDOWS\System32\KERNELBASE.dll
0x00007fff04730000 - 0x00007fff0487b000 	C:\WINDOWS\System32\ucrtbase.dll
0x00007ffef13a0000 - 0x00007ffef13ba000 	C:\Program Files\Java\jdk-17\bin\VCRUNTIME140.dll
0x00007ffef14f0000 - 0x00007ffef1508000 	C:\Program Files\Java\jdk-17\bin\jli.dll
0x00007fff07700000 - 0x00007fff077bb000 	C:\WINDOWS\System32\ADVAPI32.dll
0x00007fff06e50000 - 0x00007fff06ef9000 	C:\WINDOWS\System32\msvcrt.dll
0x00007fff07cb0000 - 0x00007fff07d57000 	C:\WINDOWS\System32\sechost.dll
0x00007fff06000000 - 0x00007fff06118000 	C:\WINDOWS\System32\RPCRT4.dll
0x00007fff06120000 - 0x00007fff062e5000 	C:\WINDOWS\System32\USER32.dll
0x00007ffeeaa70000 - 0x00007ffeead03000 	C:\WINDOWS\WinSxS\amd64_microsoft.windows.common-controls_6595b64144ccf1df_6.0.26100.8037_none_3e092faae333b53b\COMCTL32.dll
0x00007fff05b30000 - 0x00007fff05b57000 	C:\WINDOWS\System32\win32u.dll
0x00007fff05f10000 - 0x00007fff05f3b000 	C:\WINDOWS\System32\GDI32.dll
0x00007fff050e0000 - 0x00007fff0520b000 	C:\WINDOWS\System32\gdi32full.dll
0x00007fff024f0000 - 0x00007fff024fb000 	C:\WINDOWS\SYSTEM32\VERSION.dll
0x00007fff049f0000 - 0x00007fff04a93000 	C:\WINDOWS\System32\msvcp_win.dll
0x00007fff06db0000 - 0x00007fff06de1000 	C:\WINDOWS\System32\IMM32.DLL
0x00007ffef17c0000 - 0x00007ffef17cc000 	C:\Program Files\Java\jdk-17\bin\vcruntime140_1.dll
0x00007ffec2c00000 - 0x00007ffec2c8d000 	C:\Program Files\Java\jdk-17\bin\msvcp140.dll
0x00007ffe00460000 - 0x00007ffe0101e000 	C:\Program Files\Java\jdk-17\bin\server\jvm.dll
0x00007fff05f70000 - 0x00007fff05f78000 	C:\WINDOWS\System32\PSAPI.DLL
0x00007ffeead60000 - 0x00007ffeead95000 	C:\WINDOWS\SYSTEM32\WINMM.dll
0x00007ffef1870000 - 0x00007ffef187a000 	C:\WINDOWS\SYSTEM32\WSOCK32.dll
0x00007fff06630000 - 0x00007fff066a4000 	C:\WINDOWS\System32\WS2_32.dll
0x00007fff033f0000 - 0x00007fff0340b000 	C:\WINDOWS\SYSTEM32\kernel.appcore.dll
0x00007ffef0e00000 - 0x00007ffef0e0a000 	C:\Program Files\Java\jdk-17\bin\jimage.dll
0x00007fff020b0000 - 0x00007fff022f2000 	C:\WINDOWS\SYSTEM32\DBGHELP.DLL
0x00007fff05b60000 - 0x00007fff05ee2000 	C:\WINDOWS\System32\combase.dll
0x00007fff062f0000 - 0x00007fff063c7000 	C:\WINDOWS\System32\OLEAUT32.dll
0x00007ffee80f0000 - 0x00007ffee812b000 	C:\WINDOWS\SYSTEM32\dbgcore.DLL
0x00007fff05a80000 - 0x00007fff05b25000 	C:\WINDOWS\System32\bcryptPrimitives.dll
0x00007ffee9080000 - 0x00007ffee908e000 	C:\Program Files\Java\jdk-17\bin\instrument.dll
0x00007ffed9fd0000 - 0x00007ffed9ff5000 	C:\Program Files\Java\jdk-17\bin\java.dll
0x00007ffe7ca10000 - 0x00007ffe7cae6000 	C:\Program Files\Java\jdk-17\bin\svml.dll
0x00007fff06f90000 - 0x00007fff076ef000 	C:\WINDOWS\System32\SHELL32.dll
0x00007fff04880000 - 0x00007fff049ea000 	C:\WINDOWS\System32\wintypes.dll
0x00007fff05210000 - 0x00007fff05a74000 	C:\WINDOWS\System32\windows.storage.dll
0x00007fff06530000 - 0x00007fff06627000 	C:\WINDOWS\System32\SHCORE.dll
0x00007fff077c0000 - 0x00007fff07827000 	C:\WINDOWS\System32\shlwapi.dll
0x00007fff045c0000 - 0x00007fff045e9000 	C:\WINDOWS\SYSTEM32\profapi.dll
0x00007ffee7080000 - 0x00007ffee7098000 	C:\Program Files\Java\jdk-17\bin\zip.dll
0x00007ffee3830000 - 0x00007ffee3849000 	C:\Program Files\Java\jdk-17\bin\net.dll
0x00007ffef4cc0000 - 0x00007ffef4de7000 	C:\WINDOWS\SYSTEM32\WINHTTP.dll
0x00007fff03940000 - 0x00007fff039ab000 	C:\WINDOWS\system32\mswsock.dll
0x00007ffee2a00000 - 0x00007ffee2a15000 	C:\Program Files\Java\jdk-17\bin\nio.dll
0x00007ffee8e60000 - 0x00007ffee8e70000 	C:\Program Files\Java\jdk-17\bin\verify.dll
0x00007ffeda000000 - 0x00007ffeda027000 	C:\Users\Ramana\.gradle\native\1def1411415f61bf3af743bc5b6707747c0891f09f0c88961ee8f79bc544acac\windows-amd64\native-platform.dll
0x00007ffe984a0000 - 0x00007ffe98518000 	C:\Users\Ramana\.gradle\native\0.2.7\x86_64-windows-gnu\gradle-fileevents.dll
0x00007ffee7120000 - 0x00007ffee7129000 	C:\Program Files\Java\jdk-17\bin\management.dll
0x00007ffee7030000 - 0x00007ffee703b000 	C:\Program Files\Java\jdk-17\bin\management_ext.dll
0x00007fff02d00000 - 0x00007fff02d33000 	C:\WINDOWS\SYSTEM32\IPHLPAPI.DLL
0x00007fff07830000 - 0x00007fff0783a000 	C:\WINDOWS\System32\NSI.dll
0x00007ffef2ba0000 - 0x00007ffef2bbd000 	C:\WINDOWS\SYSTEM32\dhcpcsvc6.DLL
0x00007ffef2b70000 - 0x00007ffef2b93000 	C:\WINDOWS\SYSTEM32\dhcpcsvc.DLL
0x00007fff02e70000 - 0x00007fff02f9a000 	C:\WINDOWS\SYSTEM32\DNSAPI.dll
0x00007fff03d40000 - 0x00007fff03d5b000 	C:\WINDOWS\SYSTEM32\CRYPTSP.dll
0x00007fff03350000 - 0x00007fff03389000 	C:\WINDOWS\system32\rsaenh.dll
0x00007fff039f0000 - 0x00007fff03a22000 	C:\WINDOWS\SYSTEM32\USERENV.dll
0x00007fff04590000 - 0x00007fff045ba000 	C:\WINDOWS\SYSTEM32\bcrypt.dll
0x00007fff03d20000 - 0x00007fff03d2c000 	C:\WINDOWS\SYSTEM32\CRYPTBASE.dll
0x00007ffee6e00000 - 0x00007ffee6e0e000 	C:\Program Files\Java\jdk-17\bin\sunmscapi.dll
0x00007fff04ea0000 - 0x00007fff05017000 	C:\WINDOWS\System32\CRYPT32.dll
0x00007fff03ea0000 - 0x00007fff03ed0000 	C:\WINDOWS\SYSTEM32\ncrypt.dll
0x00007fff03e50000 - 0x00007fff03e8f000 	C:\WINDOWS\SYSTEM32\NTASN1.dll
0x00007ffec3110000 - 0x00007ffec3118000 	C:\WINDOWS\system32\wshunix.dll
0x00007fff03510000 - 0x00007fff03546000 	C:\WINDOWS\SYSTEM32\ntmarta.dll

dbghelp: loaded successfully - version: 4.0.5 - missing functions: none
symbol engine: initialized successfully - sym options: 0x614 - pdb path: .;C:\Program Files\Java\jdk-17\bin;C:\WINDOWS\SYSTEM32;C:\WINDOWS\WinSxS\amd64_microsoft.windows.common-controls_6595b64144ccf1df_6.0.26100.8037_none_3e092faae333b53b;C:\Program Files\Java\jdk-17\bin\server;C:\Users\Ramana\.gradle\native\1def1411415f61bf3af743bc5b6707747c0891f09f0c88961ee8f79bc544acac\windows-amd64;C:\Users\Ramana\.gradle\native\0.2.7\x86_64-windows-gnu

VM Arguments:
jvm_args: --add-opens=java.base/java.lang=ALL-UNNAMED --add-opens=java.base/java.lang.invoke=ALL-UNNAMED --add-opens=java.base/java.util=ALL-UNNAMED --add-opens=java.prefs/java.util.prefs=ALL-UNNAMED --add-exports=jdk.compiler/com.sun.tools.javac.api=ALL-UNNAMED --add-exports=jdk.compiler/com.sun.tools.javac.util=ALL-UNNAMED --add-opens=java.base/java.util=ALL-UNNAMED --add-opens=java.prefs/java.util.prefs=ALL-UNNAMED --add-opens=java.base/java.nio.charset=ALL-UNNAMED --add-opens=java.base/java.net=ALL-UNNAMED --add-opens=java.base/java.util.concurrent.atomic=ALL-UNNAMED --add-opens=java.xml/javax.xml.namespace=ALL-UNNAMED -Xmx1536m -Dfile.encoding=UTF-8 -Duser.country=IN -Duser.language=en -Duser.variant -javaagent:C:\Users\Ramana\.gradle\wrapper\dists\gradle-8.14.3-all\10utluxaxniiv4wxiphsi49nj\gradle-8.14.3\lib\agents\gradle-instrumentation-agent-8.14.3.jar 
java_command: org.gradle.launcher.daemon.bootstrap.GradleDaemon 8.14.3
java_class_path (initial): C:\Users\Ramana\.gradle\wrapper\dists\gradle-8.14.3-all\10utluxaxniiv4wxiphsi49nj\gradle-8.14.3\lib\gradle-daemon-main-8.14.3.jar
Launcher Type: SUN_STANDARD

[Global flags]
     intx CICompilerCount                          = 4                                         {product} {ergonomic}
     uint ConcGCThreads                            = 2                                         {product} {ergonomic}
     uint G1ConcRefinementThreads                  = 8                                         {product} {ergonomic}
   size_t G1HeapRegionSize                         = 1048576                                   {product} {ergonomic}
    uintx GCDrainStackTargetSize                   = 64                                        {product} {ergonomic}
   size_t InitialHeapSize                          = 266338304                                 {product} {ergonomic}
   size_t MarkStackSize                            = 4194304                                   {product} {ergonomic}
   size_t MaxHeapSize                              = 1610612736                                {product} {command line}
   size_t MaxNewSize                               = 965738496                                 {product} {ergonomic}
   size_t MinHeapDeltaBytes                        = 1048576                                   {product} {ergonomic}
   size_t MinHeapSize                              = 8388608                                   {product} {ergonomic}
    uintx NonNMethodCodeHeapSize                   = 5839372                                {pd product} {ergonomic}
    uintx NonProfiledCodeHeapSize                  = 122909434                              {pd product} {ergonomic}
    uintx ProfiledCodeHeapSize                     = 122909434                              {pd product} {ergonomic}
    uintx ReservedCodeCacheSize                    = 251658240                              {pd product} {ergonomic}
     bool SegmentedCodeCache                       = true                                      {product} {ergonomic}
   size_t SoftMaxHeapSize                          = 1610612736                             {manageable} {ergonomic}
     bool UseCompressedClassPointers               = true                           {product lp64_product} {ergonomic}
     bool UseCompressedOops                        = true                           {product lp64_product} {ergonomic}
     bool UseG1GC                                  = true                                      {product} {ergonomic}
     bool UseLargePagesIndividualAllocation        = false                                  {pd product} {ergonomic}

Logging:
Log output configuration:
 #0: stdout all=warning uptime,level,tags
 #1: stderr all=off uptime,level,tags

Environment Variables:
PATH=C:\Program Files\Common Files\Oracle\Java\javapath;C:\WINDOWS\system32;C:\WINDOWS;C:\WINDOWS\System32\Wbem;C:\WINDOWS\System32\WindowsPowerShell\v1.0\;C:\WINDOWS\System32\OpenSSH\;C:\Program Files\Git\cmd;C:\Users\Ramana\AppData\Roaming\Python\Python313;C:\Users\Ramana\AppData\Local\Programs\Python\Python313\python.exe;C:\Program Files (x86)\cloudflared\;C:\Program Files\nodejs\;C:\Users\Ramana\AppData\Local\Programs\Python\Launcher\;C:\Program Files\MySQL\MySQL Shell 8.0\bin\;C:\Users\Ramana\AppData\Local\Microsoft\WindowsApps;C:\Users\Ramana\AppData\Local\Microsoft\WindowsApps\python.exe;C:\Users\Ramana\AppData\Local\Microsoft\WindowsApps\python3.exe;C:\Users\Ramana\AppData\Local\Programs\Python\Python313\Scripts\;C:\Users\Ramana\AppData\Local\Programs\Python\Python313;C:\Users\Ramana\AppData\Local\Android\Sdk\platform-tools;C:\Users\Ramana\AppData\Local\PowerToys\DSCModules\;C:\Users\Ramana\AppData\Local\Programs\Antigravity\bin;C:\Users\Ramana\AppData\Local\Pandoc\;C:\Users\Ramana\AppData\Local\Programs\Microsoft VS Code\bin;C:\Users\Ramana\AppData\Roaming\npm
USERNAME=Ramana
OS=Windows_NT
PROCESSOR_IDENTIFIER=Intel64 Family 6 Model 142 Stepping 12, GenuineIntel



---------------  S Y S T E M  ---------------

OS:
 Windows 10 , 64 bit Build 26100 (10.0.26100.7920)
OS uptime: 20 days 3:55 hours
Hyper-V role detected

CPU: total 8 (initial active 8) (4 cores per cpu, 2 threads per core) family 6 model 142 stepping 12 microcode 0x100, cx8, cmov, fxsr, ht, mmx, 3dnowpref, sse, sse2, sse3, ssse3, sse4.1, sse4.2, popcnt, lzcnt, tsc, tscinvbit, avx, avx2, aes, erms, clmul, bmi1, bmi2, adx, fma, vzeroupper, clflush, clflushopt, hv

Memory: 4k page, system-wide physical 16141M (661M free)
TotalPageFile size 36434M (AvailPageFile size 0M)
current process WorkingSet (physical memory assigned to process): 224M, peak: 622M
current process commit charge ("private bytes"): 660M, peak: 670M

vm_info: Java HotSpot(TM) 64-Bit Server VM (17+35-LTS-2724) for windows-amd64 JRE (17+35-LTS-2724), built on Aug  5 2021 23:28:28 by "mach5one" with MS VC++ 16.8 (VS2019)

END.
