#
# There is insufficient memory for the Java Runtime Environment to continue.
# Native memory allocation (mmap) failed to map 62914560 bytes for G1 virtual space
# Possible reasons:
#   The system is out of physical RAM or swap space
#   The process is running with CompressedOops enabled, and the Java Heap may be blocking the growth of the native heap
# Possible solutions:
#   Reduce memory load on the system
#   Increase physical memory or swap space
#   Check if swap backing store is full
#   Decrease Java heap size (-Xmx/-Xms)
#   Decrease number of Java threads
#   Decrease Java thread stack sizes (-Xss)
#   Set larger code cache with -XX:ReservedCodeCacheSize=
#   JVM is running with Unscaled Compressed Oops mode in which the Java heap is
#     placed in the first 4GB address space. The Java Heap base address is the
#     maximum limit for the native heap growth. Please use -XX:HeapBaseMinAddress
#     to set the Java Heap base and to place the Java Heap above 4GB virtual address.
# This output file may be truncated or incomplete.
#
#  Out of Memory Error (os_windows.cpp:3469), pid=18808, tid=996
#
# JRE version: Java(TM) SE Runtime Environment (17.0+35) (build 17+35-LTS-2724)
# Java VM: Java HotSpot(TM) 64-Bit Server VM (17+35-LTS-2724, mixed mode, sharing, tiered, compressed oops, compressed class ptrs, g1 gc, windows-amd64)
# No core dump will be written. Minidumps are not enabled by default on client versions of Windows
#

---------------  S U M M A R Y ------------

Command Line: --add-opens=java.base/java.lang=ALL-UNNAMED --add-opens=java.base/java.lang.invoke=ALL-UNNAMED --add-opens=java.base/java.util=ALL-UNNAMED --add-opens=java.prefs/java.util.prefs=ALL-UNNAMED --add-exports=jdk.compiler/com.sun.tools.javac.api=ALL-UNNAMED --add-exports=jdk.compiler/com.sun.tools.javac.util=ALL-UNNAMED --add-opens=java.base/java.util=ALL-UNNAMED --add-opens=java.prefs/java.util.prefs=ALL-UNNAMED --add-opens=java.base/java.nio.charset=ALL-UNNAMED --add-opens=java.base/java.net=ALL-UNNAMED --add-opens=java.base/java.util.concurrent.atomic=ALL-UNNAMED --add-opens=java.xml/javax.xml.namespace=ALL-UNNAMED -Xmx1536m -Dfile.encoding=UTF-8 -Duser.country=IN -Duser.language=en -Duser.variant -javaagent:C:\Users\Ramana\.gradle\wrapper\dists\gradle-8.14.3-all\10utluxaxniiv4wxiphsi49nj\gradle-8.14.3\lib\agents\gradle-instrumentation-agent-8.14.3.jar org.gradle.launcher.daemon.bootstrap.GradleDaemon 8.14.3

Host: Intel(R) Core(TM) i5-10310U CPU @ 1.70GHz, 8 cores, 15G,  Windows 10 , 64 bit Build 26100 (10.0.26100.7920)
Time: Fri Apr  3 19:41:40 2026 India Standard Time elapsed time: 40.375446 seconds (0d 0h 0m 40s)

---------------  T H R E A D  ---------------

Current thread (0x00000240188caed0):  VMThread "VM Thread" [stack: 0x000000a356100000,0x000000a356200000] [id=996]

Stack: [0x000000a356100000,0x000000a356200000]
Native frames: (J=compiled Java code, j=interpreted, Vv=VM code, C=native code)
V  [jvm.dll+0x66f8ea]
V  [jvm.dll+0x7ce224]
V  [jvm.dll+0x7cf9ce]
V  [jvm.dll+0x7d0033]
V  [jvm.dll+0x242bb5]
V  [jvm.dll+0x66c909]
V  [jvm.dll+0x6613d2]
V  [jvm.dll+0x30082b]
V  [jvm.dll+0x307db6]
V  [jvm.dll+0x357a0e]
V  [jvm.dll+0x357c3f]
V  [jvm.dll+0x2d7ae8]
V  [jvm.dll+0x2d5db4]
V  [jvm.dll+0x2d53bc]
V  [jvm.dll+0x318d1b]
V  [jvm.dll+0x7d44cb]
V  [jvm.dll+0x7d5204]
V  [jvm.dll+0x7d571c]
V  [jvm.dll+0x7d5af4]
V  [jvm.dll+0x7d5bc0]
V  [jvm.dll+0x77e7ea]
V  [jvm.dll+0x66e715]
C  [ucrtbase.dll+0x37b0]
C  [KERNEL32.DLL+0x2e8d7]
C  [ntdll.dll+0x8c48c]

VM_Operation (0x000000a3579f2090): G1CollectForAllocation, mode: safepoint, requested by thread 0x00000240188ee430


---------------  P R O C E S S  ---------------

Threads class SMR info:
_java_thread_list=0x000002401b459230, length=64, elements={
0x000002407b9b31d0, 0x00000240188d0830, 0x00000240188d1e60, 0x00000240188e6b50,
0x00000240188e9f90, 0x00000240188ec750, 0x00000240188eb8e0, 0x00000240188efee0,
0x00000240188f3280, 0x00000240188f6ea0, 0x00000240188ed0f0, 0x00000240188edf60,
0x00000240188ee900, 0x00000240188ec280, 0x00000240188eedd0, 0x00000240188eda90,
0x00000240188ecc20, 0x00000240188ed5c0, 0x00000240188ee430, 0x00000240188eb410,
0x000002401ad56500, 0x000002401ad57370, 0x000002401ad586b0, 0x000002401ad55690,
0x000002401ad58b80, 0x000002401ad57840, 0x000002401ad57d10, 0x000002401ad581e0,
0x000002401ad569d0, 0x000002401ad59050, 0x000002401ad59520, 0x000002401ad56ea0,
0x000002401ad599f0, 0x000002401ad5a860, 0x000002401ad5c070, 0x000002401ad59ec0,
0x000002401ad5ca10, 0x000002401ad5b200, 0x000002401ad5ad30, 0x000002401ad5a390,
0x000002401ad5bba0, 0x000002401ad5c540, 0x00000240188ebdb0, 0x000002401ec48210,
0x000002401ec47d40, 0x000002401ec486e0, 0x000002401ec48bb0, 0x000002401ec49080,
0x000002401ec473a0, 0x000002401ec49550, 0x000002401ec49a20, 0x000002401ec46060,
0x000002401ec49ef0, 0x000002401ec47870, 0x000002401ec46530, 0x000002401ec4a3c0,
0x000002401ec46a00, 0x000002401ec4a890, 0x000002401ec46ed0, 0x000002401ec4ad60,
0x000002401ec4b700, 0x000002401ec4b230, 0x000002401deeba60, 0x000002401ec4cf10
}

Java Threads: ( => current thread )
  0x000002407b9b31d0 JavaThread "main" [_thread_blocked, id=16012, stack(0x000000a355b00000,0x000000a355c00000)]
  0x00000240188d0830 JavaThread "Reference Handler" daemon [_thread_blocked, id=1404, stack(0x000000a356200000,0x000000a356300000)]
  0x00000240188d1e60 JavaThread "Finalizer" daemon [_thread_blocked, id=37820, stack(0x000000a356300000,0x000000a356400000)]
  0x00000240188e6b50 JavaThread "Signal Dispatcher" daemon [_thread_blocked, id=39040, stack(0x000000a356400000,0x000000a356500000)]
  0x00000240188e9f90 JavaThread "Attach Listener" daemon [_thread_blocked, id=32000, stack(0x000000a356500000,0x000000a356600000)]
  0x00000240188ec750 JavaThread "Service Thread" daemon [_thread_blocked, id=41784, stack(0x000000a356600000,0x000000a356700000)]
  0x00000240188eb8e0 JavaThread "Monitor Deflation Thread" daemon [_thread_blocked, id=38812, stack(0x000000a356700000,0x000000a356800000)]
  0x00000240188efee0 JavaThread "C2 CompilerThread0" daemon [_thread_blocked, id=10876, stack(0x000000a356800000,0x000000a356900000)]
  0x00000240188f3280 JavaThread "C1 CompilerThread0" daemon [_thread_blocked, id=17876, stack(0x000000a356900000,0x000000a356a00000)]
  0x00000240188f6ea0 JavaThread "Sweeper thread" daemon [_thread_blocked, id=26676, stack(0x000000a356a00000,0x000000a356b00000)]
  0x00000240188ed0f0 JavaThread "Common-Cleaner" daemon [_thread_blocked, id=27304, stack(0x000000a356b00000,0x000000a356c00000)]
  0x00000240188edf60 JavaThread "Notification Thread" daemon [_thread_blocked, id=42004, stack(0x000000a356c00000,0x000000a356d00000)]
  0x00000240188ee900 JavaThread "Daemon health stats" [_thread_blocked, id=24124, stack(0x000000a356e00000,0x000000a356f00000)]
  0x00000240188ec280 JavaThread "Incoming local TCP Connector on port 61064" [_thread_in_native, id=28020, stack(0x000000a356f00000,0x000000a357000000)]
  0x00000240188eedd0 JavaThread "Daemon periodic checks" [_thread_blocked, id=24092, stack(0x000000a357500000,0x000000a357600000)]
  0x00000240188eda90 JavaThread "Daemon" [_thread_blocked, id=32648, stack(0x000000a357600000,0x000000a357700000)]
  0x00000240188ecc20 JavaThread "Handler for socket connection from /127.0.0.1:61064 to /127.0.0.1:61066" [_thread_in_native, id=36024, stack(0x000000a357700000,0x000000a357800000)]
  0x00000240188ed5c0 JavaThread "Cancel handler" [_thread_blocked, id=41248, stack(0x000000a357800000,0x000000a357900000)]
  0x00000240188ee430 JavaThread "Daemon worker" [_thread_blocked, id=30888, stack(0x000000a357900000,0x000000a357a00000)]
  0x00000240188eb410 JavaThread "Asynchronous log dispatcher for DefaultDaemonConnection: socket connection from /127.0.0.1:61064 to /127.0.0.1:61066" [_thread_blocked, id=34260, stack(0x000000a357a00000,0x000000a357b00000)]
  0x000002401ad56500 JavaThread "Stdin handler" [_thread_blocked, id=25012, stack(0x000000a357b00000,0x000000a357c00000)]
  0x000002401ad57370 JavaThread "Daemon client event forwarder" [_thread_blocked, id=33704, stack(0x000000a357c00000,0x000000a357d00000)]
  0x000002401ad586b0 JavaThread "Cache worker for journal cache (C:\Users\Ramana\.gradle\caches\journal-1)" [_thread_blocked, id=33636, stack(0x000000a357d00000,0x000000a357e00000)]
  0x000002401ad55690 JavaThread "File lock request listener" [_thread_in_native, id=6192, stack(0x000000a357e00000,0x000000a357f00000)]
  0x000002401ad58b80 JavaThread "Cache worker for file hash cache (C:\Users\Ramana\.gradle\caches\8.14.3\fileHashes)" [_thread_blocked, id=42200, stack(0x000000a357f00000,0x000000a358000000)]
  0x000002401ad57840 JavaThread "Cache worker for file hash cache (E:\SPICA PRODUCTION\studio-main\studio-main\android\.gradle\8.14.3\fileHashes)" [_thread_blocked, id=30184, stack(0x000000a358300000,0x000000a358400000)]
  0x000002401ad57d10 JavaThread "Cache worker for Build Output Cleanup Cache (E:\SPICA PRODUCTION\studio-main\studio-main\android\.gradle\buildOutputCleanup)" [_thread_blocked, id=26012, stack(0x000000a358400000,0x000000a358500000)]
  0x000002401ad581e0 JavaThread "File watcher server" daemon [_thread_in_native, id=20536, stack(0x000000a358600000,0x000000a358700000)]
  0x000002401ad569d0 JavaThread "File watcher consumer" daemon [_thread_blocked, id=36072, stack(0x000000a358700000,0x000000a358800000)]
  0x000002401ad59050 JavaThread "jar transforms" [_thread_blocked, id=40416, stack(0x000000a358800000,0x000000a358900000)]
  0x000002401ad59520 JavaThread "jar transforms Thread 2" [_thread_blocked, id=30584, stack(0x000000a358a00000,0x000000a358b00000)]
  0x000002401ad56ea0 JavaThread "Cache worker for checksums cache (E:\SPICA PRODUCTION\studio-main\studio-main\android\.gradle\8.14.3\checksums)" [_thread_blocked, id=33924, stack(0x000000a358b00000,0x000000a358c00000)]
  0x000002401ad599f0 JavaThread "Cache worker for file content cache (C:\Users\Ramana\.gradle\caches\8.14.3\fileContent)" [_thread_blocked, id=15048, stack(0x000000a358c00000,0x000000a358d00000)]
  0x000002401ad5a860 JavaThread "jar transforms Thread 3" [_thread_blocked, id=4976, stack(0x000000a358900000,0x000000a358a00000)]
  0x000002401ad5c070 JavaThread "jar transforms Thread 4" [_thread_blocked, id=42948, stack(0x000000a358d00000,0x000000a358e00000)]
  0x000002401ad59ec0 JavaThread "jar transforms Thread 5" [_thread_blocked, id=39740, stack(0x000000a358e00000,0x000000a358f00000)]
  0x000002401ad5ca10 JavaThread "jar transforms Thread 6" [_thread_blocked, id=33388, stack(0x000000a358f00000,0x000000a359000000)]
  0x000002401ad5b200 JavaThread "Cache worker for cache directory md-supplier (C:\Users\Ramana\.gradle\caches\8.14.3\md-supplier)" [_thread_blocked, id=43520, stack(0x000000a359000000,0x000000a359100000)]
  0x000002401ad5ad30 JavaThread "Cache worker for cache directory md-rule (C:\Users\Ramana\.gradle\caches\8.14.3\md-rule)" [_thread_blocked, id=43688, stack(0x000000a359100000,0x000000a359200000)]
  0x000002401ad5a390 JavaThread "jar transforms Thread 7" [_thread_blocked, id=14428, stack(0x000000a359300000,0x000000a359400000)]
  0x000002401ad5bba0 JavaThread "Unconstrained build operations" [_thread_blocked, id=15284, stack(0x000000a358200000,0x000000a358300000)]
  0x000002401ad5c540 JavaThread "Unconstrained build operations Thread 2" [_thread_blocked, id=6992, stack(0x000000a359200000,0x000000a359300000)]
  0x00000240188ebdb0 JavaThread "Unconstrained build operations Thread 3" [_thread_blocked, id=22324, stack(0x000000a359400000,0x000000a359500000)]
  0x000002401ec48210 JavaThread "Unconstrained build operations Thread 4" [_thread_blocked, id=40792, stack(0x000000a359500000,0x000000a359600000)]
  0x000002401ec47d40 JavaThread "Unconstrained build operations Thread 5" [_thread_blocked, id=20552, stack(0x000000a359600000,0x000000a359700000)]
  0x000002401ec486e0 JavaThread "Unconstrained build operations Thread 6" [_thread_blocked, id=9404, stack(0x000000a359700000,0x000000a359800000)]
  0x000002401ec48bb0 JavaThread "Unconstrained build operations Thread 7" [_thread_blocked, id=11480, stack(0x000000a359800000,0x000000a359900000)]
  0x000002401ec49080 JavaThread "Unconstrained build operations Thread 8" [_thread_blocked, id=36100, stack(0x000000a359a00000,0x000000a359b00000)]
  0x000002401ec473a0 JavaThread "Unconstrained build operations Thread 9" [_thread_blocked, id=39344, stack(0x000000a359b00000,0x000000a359c00000)]
  0x000002401ec49550 JavaThread "Unconstrained build operations Thread 10" [_thread_blocked, id=1040, stack(0x000000a359c00000,0x000000a359d00000)]
  0x000002401ec49a20 JavaThread "Unconstrained build operations Thread 11" [_thread_blocked, id=7980, stack(0x000000a359d00000,0x000000a359e00000)]
  0x000002401ec46060 JavaThread "Unconstrained build operations Thread 12" [_thread_blocked, id=6824, stack(0x000000a359e00000,0x000000a359f00000)]
  0x000002401ec49ef0 JavaThread "Unconstrained build operations Thread 13" [_thread_blocked, id=40352, stack(0x000000a359f00000,0x000000a35a000000)]
  0x000002401ec47870 JavaThread "Unconstrained build operations Thread 14" [_thread_blocked, id=31388, stack(0x000000a35a000000,0x000000a35a100000)]
  0x000002401ec46530 JavaThread "Unconstrained build operations Thread 15" [_thread_blocked, id=30780, stack(0x000000a35a200000,0x000000a35a300000)]
  0x000002401ec4a3c0 JavaThread "Unconstrained build operations Thread 16" [_thread_blocked, id=41888, stack(0x000000a35a300000,0x000000a35a400000)]
  0x000002401ec46a00 JavaThread "Unconstrained build operations Thread 17" [_thread_blocked, id=30492, stack(0x000000a35a400000,0x000000a35a500000)]
  0x000002401ec4a890 JavaThread "Unconstrained build operations Thread 18" [_thread_blocked, id=30040, stack(0x000000a35a500000,0x000000a35a600000)]
  0x000002401ec46ed0 JavaThread "Unconstrained build operations Thread 19" [_thread_blocked, id=9200, stack(0x000000a35a600000,0x000000a35a700000)]
  0x000002401ec4ad60 JavaThread "Unconstrained build operations Thread 20" [_thread_blocked, id=39200, stack(0x000000a35a700000,0x000000a35a800000)]
  0x000002401ec4b700 JavaThread "Unconstrained build operations Thread 21" [_thread_blocked, id=27376, stack(0x000000a35a800000,0x000000a35a900000)]
  0x000002401ec4b230 JavaThread "jar transforms Thread 8" [_thread_blocked, id=43868, stack(0x000000a35a100000,0x000000a35a200000)]
  0x000002401deeba60 JavaThread "C2 CompilerThread1" daemon [_thread_blocked, id=43228, stack(0x000000a359900000,0x000000a359a00000)]
  0x000002401ec4cf10 JavaThread "Memory manager" [_thread_blocked, id=4468, stack(0x000000a35ab00000,0x000000a35ac00000)]

Other Threads:
=>0x00000240188caed0 VMThread "VM Thread" [stack: 0x000000a356100000,0x000000a356200000] [id=996]
  0x0000024019634cf0 WatcherThread [stack: 0x000000a356d00000,0x000000a356e00000] [id=10016]
  0x000002407b9ecb30 GCTaskThread "GC Thread#0" [stack: 0x000000a355c00000,0x000000a355d00000] [id=9996]
  0x00000240197e98d0 GCTaskThread "GC Thread#1" [stack: 0x000000a357000000,0x000000a357100000] [id=8424]
  0x0000024019bbe790 GCTaskThread "GC Thread#2" [stack: 0x000000a357100000,0x000000a357200000] [id=35920]
  0x0000024019a8f500 GCTaskThread "GC Thread#3" [stack: 0x000000a357200000,0x000000a357300000] [id=41772]
  0x0000024019a8f7b0 GCTaskThread "GC Thread#4" [stack: 0x000000a357300000,0x000000a357400000] [id=39624]
  0x0000024019a8e4d0 GCTaskThread "GC Thread#5" [stack: 0x000000a357400000,0x000000a357500000] [id=18888]
  0x000002401d9af390 GCTaskThread "GC Thread#6" [stack: 0x000000a358000000,0x000000a358100000] [id=24036]
  0x000002401ad42310 GCTaskThread "GC Thread#7" [stack: 0x000000a358100000,0x000000a358200000] [id=10268]
  0x000002407b9f9980 ConcurrentGCThread "G1 Main Marker" [stack: 0x000000a355d00000,0x000000a355e00000] [id=29332]
  0x000002407b9fa2a0 ConcurrentGCThread "G1 Conc#0" [stack: 0x000000a355e00000,0x000000a355f00000] [id=42592]
  0x000002401d998e20 ConcurrentGCThread "G1 Conc#1" [stack: 0x000000a358500000,0x000000a358600000] [id=29956]
  0x000002407ba7e750 ConcurrentGCThread "G1 Refine#0" [stack: 0x000000a355f00000,0x000000a356000000] [id=34688]
  0x0000024018784650 ConcurrentGCThread "G1 Service" [stack: 0x000000a356000000,0x000000a356100000] [id=42524]

Threads with active compile tasks:
C2 CompilerThread0    40452 8623 %     4       org.gradle.internal.instantiation.generator.AbstractClassGenerator::inspectType @ 249 (602 bytes)
C2 CompilerThread1    40453 8594   !   4       java.lang.reflect.Executable::declaredAnnotations (85 bytes)

VM state: at safepoint (normal execution)

VM Mutex/Monitor currently owned by a thread:  ([mutex/lock_event])
[0x00000240797980d0] Threads_lock - owner thread: 0x00000240188caed0
[0x000002407b9b1400] Heap_lock - owner thread: 0x00000240188ee430

Heap address: 0x00000000a0000000, size: 1536 MB, Compressed Oops mode: 32-bit

CDS archive(s) mapped at: [0x0000000800000000-0x0000000800bc0000-0x0000000800bc0000), size 12320768, SharedBaseAddress: 0x0000000800000000, ArchiveRelocationMode: 0.
Compressed class space mapped at: 0x0000000800c00000-0x0000000840c00000, reserved size: 1073741824
Narrow klass base: 0x0000000800000000, Narrow klass shift: 0, Narrow klass range: 0x100000000

GC Precious Log:
 CPUs: 8 total, 8 available
 Memory: 16141M
 Large Page Support: Disabled
 NUMA Support: Disabled
 Compressed Oops: Enabled (32-bit)
 Heap Region Size: 1M
 Heap Min Capacity: 8M
 Heap Initial Capacity: 254M
 Heap Max Capacity: 1536M
 Pre-touch: Disabled
 Parallel Workers: 8
 Concurrent Workers: 2
 Concurrent Refinement Workers: 8
 Periodic GC: Disabled

Heap:
 garbage-first heap   total 260096K, used 64903K [0x00000000a0000000, 0x0000000100000000)
  region size 1024K, 2 young (2048K), 2 survivors (2048K)
 Metaspace       used 56175K, committed 56768K, reserved 1105920K
  class space    used 7729K, committed 8000K, reserved 1048576K

Heap Regions: E=young(eden), S=young(survivor), O=old, HS=humongous(starts), HC=humongous(continues), CS=collection set, F=free, OA=open archive, CA=closed archive, TAMS=top-at-mark-start (previous, next)
|   0|0x00000000a0000000, 0x00000000a0100000, 0x00000000a0100000|100%|HS|  |TAMS 0x00000000a0100000, 0x00000000a0000000| Complete 
|   1|0x00000000a0100000, 0x00000000a0200000, 0x00000000a0200000|100%|HC|  |TAMS 0x00000000a0200000, 0x00000000a0100000| Complete 
|   2|0x00000000a0200000, 0x00000000a0300000, 0x00000000a0300000|100%|HC|  |TAMS 0x00000000a0300000, 0x00000000a0200000| Complete 
|   3|0x00000000a0300000, 0x00000000a0400000, 0x00000000a0400000|100%| O|  |TAMS 0x00000000a0300000, 0x00000000a0300000| Untracked 
|   4|0x00000000a0400000, 0x00000000a0500000, 0x00000000a0500000|100%| O|  |TAMS 0x00000000a0500000, 0x00000000a0400000| Untracked 
|   5|0x00000000a0500000, 0x00000000a0600000, 0x00000000a0600000|100%| O|  |TAMS 0x00000000a0600000, 0x00000000a0500000| Untracked 
|   6|0x00000000a0600000, 0x00000000a0700000, 0x00000000a0700000|100%| O|  |TAMS 0x00000000a0700000, 0x00000000a0600000| Untracked 
|   7|0x00000000a0700000, 0x00000000a0800000, 0x00000000a0800000|100%|HS|  |TAMS 0x00000000a0800000, 0x00000000a0700000| Complete 
|   8|0x00000000a0800000, 0x00000000a0900000, 0x00000000a0900000|100%| O|  |TAMS 0x00000000a0900000, 0x00000000a0800000| Untracked 
|   9|0x00000000a0900000, 0x00000000a0a00000, 0x00000000a0a00000|100%| O|  |TAMS 0x00000000a0a00000, 0x00000000a0900000| Untracked 
|  10|0x00000000a0a00000, 0x00000000a0b00000, 0x00000000a0b00000|100%| O|  |TAMS 0x00000000a0b00000, 0x00000000a0a00000| Untracked 
|  11|0x00000000a0b00000, 0x00000000a0c00000, 0x00000000a0c00000|100%| O|  |TAMS 0x00000000a0c00000, 0x00000000a0b00000| Untracked 
|  12|0x00000000a0c00000, 0x00000000a0d00000, 0x00000000a0d00000|100%| O|  |TAMS 0x00000000a0d00000, 0x00000000a0c00000| Untracked 
|  13|0x00000000a0d00000, 0x00000000a0e00000, 0x00000000a0e00000|100%| O|  |TAMS 0x00000000a0e00000, 0x00000000a0d00000| Untracked 
|  14|0x00000000a0e00000, 0x00000000a0f00000, 0x00000000a0f00000|100%| O|  |TAMS 0x00000000a0f00000, 0x00000000a0e00000| Untracked 
|  15|0x00000000a0f00000, 0x00000000a1000000, 0x00000000a1000000|100%| O|  |TAMS 0x00000000a1000000, 0x00000000a0f00000| Untracked 
|  16|0x00000000a1000000, 0x00000000a1100000, 0x00000000a1100000|100%| O|  |TAMS 0x00000000a1100000, 0x00000000a1000000| Untracked 
|  17|0x00000000a1100000, 0x00000000a1200000, 0x00000000a1200000|100%| O|  |TAMS 0x00000000a1200000, 0x00000000a1100000| Untracked 
|  18|0x00000000a1200000, 0x00000000a1300000, 0x00000000a1300000|100%| O|  |TAMS 0x00000000a1300000, 0x00000000a1200000| Untracked 
|  19|0x00000000a1300000, 0x00000000a1400000, 0x00000000a1400000|100%| O|  |TAMS 0x00000000a1400000, 0x00000000a1300000| Untracked 
|  20|0x00000000a1400000, 0x00000000a1500000, 0x00000000a1500000|100%| O|  |TAMS 0x00000000a1500000, 0x00000000a1400000| Untracked 
|  21|0x00000000a1500000, 0x00000000a1500000, 0x00000000a1600000|  0%| F|  |TAMS 0x00000000a1500000, 0x00000000a1500000| Untracked 
|  22|0x00000000a1600000, 0x00000000a1700000, 0x00000000a1700000|100%| O|  |TAMS 0x00000000a1700000, 0x00000000a1600000| Untracked 
|  23|0x00000000a1700000, 0x00000000a1800000, 0x00000000a1800000|100%|HS|  |TAMS 0x00000000a1800000, 0x00000000a1700000| Complete 
|  24|0x00000000a1800000, 0x00000000a1900000, 0x00000000a1900000|100%| O|  |TAMS 0x00000000a1900000, 0x00000000a1800000| Untracked 
|  25|0x00000000a1900000, 0x00000000a1a00000, 0x00000000a1a00000|100%| O|  |TAMS 0x00000000a1a00000, 0x00000000a1900000| Untracked 
|  26|0x00000000a1a00000, 0x00000000a1b00000, 0x00000000a1b00000|100%| O|  |TAMS 0x00000000a1b00000, 0x00000000a1a00000| Untracked 
|  27|0x00000000a1b00000, 0x00000000a1c00000, 0x00000000a1c00000|100%| O|  |TAMS 0x00000000a1c00000, 0x00000000a1b00000| Untracked 
|  28|0x00000000a1c00000, 0x00000000a1d00000, 0x00000000a1d00000|100%| O|  |TAMS 0x00000000a1d00000, 0x00000000a1c00000| Untracked 
|  29|0x00000000a1d00000, 0x00000000a1e00000, 0x00000000a1e00000|100%| O|  |TAMS 0x00000000a1e00000, 0x00000000a1d00000| Untracked 
|  30|0x00000000a1e00000, 0x00000000a1f00000, 0x00000000a1f00000|100%| O|  |TAMS 0x00000000a1f00000, 0x00000000a1e00000| Untracked 
|  31|0x00000000a1f00000, 0x00000000a2000000, 0x00000000a2000000|100%| O|  |TAMS 0x00000000a2000000, 0x00000000a1f00000| Untracked 
|  32|0x00000000a2000000, 0x00000000a2100000, 0x00000000a2100000|100%| O|  |TAMS 0x00000000a2100000, 0x00000000a2000000| Untracked 
|  33|0x00000000a2100000, 0x00000000a2200000, 0x00000000a2200000|100%| O|  |TAMS 0x00000000a2200000, 0x00000000a2100000| Untracked 
|  34|0x00000000a2200000, 0x00000000a2300000, 0x00000000a2300000|100%| O|  |TAMS 0x00000000a2300000, 0x00000000a2200000| Untracked 
|  35|0x00000000a2300000, 0x00000000a2400000, 0x00000000a2400000|100%| O|  |TAMS 0x00000000a2400000, 0x00000000a2300000| Untracked 
|  36|0x00000000a2400000, 0x00000000a2500000, 0x00000000a2500000|100%| O|  |TAMS 0x00000000a2500000, 0x00000000a2400000| Untracked 
|  37|0x00000000a2500000, 0x00000000a2600000, 0x00000000a2600000|100%| O|  |TAMS 0x00000000a2600000, 0x00000000a2500000| Untracked 
|  38|0x00000000a2600000, 0x00000000a2700000, 0x00000000a2700000|100%| O|  |TAMS 0x00000000a2700000, 0x00000000a2600000| Untracked 
|  39|0x00000000a2700000, 0x00000000a2800000, 0x00000000a2800000|100%| O|  |TAMS 0x00000000a2800000, 0x00000000a2700000| Untracked 
|  40|0x00000000a2800000, 0x00000000a2900000, 0x00000000a2900000|100%| O|  |TAMS 0x00000000a2900000, 0x00000000a2800000| Untracked 
|  41|0x00000000a2900000, 0x00000000a2a00000, 0x00000000a2a00000|100%| O|  |TAMS 0x00000000a2a00000, 0x00000000a2900000| Untracked 
|  42|0x00000000a2a00000, 0x00000000a2b00000, 0x00000000a2b00000|100%| O|  |TAMS 0x00000000a2b00000, 0x00000000a2a00000| Untracked 
|  43|0x00000000a2b00000, 0x00000000a2c00000, 0x00000000a2c00000|100%|HS|  |TAMS 0x00000000a2c00000, 0x00000000a2b00000| Complete 
|  44|0x00000000a2c00000, 0x00000000a2d00000, 0x00000000a2d00000|100%| O|  |TAMS 0x00000000a2d00000, 0x00000000a2c00000| Untracked 
|  45|0x00000000a2d00000, 0x00000000a2e00000, 0x00000000a2e00000|100%| O|  |TAMS 0x00000000a2e00000, 0x00000000a2d00000| Untracked 
|  46|0x00000000a2e00000, 0x00000000a2f00000, 0x00000000a2f00000|100%| O|  |TAMS 0x00000000a2f00000, 0x00000000a2e00000| Untracked 
|  47|0x00000000a2f00000, 0x00000000a3000000, 0x00000000a3000000|100%|HS|  |TAMS 0x00000000a3000000, 0x00000000a2f00000| Complete 
|  48|0x00000000a3000000, 0x00000000a3100000, 0x00000000a3100000|100%|HS|  |TAMS 0x00000000a3100000, 0x00000000a3000000| Complete 
|  49|0x00000000a3100000, 0x00000000a3200000, 0x00000000a3200000|100%|HS|  |TAMS 0x00000000a3200000, 0x00000000a3100000| Complete 
|  50|0x00000000a3200000, 0x00000000a3300000, 0x00000000a3300000|100%| O|  |TAMS 0x00000000a3300000, 0x00000000a3200000| Untracked 
|  51|0x00000000a3300000, 0x00000000a3400000, 0x00000000a3400000|100%| O|  |TAMS 0x00000000a3400000, 0x00000000a3300000| Untracked 
|  52|0x00000000a3400000, 0x00000000a3500000, 0x00000000a3500000|100%| O|  |TAMS 0x00000000a3500000, 0x00000000a3400000| Untracked 
|  53|0x00000000a3500000, 0x00000000a3600000, 0x00000000a3600000|100%| O|  |TAMS 0x00000000a3600000, 0x00000000a3500000| Untracked 
|  54|0x00000000a3600000, 0x00000000a3700000, 0x00000000a3700000|100%| O|  |TAMS 0x00000000a3700000, 0x00000000a3600000| Untracked 
|  55|0x00000000a3700000, 0x00000000a3800000, 0x00000000a3800000|100%| O|  |TAMS 0x00000000a3800000, 0x00000000a3700000| Untracked 
|  56|0x00000000a3800000, 0x00000000a3900000, 0x00000000a3900000|100%| O|  |TAMS 0x00000000a3900000, 0x00000000a3800000| Untracked 
|  57|0x00000000a3900000, 0x00000000a3a00000, 0x00000000a3a00000|100%|HS|  |TAMS 0x00000000a3a00000, 0x00000000a3900000| Complete 
|  58|0x00000000a3a00000, 0x00000000a3b00000, 0x00000000a3b00000|100%| O|  |TAMS 0x00000000a3b00000, 0x00000000a3a00000| Untracked 
|  59|0x00000000a3b00000, 0x00000000a3c00000, 0x00000000a3c00000|100%| O|  |TAMS 0x00000000a3c00000, 0x00000000a3b00000| Untracked 
|  60|0x00000000a3c00000, 0x00000000a3d00000, 0x00000000a3d00000|100%| O|  |TAMS 0x00000000a3d00000, 0x00000000a3c00000| Untracked 
|  61|0x00000000a3d00000, 0x00000000a3e00000, 0x00000000a3e00000|100%| O|  |TAMS 0x00000000a3e00000, 0x00000000a3d00000| Untracked 
|  62|0x00000000a3e00000, 0x00000000a3f00000, 0x00000000a3f00000|100%| O|  |TAMS 0x00000000a3e27c00, 0x00000000a3e00000| Untracked 
|  63|0x00000000a3f00000, 0x00000000a3f40e00, 0x00000000a4000000| 25%| O|  |TAMS 0x00000000a3f00000, 0x00000000a3f00000| Untracked 
|  64|0x00000000a4000000, 0x00000000a4000000, 0x00000000a4100000|  0%| F|  |TAMS 0x00000000a4000000, 0x00000000a4000000| Untracked 
|  65|0x00000000a4100000, 0x00000000a4100000, 0x00000000a4200000|  0%| F|  |TAMS 0x00000000a4100000, 0x00000000a4100000| Untracked 
|  66|0x00000000a4200000, 0x00000000a4200000, 0x00000000a4300000|  0%| F|  |TAMS 0x00000000a4200000, 0x00000000a4200000| Untracked 
|  67|0x00000000a4300000, 0x00000000a4300000, 0x00000000a4400000|  0%| F|  |TAMS 0x00000000a4300000, 0x00000000a4300000| Untracked 
|  68|0x00000000a4400000, 0x00000000a4400000, 0x00000000a4500000|  0%| F|  |TAMS 0x00000000a4400000, 0x00000000a4400000| Untracked 
|  69|0x00000000a4500000, 0x00000000a4500000, 0x00000000a4600000|  0%| F|  |TAMS 0x00000000a4500000, 0x00000000a4500000| Untracked 
|  70|0x00000000a4600000, 0x00000000a4600000, 0x00000000a4700000|  0%| F|  |TAMS 0x00000000a4600000, 0x00000000a4600000| Untracked 
|  71|0x00000000a4700000, 0x00000000a4700000, 0x00000000a4800000|  0%| F|  |TAMS 0x00000000a4700000, 0x00000000a4700000| Untracked 
|  72|0x00000000a4800000, 0x00000000a4800000, 0x00000000a4900000|  0%| F|  |TAMS 0x00000000a4800000, 0x00000000a4800000| Untracked 
|  73|0x00000000a4900000, 0x00000000a4900000, 0x00000000a4a00000|  0%| F|  |TAMS 0x00000000a4900000, 0x00000000a4900000| Untracked 
|  74|0x00000000a4a00000, 0x00000000a4a00000, 0x00000000a4b00000|  0%| F|  |TAMS 0x00000000a4a00000, 0x00000000a4a00000| Untracked 
|  75|0x00000000a4b00000, 0x00000000a4b00000, 0x00000000a4c00000|  0%| F|  |TAMS 0x00000000a4b00000, 0x00000000a4b00000| Untracked 
|  76|0x00000000a4c00000, 0x00000000a4c00000, 0x00000000a4d00000|  0%| F|  |TAMS 0x00000000a4c00000, 0x00000000a4c00000| Untracked 
|  77|0x00000000a4d00000, 0x00000000a4d00000, 0x00000000a4e00000|  0%| F|  |TAMS 0x00000000a4d00000, 0x00000000a4d00000| Untracked 
|  78|0x00000000a4e00000, 0x00000000a4e00000, 0x00000000a4f00000|  0%| F|  |TAMS 0x00000000a4e00000, 0x00000000a4e00000| Untracked 
|  79|0x00000000a4f00000, 0x00000000a4f00000, 0x00000000a5000000|  0%| F|  |TAMS 0x00000000a4f00000, 0x00000000a4f00000| Untracked 
|  80|0x00000000a5000000, 0x00000000a5000000, 0x00000000a5100000|  0%| F|  |TAMS 0x00000000a5000000, 0x00000000a5000000| Untracked 
|  81|0x00000000a5100000, 0x00000000a5100000, 0x00000000a5200000|  0%| F|  |TAMS 0x00000000a5100000, 0x00000000a5100000| Untracked 
|  82|0x00000000a5200000, 0x00000000a5220fc0, 0x00000000a5300000| 12%| S|CS|TAMS 0x00000000a5200000, 0x00000000a5200000| Complete 
|  83|0x00000000a5300000, 0x00000000a5400000, 0x00000000a5400000|100%| S|CS|TAMS 0x00000000a5300000, 0x00000000a5300000| Complete 
|  84|0x00000000a5400000, 0x00000000a5400000, 0x00000000a5500000|  0%| F|  |TAMS 0x00000000a5400000, 0x00000000a5400000| Untracked 
|  85|0x00000000a5500000, 0x00000000a5500000, 0x00000000a5600000|  0%| F|  |TAMS 0x00000000a5500000, 0x00000000a5500000| Untracked 
|  86|0x00000000a5600000, 0x00000000a5600000, 0x00000000a5700000|  0%| F|  |TAMS 0x00000000a5600000, 0x00000000a5600000| Untracked 
|  87|0x00000000a5700000, 0x00000000a5700000, 0x00000000a5800000|  0%| F|  |TAMS 0x00000000a5700000, 0x00000000a5700000| Untracked 
|  88|0x00000000a5800000, 0x00000000a5800000, 0x00000000a5900000|  0%| F|  |TAMS 0x00000000a5800000, 0x00000000a5800000| Untracked 
|  89|0x00000000a5900000, 0x00000000a5900000, 0x00000000a5a00000|  0%| F|  |TAMS 0x00000000a5900000, 0x00000000a5900000| Untracked 
|  90|0x00000000a5a00000, 0x00000000a5a00000, 0x00000000a5b00000|  0%| F|  |TAMS 0x00000000a5a00000, 0x00000000a5a00000| Untracked 
|  91|0x00000000a5b00000, 0x00000000a5b00000, 0x00000000a5c00000|  0%| F|  |TAMS 0x00000000a5b00000, 0x00000000a5b00000| Untracked 
|  92|0x00000000a5c00000, 0x00000000a5c00000, 0x00000000a5d00000|  0%| F|  |TAMS 0x00000000a5c00000, 0x00000000a5c00000| Untracked 
|  93|0x00000000a5d00000, 0x00000000a5d00000, 0x00000000a5e00000|  0%| F|  |TAMS 0x00000000a5d00000, 0x00000000a5d00000| Untracked 
|  94|0x00000000a5e00000, 0x00000000a5e00000, 0x00000000a5f00000|  0%| F|  |TAMS 0x00000000a5e00000, 0x00000000a5e00000| Untracked 
|  95|0x00000000a5f00000, 0x00000000a5f00000, 0x00000000a6000000|  0%| F|  |TAMS 0x00000000a5f00000, 0x00000000a5f00000| Untracked 
|  96|0x00000000a6000000, 0x00000000a6000000, 0x00000000a6100000|  0%| F|  |TAMS 0x00000000a6000000, 0x00000000a6000000| Untracked 
|  97|0x00000000a6100000, 0x00000000a6100000, 0x00000000a6200000|  0%| F|  |TAMS 0x00000000a6100000, 0x00000000a6100000| Untracked 
|  98|0x00000000a6200000, 0x00000000a6200000, 0x00000000a6300000|  0%| F|  |TAMS 0x00000000a6200000, 0x00000000a6200000| Untracked 
|  99|0x00000000a6300000, 0x00000000a6300000, 0x00000000a6400000|  0%| F|  |TAMS 0x00000000a6300000, 0x00000000a6300000| Untracked 
| 100|0x00000000a6400000, 0x00000000a6400000, 0x00000000a6500000|  0%| F|  |TAMS 0x00000000a6400000, 0x00000000a6400000| Untracked 
| 101|0x00000000a6500000, 0x00000000a6500000, 0x00000000a6600000|  0%| F|  |TAMS 0x00000000a6500000, 0x00000000a6500000| Untracked 
| 102|0x00000000a6600000, 0x00000000a6600000, 0x00000000a6700000|  0%| F|  |TAMS 0x00000000a6600000, 0x00000000a6600000| Untracked 
| 103|0x00000000a6700000, 0x00000000a6700000, 0x00000000a6800000|  0%| F|  |TAMS 0x00000000a6700000, 0x00000000a6700000| Untracked 
| 104|0x00000000a6800000, 0x00000000a6800000, 0x00000000a6900000|  0%| F|  |TAMS 0x00000000a6800000, 0x00000000a6800000| Untracked 
| 105|0x00000000a6900000, 0x00000000a6900000, 0x00000000a6a00000|  0%| F|  |TAMS 0x00000000a6900000, 0x00000000a6900000| Untracked 
| 106|0x00000000a6a00000, 0x00000000a6a00000, 0x00000000a6b00000|  0%| F|  |TAMS 0x00000000a6a00000, 0x00000000a6a00000| Untracked 
| 107|0x00000000a6b00000, 0x00000000a6b00000, 0x00000000a6c00000|  0%| F|  |TAMS 0x00000000a6b00000, 0x00000000a6b00000| Untracked 
| 108|0x00000000a6c00000, 0x00000000a6c00000, 0x00000000a6d00000|  0%| F|  |TAMS 0x00000000a6c00000, 0x00000000a6c00000| Untracked 
| 109|0x00000000a6d00000, 0x00000000a6d00000, 0x00000000a6e00000|  0%| F|  |TAMS 0x00000000a6d00000, 0x00000000a6d00000| Untracked 
| 110|0x00000000a6e00000, 0x00000000a6e00000, 0x00000000a6f00000|  0%| F|  |TAMS 0x00000000a6e00000, 0x00000000a6e00000| Untracked 
| 111|0x00000000a6f00000, 0x00000000a6f00000, 0x00000000a7000000|  0%| F|  |TAMS 0x00000000a6f00000, 0x00000000a6f00000| Untracked 
| 112|0x00000000a7000000, 0x00000000a7000000, 0x00000000a7100000|  0%| F|  |TAMS 0x00000000a7000000, 0x00000000a7000000| Untracked 
| 113|0x00000000a7100000, 0x00000000a7100000, 0x00000000a7200000|  0%| F|  |TAMS 0x00000000a7100000, 0x00000000a7100000| Untracked 
| 114|0x00000000a7200000, 0x00000000a7200000, 0x00000000a7300000|  0%| F|  |TAMS 0x00000000a7200000, 0x00000000a7200000| Untracked 
| 115|0x00000000a7300000, 0x00000000a7300000, 0x00000000a7400000|  0%| F|  |TAMS 0x00000000a7300000, 0x00000000a7300000| Untracked 
| 116|0x00000000a7400000, 0x00000000a7400000, 0x00000000a7500000|  0%| F|  |TAMS 0x00000000a7400000, 0x00000000a7400000| Untracked 
| 117|0x00000000a7500000, 0x00000000a7500000, 0x00000000a7600000|  0%| F|  |TAMS 0x00000000a7500000, 0x00000000a7500000| Untracked 
| 118|0x00000000a7600000, 0x00000000a7600000, 0x00000000a7700000|  0%| F|  |TAMS 0x00000000a7600000, 0x00000000a7600000| Untracked 
| 119|0x00000000a7700000, 0x00000000a7700000, 0x00000000a7800000|  0%| F|  |TAMS 0x00000000a7700000, 0x00000000a7700000| Untracked 
| 120|0x00000000a7800000, 0x00000000a7800000, 0x00000000a7900000|  0%| F|  |TAMS 0x00000000a7800000, 0x00000000a7800000| Untracked 
| 121|0x00000000a7900000, 0x00000000a7900000, 0x00000000a7a00000|  0%| F|  |TAMS 0x00000000a7900000, 0x00000000a7900000| Untracked 
| 122|0x00000000a7a00000, 0x00000000a7a00000, 0x00000000a7b00000|  0%| F|  |TAMS 0x00000000a7a00000, 0x00000000a7a00000| Untracked 
| 123|0x00000000a7b00000, 0x00000000a7b00000, 0x00000000a7c00000|  0%| F|  |TAMS 0x00000000a7b00000, 0x00000000a7b00000| Untracked 
| 124|0x00000000a7c00000, 0x00000000a7c00000, 0x00000000a7d00000|  0%| F|  |TAMS 0x00000000a7c00000, 0x00000000a7c00000| Untracked 
| 125|0x00000000a7d00000, 0x00000000a7d00000, 0x00000000a7e00000|  0%| F|  |TAMS 0x00000000a7d00000, 0x00000000a7d00000| Untracked 
| 126|0x00000000a7e00000, 0x00000000a7e00000, 0x00000000a7f00000|  0%| F|  |TAMS 0x00000000a7e00000, 0x00000000a7e00000| Untracked 
| 127|0x00000000a7f00000, 0x00000000a7f00000, 0x00000000a8000000|  0%| F|  |TAMS 0x00000000a7f00000, 0x00000000a7f00000| Untracked 
| 128|0x00000000a8000000, 0x00000000a8000000, 0x00000000a8100000|  0%| F|  |TAMS 0x00000000a8000000, 0x00000000a8000000| Untracked 
| 129|0x00000000a8100000, 0x00000000a8100000, 0x00000000a8200000|  0%| F|  |TAMS 0x00000000a8100000, 0x00000000a8100000| Untracked 
| 130|0x00000000a8200000, 0x00000000a8200000, 0x00000000a8300000|  0%| F|  |TAMS 0x00000000a8200000, 0x00000000a8200000| Untracked 
| 131|0x00000000a8300000, 0x00000000a8300000, 0x00000000a8400000|  0%| F|  |TAMS 0x00000000a8300000, 0x00000000a8300000| Untracked 
| 132|0x00000000a8400000, 0x00000000a8400000, 0x00000000a8500000|  0%| F|  |TAMS 0x00000000a8400000, 0x00000000a8400000| Untracked 
| 133|0x00000000a8500000, 0x00000000a8500000, 0x00000000a8600000|  0%| F|  |TAMS 0x00000000a8500000, 0x00000000a8500000| Untracked 
| 134|0x00000000a8600000, 0x00000000a8600000, 0x00000000a8700000|  0%| F|  |TAMS 0x00000000a8600000, 0x00000000a8600000| Untracked 
| 135|0x00000000a8700000, 0x00000000a8700000, 0x00000000a8800000|  0%| F|  |TAMS 0x00000000a8700000, 0x00000000a8700000| Untracked 
| 136|0x00000000a8800000, 0x00000000a8800000, 0x00000000a8900000|  0%| F|  |TAMS 0x00000000a8800000, 0x00000000a8800000| Untracked 
| 137|0x00000000a8900000, 0x00000000a8900000, 0x00000000a8a00000|  0%| F|  |TAMS 0x00000000a8900000, 0x00000000a8900000| Untracked 
| 138|0x00000000a8a00000, 0x00000000a8a00000, 0x00000000a8b00000|  0%| F|  |TAMS 0x00000000a8a00000, 0x00000000a8a00000| Untracked 
| 139|0x00000000a8b00000, 0x00000000a8b00000, 0x00000000a8c00000|  0%| F|  |TAMS 0x00000000a8b00000, 0x00000000a8b00000| Untracked 
| 140|0x00000000a8c00000, 0x00000000a8c00000, 0x00000000a8d00000|  0%| F|  |TAMS 0x00000000a8c00000, 0x00000000a8c00000| Untracked 
| 141|0x00000000a8d00000, 0x00000000a8d00000, 0x00000000a8e00000|  0%| F|  |TAMS 0x00000000a8d00000, 0x00000000a8d00000| Untracked 
| 142|0x00000000a8e00000, 0x00000000a8e00000, 0x00000000a8f00000|  0%| F|  |TAMS 0x00000000a8e00000, 0x00000000a8e00000| Untracked 
| 143|0x00000000a8f00000, 0x00000000a8f00000, 0x00000000a9000000|  0%| F|  |TAMS 0x00000000a8f00000, 0x00000000a8f00000| Untracked 
| 144|0x00000000a9000000, 0x00000000a9000000, 0x00000000a9100000|  0%| F|  |TAMS 0x00000000a9000000, 0x00000000a9000000| Untracked 
| 145|0x00000000a9100000, 0x00000000a9100000, 0x00000000a9200000|  0%| F|  |TAMS 0x00000000a9100000, 0x00000000a9100000| Untracked 
| 146|0x00000000a9200000, 0x00000000a9200000, 0x00000000a9300000|  0%| F|  |TAMS 0x00000000a9200000, 0x00000000a9200000| Untracked 
| 147|0x00000000a9300000, 0x00000000a9300000, 0x00000000a9400000|  0%| F|  |TAMS 0x00000000a9300000, 0x00000000a9300000| Untracked 
| 148|0x00000000a9400000, 0x00000000a9400000, 0x00000000a9500000|  0%| F|  |TAMS 0x00000000a9400000, 0x00000000a9400000| Untracked 
| 149|0x00000000a9500000, 0x00000000a9500000, 0x00000000a9600000|  0%| F|  |TAMS 0x00000000a9500000, 0x00000000a9500000| Untracked 
| 150|0x00000000a9600000, 0x00000000a9600000, 0x00000000a9700000|  0%| F|  |TAMS 0x00000000a9600000, 0x00000000a9600000| Untracked 
| 151|0x00000000a9700000, 0x00000000a9700000, 0x00000000a9800000|  0%| F|  |TAMS 0x00000000a9700000, 0x00000000a9700000| Untracked 
| 152|0x00000000a9800000, 0x00000000a9800000, 0x00000000a9900000|  0%| F|  |TAMS 0x00000000a9800000, 0x00000000a9800000| Untracked 
| 153|0x00000000a9900000, 0x00000000a9900000, 0x00000000a9a00000|  0%| F|  |TAMS 0x00000000a9900000, 0x00000000a9900000| Untracked 
| 154|0x00000000a9a00000, 0x00000000a9a00000, 0x00000000a9b00000|  0%| F|  |TAMS 0x00000000a9a00000, 0x00000000a9a00000| Untracked 
| 155|0x00000000a9b00000, 0x00000000a9b00000, 0x00000000a9c00000|  0%| F|  |TAMS 0x00000000a9b00000, 0x00000000a9b00000| Untracked 
| 156|0x00000000a9c00000, 0x00000000a9c00000, 0x00000000a9d00000|  0%| F|  |TAMS 0x00000000a9c00000, 0x00000000a9c00000| Untracked 
| 157|0x00000000a9d00000, 0x00000000a9d00000, 0x00000000a9e00000|  0%| F|  |TAMS 0x00000000a9d00000, 0x00000000a9d00000| Untracked 
| 158|0x00000000a9e00000, 0x00000000a9e00000, 0x00000000a9f00000|  0%| F|  |TAMS 0x00000000a9e00000, 0x00000000a9e00000| Untracked 
| 159|0x00000000a9f00000, 0x00000000a9f00000, 0x00000000aa000000|  0%| F|  |TAMS 0x00000000a9f00000, 0x00000000a9f00000| Untracked 
| 160|0x00000000aa000000, 0x00000000aa000000, 0x00000000aa100000|  0%| F|  |TAMS 0x00000000aa000000, 0x00000000aa000000| Untracked 
| 161|0x00000000aa100000, 0x00000000aa100000, 0x00000000aa200000|  0%| F|  |TAMS 0x00000000aa100000, 0x00000000aa100000| Untracked 
| 162|0x00000000aa200000, 0x00000000aa200000, 0x00000000aa300000|  0%| F|  |TAMS 0x00000000aa200000, 0x00000000aa200000| Untracked 
| 163|0x00000000aa300000, 0x00000000aa300000, 0x00000000aa400000|  0%| F|  |TAMS 0x00000000aa300000, 0x00000000aa300000| Untracked 
| 164|0x00000000aa400000, 0x00000000aa400000, 0x00000000aa500000|  0%| F|  |TAMS 0x00000000aa400000, 0x00000000aa400000| Untracked 
| 165|0x00000000aa500000, 0x00000000aa500000, 0x00000000aa600000|  0%| F|  |TAMS 0x00000000aa500000, 0x00000000aa500000| Untracked 
| 166|0x00000000aa600000, 0x00000000aa600000, 0x00000000aa700000|  0%| F|  |TAMS 0x00000000aa600000, 0x00000000aa600000| Untracked 
| 167|0x00000000aa700000, 0x00000000aa700000, 0x00000000aa800000|  0%| F|  |TAMS 0x00000000aa700000, 0x00000000aa700000| Untracked 
| 168|0x00000000aa800000, 0x00000000aa800000, 0x00000000aa900000|  0%| F|  |TAMS 0x00000000aa800000, 0x00000000aa800000| Untracked 
| 169|0x00000000aa900000, 0x00000000aa900000, 0x00000000aaa00000|  0%| F|  |TAMS 0x00000000aa900000, 0x00000000aa900000| Untracked 
| 170|0x00000000aaa00000, 0x00000000aaa00000, 0x00000000aab00000|  0%| F|  |TAMS 0x00000000aaa00000, 0x00000000aaa00000| Untracked 
| 171|0x00000000aab00000, 0x00000000aab00000, 0x00000000aac00000|  0%| F|  |TAMS 0x00000000aab00000, 0x00000000aab00000| Untracked 
| 172|0x00000000aac00000, 0x00000000aac00000, 0x00000000aad00000|  0%| F|  |TAMS 0x00000000aac00000, 0x00000000aac00000| Untracked 
| 173|0x00000000aad00000, 0x00000000aad00000, 0x00000000aae00000|  0%| F|  |TAMS 0x00000000aad00000, 0x00000000aad00000| Untracked 
| 174|0x00000000aae00000, 0x00000000aae00000, 0x00000000aaf00000|  0%| F|  |TAMS 0x00000000aae00000, 0x00000000aae00000| Untracked 
| 175|0x00000000aaf00000, 0x00000000aaf00000, 0x00000000ab000000|  0%| F|  |TAMS 0x00000000aaf00000, 0x00000000aaf00000| Untracked 
| 176|0x00000000ab000000, 0x00000000ab000000, 0x00000000ab100000|  0%| F|  |TAMS 0x00000000ab000000, 0x00000000ab000000| Untracked 
| 177|0x00000000ab100000, 0x00000000ab100000, 0x00000000ab200000|  0%| F|  |TAMS 0x00000000ab100000, 0x00000000ab100000| Untracked 
| 178|0x00000000ab200000, 0x00000000ab200000, 0x00000000ab300000|  0%| F|  |TAMS 0x00000000ab200000, 0x00000000ab200000| Untracked 
| 179|0x00000000ab300000, 0x00000000ab300000, 0x00000000ab400000|  0%| F|  |TAMS 0x00000000ab300000, 0x00000000ab300000| Untracked 
| 180|0x00000000ab400000, 0x00000000ab400000, 0x00000000ab500000|  0%| F|  |TAMS 0x00000000ab400000, 0x00000000ab400000| Untracked 
| 181|0x00000000ab500000, 0x00000000ab500000, 0x00000000ab600000|  0%| F|  |TAMS 0x00000000ab500000, 0x00000000ab500000| Untracked 
| 182|0x00000000ab600000, 0x00000000ab600000, 0x00000000ab700000|  0%| F|  |TAMS 0x00000000ab600000, 0x00000000ab600000| Untracked 
| 183|0x00000000ab700000, 0x00000000ab700000, 0x00000000ab800000|  0%| F|  |TAMS 0x00000000ab700000, 0x00000000ab700000| Untracked 
| 184|0x00000000ab800000, 0x00000000ab800000, 0x00000000ab900000|  0%| F|  |TAMS 0x00000000ab800000, 0x00000000ab800000| Untracked 
| 185|0x00000000ab900000, 0x00000000ab900000, 0x00000000aba00000|  0%| F|  |TAMS 0x00000000ab900000, 0x00000000ab900000| Untracked 
| 186|0x00000000aba00000, 0x00000000aba00000, 0x00000000abb00000|  0%| F|  |TAMS 0x00000000aba00000, 0x00000000aba00000| Untracked 
| 187|0x00000000abb00000, 0x00000000abb00000, 0x00000000abc00000|  0%| F|  |TAMS 0x00000000abb00000, 0x00000000abb00000| Untracked 
| 188|0x00000000abc00000, 0x00000000abc00000, 0x00000000abd00000|  0%| F|  |TAMS 0x00000000abc00000, 0x00000000abc00000| Untracked 
| 189|0x00000000abd00000, 0x00000000abd00000, 0x00000000abe00000|  0%| F|  |TAMS 0x00000000abd00000, 0x00000000abd00000| Untracked 
| 190|0x00000000abe00000, 0x00000000abe00000, 0x00000000abf00000|  0%| F|  |TAMS 0x00000000abe00000, 0x00000000abe00000| Untracked 
| 191|0x00000000abf00000, 0x00000000abf00000, 0x00000000ac000000|  0%| F|  |TAMS 0x00000000abf00000, 0x00000000abf00000| Untracked 
| 192|0x00000000ac000000, 0x00000000ac000000, 0x00000000ac100000|  0%| F|  |TAMS 0x00000000ac000000, 0x00000000ac000000| Untracked 
| 193|0x00000000ac100000, 0x00000000ac100000, 0x00000000ac200000|  0%| F|  |TAMS 0x00000000ac100000, 0x00000000ac100000| Untracked 
| 194|0x00000000ac200000, 0x00000000ac200000, 0x00000000ac300000|  0%| F|  |TAMS 0x00000000ac200000, 0x00000000ac200000| Untracked 
| 195|0x00000000ac300000, 0x00000000ac300000, 0x00000000ac400000|  0%| F|  |TAMS 0x00000000ac300000, 0x00000000ac300000| Untracked 
| 196|0x00000000ac400000, 0x00000000ac400000, 0x00000000ac500000|  0%| F|  |TAMS 0x00000000ac400000, 0x00000000ac400000| Untracked 
| 197|0x00000000ac500000, 0x00000000ac500000, 0x00000000ac600000|  0%| F|  |TAMS 0x00000000ac500000, 0x00000000ac500000| Untracked 
| 198|0x00000000ac600000, 0x00000000ac600000, 0x00000000ac700000|  0%| F|  |TAMS 0x00000000ac600000, 0x00000000ac600000| Untracked 
| 199|0x00000000ac700000, 0x00000000ac700000, 0x00000000ac800000|  0%| F|  |TAMS 0x00000000ac700000, 0x00000000ac700000| Untracked 
| 200|0x00000000ac800000, 0x00000000ac800000, 0x00000000ac900000|  0%| F|  |TAMS 0x00000000ac800000, 0x00000000ac800000| Untracked 
| 201|0x00000000ac900000, 0x00000000ac900000, 0x00000000aca00000|  0%| F|  |TAMS 0x00000000ac900000, 0x00000000ac900000| Untracked 
| 202|0x00000000aca00000, 0x00000000aca00000, 0x00000000acb00000|  0%| F|  |TAMS 0x00000000aca00000, 0x00000000aca00000| Untracked 
| 203|0x00000000acb00000, 0x00000000acb00000, 0x00000000acc00000|  0%| F|  |TAMS 0x00000000acb00000, 0x00000000acb00000| Untracked 
| 204|0x00000000acc00000, 0x00000000acc00000, 0x00000000acd00000|  0%| F|  |TAMS 0x00000000acc00000, 0x00000000acc00000| Untracked 
| 205|0x00000000acd00000, 0x00000000acd00000, 0x00000000ace00000|  0%| F|  |TAMS 0x00000000acd00000, 0x00000000acd00000| Untracked 
| 206|0x00000000ace00000, 0x00000000ace00000, 0x00000000acf00000|  0%| F|  |TAMS 0x00000000ace00000, 0x00000000ace00000| Untracked 
| 207|0x00000000acf00000, 0x00000000acf00000, 0x00000000ad000000|  0%| F|  |TAMS 0x00000000acf00000, 0x00000000acf00000| Untracked 
| 208|0x00000000ad000000, 0x00000000ad000000, 0x00000000ad100000|  0%| F|  |TAMS 0x00000000ad000000, 0x00000000ad000000| Untracked 
| 209|0x00000000ad100000, 0x00000000ad100000, 0x00000000ad200000|  0%| F|  |TAMS 0x00000000ad100000, 0x00000000ad100000| Untracked 
| 210|0x00000000ad200000, 0x00000000ad200000, 0x00000000ad300000|  0%| F|  |TAMS 0x00000000ad200000, 0x00000000ad200000| Untracked 
| 211|0x00000000ad300000, 0x00000000ad300000, 0x00000000ad400000|  0%| F|  |TAMS 0x00000000ad300000, 0x00000000ad300000| Untracked 
| 212|0x00000000ad400000, 0x00000000ad400000, 0x00000000ad500000|  0%| F|  |TAMS 0x00000000ad400000, 0x00000000ad400000| Untracked 
| 213|0x00000000ad500000, 0x00000000ad500000, 0x00000000ad600000|  0%| F|  |TAMS 0x00000000ad500000, 0x00000000ad500000| Untracked 
| 214|0x00000000ad600000, 0x00000000ad600000, 0x00000000ad700000|  0%| F|  |TAMS 0x00000000ad600000, 0x00000000ad600000| Untracked 
| 215|0x00000000ad700000, 0x00000000ad700000, 0x00000000ad800000|  0%| F|  |TAMS 0x00000000ad700000, 0x00000000ad700000| Untracked 
| 216|0x00000000ad800000, 0x00000000ad800000, 0x00000000ad900000|  0%| F|  |TAMS 0x00000000ad800000, 0x00000000ad800000| Untracked 
| 217|0x00000000ad900000, 0x00000000ad900000, 0x00000000ada00000|  0%| F|  |TAMS 0x00000000ad900000, 0x00000000ad900000| Untracked 
| 218|0x00000000ada00000, 0x00000000ada00000, 0x00000000adb00000|  0%| F|  |TAMS 0x00000000ada00000, 0x00000000ada00000| Untracked 
| 219|0x00000000adb00000, 0x00000000adb00000, 0x00000000adc00000|  0%| F|  |TAMS 0x00000000adb00000, 0x00000000adb00000| Untracked 
| 220|0x00000000adc00000, 0x00000000adc00000, 0x00000000add00000|  0%| F|  |TAMS 0x00000000adc00000, 0x00000000adc00000| Untracked 
| 221|0x00000000add00000, 0x00000000add00000, 0x00000000ade00000|  0%| F|  |TAMS 0x00000000add00000, 0x00000000add00000| Untracked 
| 222|0x00000000ade00000, 0x00000000ade00000, 0x00000000adf00000|  0%| F|  |TAMS 0x00000000ade00000, 0x00000000ade00000| Untracked 
| 223|0x00000000adf00000, 0x00000000adf00000, 0x00000000ae000000|  0%| F|  |TAMS 0x00000000adf00000, 0x00000000adf00000| Untracked 
| 224|0x00000000ae000000, 0x00000000ae000000, 0x00000000ae100000|  0%| F|  |TAMS 0x00000000ae000000, 0x00000000ae000000| Untracked 
| 225|0x00000000ae100000, 0x00000000ae100000, 0x00000000ae200000|  0%| F|  |TAMS 0x00000000ae100000, 0x00000000ae100000| Untracked 
| 226|0x00000000ae200000, 0x00000000ae200000, 0x00000000ae300000|  0%| F|  |TAMS 0x00000000ae200000, 0x00000000ae200000| Untracked 
| 227|0x00000000ae300000, 0x00000000ae300000, 0x00000000ae400000|  0%| F|  |TAMS 0x00000000ae300000, 0x00000000ae300000| Untracked 
| 228|0x00000000ae400000, 0x00000000ae400000, 0x00000000ae500000|  0%| F|  |TAMS 0x00000000ae400000, 0x00000000ae400000| Untracked 
| 229|0x00000000ae500000, 0x00000000ae500000, 0x00000000ae600000|  0%| F|  |TAMS 0x00000000ae500000, 0x00000000ae500000| Untracked 
| 230|0x00000000ae600000, 0x00000000ae600000, 0x00000000ae700000|  0%| F|  |TAMS 0x00000000ae600000, 0x00000000ae600000| Untracked 
| 231|0x00000000ae700000, 0x00000000ae700000, 0x00000000ae800000|  0%| F|  |TAMS 0x00000000ae700000, 0x00000000ae700000| Untracked 
| 232|0x00000000ae800000, 0x00000000ae800000, 0x00000000ae900000|  0%| F|  |TAMS 0x00000000ae800000, 0x00000000ae800000| Untracked 
| 233|0x00000000ae900000, 0x00000000ae900000, 0x00000000aea00000|  0%| F|  |TAMS 0x00000000ae900000, 0x00000000ae900000| Untracked 
| 234|0x00000000aea00000, 0x00000000aea00000, 0x00000000aeb00000|  0%| F|  |TAMS 0x00000000aea00000, 0x00000000aea00000| Untracked 
| 235|0x00000000aeb00000, 0x00000000aeb00000, 0x00000000aec00000|  0%| F|  |TAMS 0x00000000aeb00000, 0x00000000aeb00000| Untracked 
| 236|0x00000000aec00000, 0x00000000aec00000, 0x00000000aed00000|  0%| F|  |TAMS 0x00000000aec00000, 0x00000000aec00000| Untracked 
| 237|0x00000000aed00000, 0x00000000aed00000, 0x00000000aee00000|  0%| F|  |TAMS 0x00000000aed00000, 0x00000000aed00000| Untracked 
| 238|0x00000000aee00000, 0x00000000aee00000, 0x00000000aef00000|  0%| F|  |TAMS 0x00000000aee00000, 0x00000000aee00000| Untracked 
| 239|0x00000000aef00000, 0x00000000aef00000, 0x00000000af000000|  0%| F|  |TAMS 0x00000000aef00000, 0x00000000aef00000| Untracked 
| 240|0x00000000af000000, 0x00000000af000000, 0x00000000af100000|  0%| F|  |TAMS 0x00000000af000000, 0x00000000af000000| Untracked 
| 241|0x00000000af100000, 0x00000000af100000, 0x00000000af200000|  0%| F|  |TAMS 0x00000000af100000, 0x00000000af100000| Untracked 
| 242|0x00000000af200000, 0x00000000af200000, 0x00000000af300000|  0%| F|  |TAMS 0x00000000af200000, 0x00000000af200000| Untracked 
| 243|0x00000000af300000, 0x00000000af300000, 0x00000000af400000|  0%| F|  |TAMS 0x00000000af300000, 0x00000000af300000| Untracked 
| 244|0x00000000af400000, 0x00000000af400000, 0x00000000af500000|  0%| F|  |TAMS 0x00000000af400000, 0x00000000af400000| Untracked 
| 245|0x00000000af500000, 0x00000000af500000, 0x00000000af600000|  0%| F|  |TAMS 0x00000000af500000, 0x00000000af500000| Untracked 
| 246|0x00000000af600000, 0x00000000af600000, 0x00000000af700000|  0%| F|  |TAMS 0x00000000af600000, 0x00000000af600000| Untracked 
| 247|0x00000000af700000, 0x00000000af700000, 0x00000000af800000|  0%| F|  |TAMS 0x00000000af700000, 0x00000000af700000| Untracked 
| 248|0x00000000af800000, 0x00000000af800000, 0x00000000af900000|  0%| F|  |TAMS 0x00000000af800000, 0x00000000af800000| Untracked 
| 249|0x00000000af900000, 0x00000000af900000, 0x00000000afa00000|  0%| F|  |TAMS 0x00000000af900000, 0x00000000af900000| Untracked 
| 250|0x00000000afa00000, 0x00000000afa00000, 0x00000000afb00000|  0%| F|  |TAMS 0x00000000afa00000, 0x00000000afa00000| Untracked 
| 251|0x00000000afb00000, 0x00000000afb00000, 0x00000000afc00000|  0%| F|  |TAMS 0x00000000afb00000, 0x00000000afb00000| Untracked 
| 252|0x00000000afc00000, 0x00000000afc00000, 0x00000000afd00000|  0%| F|  |TAMS 0x00000000afc00000, 0x00000000afc00000| Untracked 
| 253|0x00000000afd00000, 0x00000000afd00000, 0x00000000afe00000|  0%| F|  |TAMS 0x00000000afd00000, 0x00000000afd00000| Untracked 

Card table byte_map: [0x000002407c0b0000,0x000002407c3b0000] _byte_map_base: 0x000002407bbb0000

Marking Bits (Prev, Next): (CMBitMap*) 0x000002407b9ed050, (CMBitMap*) 0x000002407b9ed090
 Prev Bits: [0x000002407c6b0000, 0x000002407deb0000)
 Next Bits: [0x000002407deb0000, 0x000002407f6b0000)

Polling page: 0x000002407b180000

Metaspace:

Usage:
  Non-class:     47.31 MB used.
      Class:      7.55 MB used.
       Both:     54.86 MB used.

Virtual space:
  Non-class space:       56.00 MB reserved,      47.62 MB ( 85%) committed,  7 nodes.
      Class space:        1.00 GB reserved,       7.81 MB ( <1%) committed,  1 nodes.
             Both:        1.05 GB reserved,      55.44 MB (  5%) committed. 

Chunk freelists:
   Non-Class:  3.88 MB
       Class:  16.00 KB
        Both:  3.89 MB

MaxMetaspaceSize: unlimited
CompressedClassSpaceSize: 1.00 GB
Initial GC threshold: 21.00 MB
Current GC threshold: 84.94 MB
CDS: on
MetaspaceReclaimPolicy: balanced
 - commit_granule_bytes: 65536.
 - commit_granule_words: 8192.
 - virtual_space_node_default_size: 1048576.
 - enlarge_chunks_in_place: 1.
 - new_chunks_are_fully_committed: 0.
 - uncommit_free_chunks: 1.
 - use_allocation_guard: 0.
 - handle_deallocations: 1.


Internal statistics:

num_allocs_failed_limit: 6.
num_arena_births: 760.
num_arena_deaths: 0.
num_vsnodes_births: 8.
num_vsnodes_deaths: 0.
num_space_committed: 887.
num_space_uncommitted: 0.
num_chunks_returned_to_freelist: 6.
num_chunks_taken_from_freelist: 3141.
num_chunk_merges: 6.
num_chunk_splits: 2006.
num_chunks_enlarged: 1308.
num_purges: 0.
num_inconsistent_stats: 0.

CodeHeap 'non-profiled nmethods': size=120000Kb used=4562Kb max_used=4562Kb free=115437Kb
 bounds [0x000002400f200000, 0x000002400f680000, 0x0000024016730000]
CodeHeap 'profiled nmethods': size=120000Kb used=15298Kb max_used=15298Kb free=104701Kb
 bounds [0x0000024007cd0000, 0x0000024008bd0000, 0x000002400f200000]
CodeHeap 'non-nmethods': size=5760Kb used=2348Kb max_used=2483Kb free=3411Kb
 bounds [0x0000024007730000, 0x00000240079b0000, 0x0000024007cd0000]
 total_blobs=8652 nmethods=7785 adapters=779
 compilation: enabled
              stopped_count=0, restarted_count=0
 full_count=0

Compilation events (20 events):
Event: 38.485 Thread 0x00000240188f3280 8629       3       com.google.common.reflect.TypeResolver$TypeTable::resolve (20 bytes)
Event: 38.486 Thread 0x00000240188f3280 nmethod 8629 0x0000024008bbaa10 code [0x0000024008bbabe0, 0x0000024008bbb128]
Event: 38.493 Thread 0x00000240188f3280 8630       3       java.lang.ThreadLocal$SuppliedThreadLocal::initialValue (10 bytes)
Event: 38.494 Thread 0x00000240188f3280 nmethod 8630 0x0000024008bbb290 code [0x0000024008bbb440, 0x0000024008bbb608]
Event: 38.510 Thread 0x00000240188f3280 8632       3       org.gradle.api.internal.DefaultMutationGuard$$Lambda$260/0x0000000800efa6b8::get (4 bytes)
Event: 38.511 Thread 0x00000240188f3280 nmethod 8632 0x0000024008bbb710 code [0x0000024008bbb8c0, 0x0000024008bbbab8]
Event: 38.511 Thread 0x00000240188f3280 8633       3       org.gradle.api.internal.DefaultMutationGuard::lambda$new$6f6278e5$1 (5 bytes)
Event: 38.511 Thread 0x00000240188f3280 nmethod 8633 0x0000024008bbbb90 code [0x0000024008bbbd20, 0x0000024008bbbe98]
Event: 38.512 Thread 0x00000240188f3280 8634       3       com.google.common.cache.LocalCache$LocalLoadingCache::get (9 bytes)
Event: 38.512 Thread 0x00000240188f3280 nmethod 8634 0x0000024008bbbf90 code [0x0000024008bbc140, 0x0000024008bbc308]
Event: 38.512 Thread 0x00000240188f3280 8635       3       com.google.common.cache.LocalCache::getOrLoad (10 bytes)
Event: 38.512 Thread 0x00000240188f3280 nmethod 8635 0x0000024008bbc410 code [0x0000024008bbc5c0, 0x0000024008bbc708]
Event: 38.513 Thread 0x00000240188f3280 8636       3       com.google.common.cache.LocalCache$Segment::getLiveValue (61 bytes)
Event: 38.516 Thread 0x00000240188f3280 nmethod 8636 0x0000024008bbc790 code [0x0000024008bbcbc0, 0x0000024008bbed18]
Event: 38.546 Thread 0x00000240188f3280 8638       3       org.gradle.internal.instantiation.generator.AsmBackedClassGenerator$ClassBuilderImpl$$Lambda$154/0x0000000800dcf768::<init> (50 bytes)
Event: 38.547 Thread 0x00000240188f3280 nmethod 8638 0x0000024008bbf710 code [0x0000024008bbf8c0, 0x0000024008bbfc78]
Event: 38.547 Thread 0x00000240188f3280 8639       3       sun.reflect.generics.reflectiveObjects.WildcardTypeImpl::make (11 bytes)
Event: 38.548 Thread 0x00000240188f3280 nmethod 8639 0x0000024008bbfd90 code [0x0000024008bbff40, 0x0000024008bc02d8]
Event: 38.548 Thread 0x00000240188f3280 8640       3       org.gradle.model.internal.asm.AsmClassGeneratorUtils::visitTypes (33 bytes)
Event: 38.548 Thread 0x00000240188f3280 nmethod 8640 0x0000024008bc0410 code [0x0000024008bc05c0, 0x0000024008bc07c8]

GC Heap History (20 events):
Event: 33.737 GC heap after
{Heap after GC invocations=18 (full 0):
 garbage-first heap   total 89088K, used 46923K [0x00000000a0000000, 0x0000000100000000)
  region size 1024K, 1 young (1024K), 1 survivors (1024K)
 Metaspace       used 47814K, committed 48320K, reserved 1097728K
  class space    used 6635K, committed 6848K, reserved 1048576K
}
Event: 34.146 GC heap before
{Heap before GC invocations=18 (full 0):
 garbage-first heap   total 89088K, used 71499K [0x00000000a0000000, 0x0000000100000000)
  region size 1024K, 26 young (26624K), 1 survivors (1024K)
 Metaspace       used 47818K, committed 48320K, reserved 1097728K
  class space    used 6635K, committed 6848K, reserved 1048576K
}
Event: 34.153 GC heap after
{Heap after GC invocations=19 (full 0):
 garbage-first heap   total 89088K, used 48564K [0x00000000a0000000, 0x0000000100000000)
  region size 1024K, 3 young (3072K), 3 survivors (3072K)
 Metaspace       used 47818K, committed 48320K, reserved 1097728K
  class space    used 6635K, committed 6848K, reserved 1048576K
}
Event: 35.074 GC heap before
{Heap before GC invocations=20 (full 0):
 garbage-first heap   total 89088K, used 76212K [0x00000000a0000000, 0x0000000100000000)
  region size 1024K, 26 young (26624K), 3 survivors (3072K)
 Metaspace       used 47945K, committed 48512K, reserved 1097728K
  class space    used 6654K, committed 6912K, reserved 1048576K
}
Event: 35.079 GC heap after
{Heap after GC invocations=21 (full 0):
 garbage-first heap   total 89088K, used 58674K [0x00000000a0000000, 0x0000000100000000)
  region size 1024K, 4 young (4096K), 4 survivors (4096K)
 Metaspace       used 47945K, committed 48512K, reserved 1097728K
  class space    used 6654K, committed 6912K, reserved 1048576K
}
Event: 35.080 GC heap before
{Heap before GC invocations=21 (full 0):
 garbage-first heap   total 89088K, used 58674K [0x00000000a0000000, 0x0000000100000000)
  region size 1024K, 5 young (5120K), 4 survivors (4096K)
 Metaspace       used 47945K, committed 48512K, reserved 1097728K
  class space    used 6654K, committed 6912K, reserved 1048576K
}
Event: 35.085 GC heap after
{Heap after GC invocations=22 (full 0):
 garbage-first heap   total 89088K, used 57148K [0x00000000a0000000, 0x0000000100000000)
  region size 1024K, 1 young (1024K), 1 survivors (1024K)
 Metaspace       used 47945K, committed 48512K, reserved 1097728K
  class space    used 6654K, committed 6912K, reserved 1048576K
}
Event: 35.533 GC heap before
{Heap before GC invocations=22 (full 0):
 garbage-first heap   total 89088K, used 69436K [0x00000000a0000000, 0x0000000100000000)
  region size 1024K, 14 young (14336K), 1 survivors (1024K)
 Metaspace       used 48520K, committed 49024K, reserved 1097728K
  class space    used 6747K, committed 6976K, reserved 1048576K
}
Event: 35.538 GC heap after
{Heap after GC invocations=23 (full 0):
 garbage-first heap   total 89088K, used 59581K [0x00000000a0000000, 0x0000000100000000)
  region size 1024K, 2 young (2048K), 2 survivors (2048K)
 Metaspace       used 48520K, committed 49024K, reserved 1097728K
  class space    used 6747K, committed 6976K, reserved 1048576K
}
Event: 35.998 GC heap before
{Heap before GC invocations=24 (full 0):
 garbage-first heap   total 102400K, used 69821K [0x00000000a0000000, 0x0000000100000000)
  region size 1024K, 13 young (13312K), 2 survivors (2048K)
 Metaspace       used 49261K, committed 49792K, reserved 1097728K
  class space    used 6831K, committed 7040K, reserved 1048576K
}
Event: 36.003 GC heap after
{Heap after GC invocations=25 (full 0):
 garbage-first heap   total 102400K, used 61063K [0x00000000a0000000, 0x0000000100000000)
  region size 1024K, 2 young (2048K), 2 survivors (2048K)
 Metaspace       used 49261K, committed 49792K, reserved 1097728K
  class space    used 6831K, committed 7040K, reserved 1048576K
}
Event: 36.081 GC heap before
{Heap before GC invocations=25 (full 0):
 garbage-first heap   total 102400K, used 64135K [0x00000000a0000000, 0x0000000100000000)
  region size 1024K, 5 young (5120K), 2 survivors (2048K)
 Metaspace       used 49467K, committed 50048K, reserved 1097728K
  class space    used 6850K, committed 7104K, reserved 1048576K
}
Event: 36.083 GC heap after
{Heap after GC invocations=26 (full 0):
 garbage-first heap   total 102400K, used 62527K [0x00000000a0000000, 0x0000000100000000)
  region size 1024K, 1 young (1024K), 1 survivors (1024K)
 Metaspace       used 49467K, committed 50048K, reserved 1097728K
  class space    used 6850K, committed 7104K, reserved 1048576K
}
Event: 36.763 GC heap before
{Heap before GC invocations=26 (full 0):
 garbage-first heap   total 102400K, used 81983K [0x00000000a0000000, 0x0000000100000000)
  region size 1024K, 20 young (20480K), 1 survivors (1024K)
 Metaspace       used 51193K, committed 51840K, reserved 1097728K
  class space    used 7080K, committed 7360K, reserved 1048576K
}
Event: 36.766 GC heap after
{Heap after GC invocations=27 (full 0):
 garbage-first heap   total 102400K, used 63373K [0x00000000a0000000, 0x0000000100000000)
  region size 1024K, 2 young (2048K), 2 survivors (2048K)
 Metaspace       used 51193K, committed 51840K, reserved 1097728K
  class space    used 7080K, committed 7360K, reserved 1048576K
}
Event: 37.256 GC heap before
{Heap before GC invocations=28 (full 0):
 garbage-first heap   total 116736K, used 80781K [0x00000000a0000000, 0x0000000100000000)
  region size 1024K, 19 young (19456K), 2 survivors (2048K)
 Metaspace       used 52936K, committed 53568K, reserved 1097728K
  class space    used 7255K, committed 7552K, reserved 1048576K
}
Event: 37.260 GC heap after
{Heap after GC invocations=29 (full 0):
 garbage-first heap   total 116736K, used 64022K [0x00000000a0000000, 0x0000000100000000)
  region size 1024K, 2 young (2048K), 2 survivors (2048K)
 Metaspace       used 52936K, committed 53568K, reserved 1097728K
  class space    used 7255K, committed 7552K, reserved 1048576K
}
Event: 37.399 GC heap before
{Heap before GC invocations=29 (full 0):
 garbage-first heap   total 116736K, used 66070K [0x00000000a0000000, 0x0000000100000000)
  region size 1024K, 5 young (5120K), 2 survivors (2048K)
 Metaspace       used 53333K, committed 53952K, reserved 1097728K
  class space    used 7312K, committed 7616K, reserved 1048576K
}
Event: 37.403 GC heap after
{Heap after GC invocations=30 (full 0):
 garbage-first heap   total 116736K, used 63907K [0x00000000a0000000, 0x0000000100000000)
  region size 1024K, 1 young (1024K), 1 survivors (1024K)
 Metaspace       used 53333K, committed 53952K, reserved 1097728K
  class space    used 7312K, committed 7616K, reserved 1048576K
}
Event: 38.618 GC heap before
{Heap before GC invocations=30 (full 0):
 garbage-first heap   total 116736K, used 93603K [0x00000000a0000000, 0x0000000100000000)
  region size 1024K, 30 young (30720K), 1 survivors (1024K)
 Metaspace       used 56175K, committed 56768K, reserved 1105920K
  class space    used 7729K, committed 8000K, reserved 1048576K
}

Deoptimization events (20 events):
Event: 38.357 Thread 0x00000240188ee430 Uncommon trap: trap_request=0xffffffc6 fr.pc=0x000002400f4a2fb4 relative=0x00000000000008b4
Event: 38.357 Thread 0x00000240188ee430 Uncommon trap: reason=bimorphic_or_optimized_type_check action=maybe_recompile pc=0x000002400f4a2fb4 method=java.util.regex.Pattern$Start.match(Ljava/util/regex/Matcher;ILjava/lang/CharSequence;)Z @ 44 c2
Event: 38.357 Thread 0x00000240188ee430 DEOPT PACKING pc=0x000002400f4a2fb4 sp=0x000000a3579f34c0
Event: 38.357 Thread 0x00000240188ee430 DEOPT UNPACKING pc=0x00000240077823a3 sp=0x000000a3579f33a8 mode 2
Event: 38.358 Thread 0x00000240188ee430 Uncommon trap: trap_request=0xffffffc6 fr.pc=0x000002400f4a2fb4 relative=0x00000000000008b4
Event: 38.358 Thread 0x00000240188ee430 Uncommon trap: reason=bimorphic_or_optimized_type_check action=maybe_recompile pc=0x000002400f4a2fb4 method=java.util.regex.Pattern$Start.match(Ljava/util/regex/Matcher;ILjava/lang/CharSequence;)Z @ 44 c2
Event: 38.358 Thread 0x00000240188ee430 DEOPT PACKING pc=0x000002400f4a2fb4 sp=0x000000a3579f34c0
Event: 38.358 Thread 0x00000240188ee430 DEOPT UNPACKING pc=0x00000240077823a3 sp=0x000000a3579f33a8 mode 2
Event: 38.359 Thread 0x00000240188ee430 Uncommon trap: trap_request=0xffffffc6 fr.pc=0x000002400f4a0e20 relative=0x0000000000000840
Event: 38.359 Thread 0x00000240188ee430 Uncommon trap: reason=bimorphic_or_optimized_type_check action=maybe_recompile pc=0x000002400f4a0e20 method=java.util.regex.Pattern$Start.match(Ljava/util/regex/Matcher;ILjava/lang/CharSequence;)Z @ 44 c2
Event: 38.359 Thread 0x00000240188ee430 DEOPT PACKING pc=0x000002400f4a0e20 sp=0x000000a3579f3440
Event: 38.359 Thread 0x00000240188ee430 DEOPT UNPACKING pc=0x00000240077823a3 sp=0x000000a3579f33a0 mode 2
Event: 38.359 Thread 0x00000240188ee430 Uncommon trap: trap_request=0xffffffc6 fr.pc=0x000002400f4a1ed4 relative=0x0000000000000674
Event: 38.359 Thread 0x00000240188ee430 Uncommon trap: reason=bimorphic_or_optimized_type_check action=maybe_recompile pc=0x000002400f4a1ed4 method=java.util.regex.Pattern$Start.match(Ljava/util/regex/Matcher;ILjava/lang/CharSequence;)Z @ 44 c2
Event: 38.359 Thread 0x00000240188ee430 DEOPT PACKING pc=0x000002400f4a1ed4 sp=0x000000a3579f33c0
Event: 38.360 Thread 0x00000240188ee430 DEOPT UNPACKING pc=0x00000240077823a3 sp=0x000000a3579f33a0 mode 2
Event: 38.615 Thread 0x00000240188ee430 Uncommon trap: trap_request=0xffffff45 fr.pc=0x000002400f3121b0 relative=0x0000000000000090
Event: 38.615 Thread 0x00000240188ee430 Uncommon trap: reason=unstable_if action=reinterpret pc=0x000002400f3121b0 method=java.util.jar.JarFile.maybeInstantiateVerifier()V @ 27 c2
Event: 38.615 Thread 0x00000240188ee430 DEOPT PACKING pc=0x000002400f3121b0 sp=0x000000a3579f2660
Event: 38.615 Thread 0x00000240188ee430 DEOPT UNPACKING pc=0x00000240077823a3 sp=0x000000a3579f25f0 mode 2

Classes unloaded (0 events):
No events

Classes redefined (0 events):
No events

Internal exceptions (20 events):
Event: 35.467 Thread 0x00000240188ee430 Exception <a 'java/lang/ClassNotFoundException'{0x00000000a4a80408}: org/gradle/api/internal/plugins/DefaultPluginCollectionCustomizer> (0x00000000a4a80408) 
thrown [t:\workspace\open\src\hotspot\share\classfile\systemDictionary.cpp, line 256]
Event: 35.472 Thread 0x00000240188ee430 Exception <a 'java/lang/ClassNotFoundException'{0x00000000a4ab6b10}: org/gradle/api/internal/plugins/DefaultPluginContainerCustomizer> (0x00000000a4ab6b10) 
thrown [t:\workspace\open\src\hotspot\share\classfile\systemDictionary.cpp, line 256]
Event: 35.500 Thread 0x00000240188ee430 Exception <a 'java/lang/ClassNotFoundException'{0x00000000a4932c80}: GradleAnnotationProcessorPatchPluginBeanInfo> (0x00000000a4932c80) 
thrown [t:\workspace\open\src\hotspot\share\classfile\systemDictionary.cpp, line 256]
Event: 35.502 Thread 0x00000240188ee430 Exception <a 'java/lang/ClassNotFoundException'{0x00000000a493e648}: GradleAnnotationProcessorPatchPluginCustomizer> (0x00000000a493e648) 
thrown [t:\workspace\open\src\hotspot\share\classfile\systemDictionary.cpp, line 256]
Event: 35.509 Thread 0x00000240188ee430 Exception <a 'java/lang/ClassNotFoundException'{0x00000000a496c300}: GradleAnnotationProcessorPatchPlugin$AnnotationProcessorModelBuilderBeanInfo> (0x00000000a496c300) 
thrown [t:\workspace\open\src\hotspot\share\classfile\systemDictionary.cpp, line 256]
Event: 35.511 Thread 0x00000240188ee430 Exception <a 'java/lang/ClassNotFoundException'{0x00000000a4977f18}: GradleAnnotationProcessorPatchPlugin$AnnotationProcessorModelBuilderCustomizer> (0x00000000a4977f18) 
thrown [t:\workspace\open\src\hotspot\share\classfile\systemDictionary.cpp, line 256]
Event: 35.530 Thread 0x00000240188ee430 Exception <a 'java/lang/ClassNotFoundException'{0x00000000a49eaeb0}: org/gradle/tooling/provider/model/internal/DefaultToolingModelBuilderRegistryBeanInfo> (0x00000000a49eaeb0) 
thrown [t:\workspace\open\src\hotspot\share\classfile\systemDictionary.cpp, line 256]
Event: 35.539 Thread 0x00000240188ee430 Exception <a 'java/lang/ClassNotFoundException'{0x00000000afd022d0}: org/gradle/tooling/provider/model/internal/DefaultToolingModelBuilderRegistryCustomizer> (0x00000000afd022d0) 
thrown [t:\workspace\open\src\hotspot\share\classfile\systemDictionary.cpp, line 256]
Event: 35.546 Thread 0x00000240188ee430 Exception <a 'java/lang/NoSuchMethodError'{0x00000000afd2a7b0}: 'long java.lang.invoke.DirectMethodHandle$Holder.invokeVirtual(java.lang.Object, java.lang.Object)'> (0x00000000afd2a7b0) 
thrown [t:\workspace\open\src\hotspot\share\interpreter\linkResolver.cpp, line 766]
Event: 35.557 Thread 0x000002401ad57370 Exception <a 'java/lang/NoSuchMethodError'{0x00000000afd6ee00}: static Lorg/gradle/internal/build/event/types/DefaultProjectConfigurationSuccessResult;.<clinit>()V> (0x00000000afd6ee00) 
thrown [t:\workspace\open\src\hotspot\share\prims\jni.cpp, line 1107]
Event: 35.557 Thread 0x000002401ad57370 Exception <a 'java/lang/NoSuchMethodError'{0x00000000afd6fed0}: static Lorg/gradle/internal/build/event/types/AbstractProjectConfigurationResult;.<clinit>()V> (0x00000000afd6fed0) 
thrown [t:\workspace\open\src\hotspot\share\prims\jni.cpp, line 1107]
Event: 35.560 Thread 0x000002401ad57370 Exception <a 'java/lang/NoSuchMethodError'{0x00000000afd82ec8}: static Lorg/gradle/internal/build/event/types/DefaultPluginApplicationResult;.<clinit>()V> (0x00000000afd82ec8) 
thrown [t:\workspace\open\src\hotspot\share\prims\jni.cpp, line 1107]
Event: 35.570 Thread 0x000002401ad57370 Exception <a 'java/lang/NoSuchMethodError'{0x00000000afdc0df8}: static Lorg/gradle/internal/build/event/types/DefaultBinaryPluginIdentifier;.<clinit>()V> (0x00000000afdc0df8) 
thrown [t:\workspace\open\src\hotspot\share\prims\jni.cpp, line 1107]
Event: 35.576 Thread 0x000002401ad57370 Exception <a 'java/lang/NoSuchMethodError'{0x00000000afdda200}: static Lorg/gradle/internal/build/event/types/DefaultScriptPluginIdentifier;.<clinit>()V> (0x00000000afdda200) 
thrown [t:\workspace\open\src\hotspot\share\prims\jni.cpp, line 1107]
Event: 35.662 Thread 0x00000240188ee430 Exception <a 'java/lang/ClassNotFoundException'{0x00000000ae7e5eb8}: build_53xp8vdxrbht0g83gy231in2hBeanInfo> (0x00000000ae7e5eb8) 
thrown [t:\workspace\open\src\hotspot\share\classfile\systemDictionary.cpp, line 256]
Event: 35.664 Thread 0x00000240188ee430 Exception <a 'java/lang/ClassNotFoundException'{0x00000000ae7ed3f8}: build_53xp8vdxrbht0g83gy231in2hCustomizer> (0x00000000ae7ed3f8) 
thrown [t:\workspace\open\src\hotspot\share\classfile\systemDictionary.cpp, line 256]
Event: 36.565 Thread 0x00000240188ee430 Exception <a 'java/lang/NoSuchMethodError'{0x00000000a55b36f0}: 'java.lang.Object java.lang.invoke.DirectMethodHandle$Holder.invokeSpecial(java.lang.Object, java.lang.Object, long, java.lang.Object, java.lang.Object, java.lang.Object, java.lang.Object, java.lang.Object, java.lang.Object, java.lang.Object, java.lang.Object, java.lang.Object)'> (0x00000000a55b36f0) 
thrown [t:\workspace\open\src\hotspot\share\interpreter\linkResolver.cpp, line 766]
Event: 36.566 Thread 0x00000240188ee430 Exception <a 'java/lang/NoSuchMethodError'{0x00000000a55b9130}: 'java.lang.Object java.lang.invoke.DelegatingMethodHandle$Holder.reinvoke_L(java.lang.Object, long, java.lang.Object, java.lang.Object, java.lang.Object, java.lang.Object, java.lang.Object, java.lang.Object, java.lang.Object, java.lang.Object, java.lang.Object)'> (0x00000000a55b9130) 
thrown [t:\workspace\open\src\hotspot\share\interpreter\linkResolver.cpp, line 766]
Event: 36.789 Thread 0x00000240188ee430 Exception <a 'java/lang/NoSuchMethodError'{0x00000000afde5488}: 'int java.lang.invoke.DirectMethodHandle$Holder.invokeSpecialIFC(java.lang.Object, java.lang.Object, java.lang.Object, java.lang.Object, java.lang.Object)'> (0x00000000afde5488) 
thrown [t:\workspace\open\src\hotspot\share\interpreter\linkResolver.cpp, line 766]
Event: 38.410 Thread 0x00000240188ee430 Exception <a 'java/lang/NoSuchMethodError'{0x00000000a5bdd1b0}: 'void java.lang.invoke.DirectMethodHandle$Holder.invokeVirtual(java.lang.Object, java.lang.Object)'> (0x00000000a5bdd1b0) 
thrown [t:\workspace\open\src\hotspot\share\interpreter\linkResolver.cpp, line 766]

VM Operations (20 events):
Event: 35.649 Executing VM operation: G1Concurrent done
Event: 35.697 Executing VM operation: G1Concurrent
Event: 35.697 Executing VM operation: G1Concurrent done
Event: 35.998 Executing VM operation: G1CollectForAllocation
Event: 36.003 Executing VM operation: G1CollectForAllocation done
Event: 36.081 Executing VM operation: G1CollectForAllocation
Event: 36.083 Executing VM operation: G1CollectForAllocation done
Event: 36.763 Executing VM operation: G1CollectForAllocation
Event: 36.767 Executing VM operation: G1CollectForAllocation done
Event: 36.869 Executing VM operation: G1Concurrent
Event: 36.876 Executing VM operation: G1Concurrent done
Event: 36.931 Executing VM operation: G1Concurrent
Event: 36.931 Executing VM operation: G1Concurrent done
Event: 37.256 Executing VM operation: G1CollectForAllocation
Event: 37.260 Executing VM operation: G1CollectForAllocation done
Event: 37.398 Executing VM operation: G1CollectForAllocation
Event: 37.403 Executing VM operation: G1CollectForAllocation done
Event: 38.303 Executing VM operation: HandshakeAllThreads
Event: 38.303 Executing VM operation: HandshakeAllThreads done
Event: 38.618 Executing VM operation: G1CollectForAllocation

Events (20 events):
Event: 38.242 loading class javax/xml/parsers/FactoryFinder$1
Event: 38.243 loading class javax/xml/parsers/FactoryFinder$1 done
Event: 38.244 loading class com/sun/org/apache/xerces/internal/jaxp/DocumentBuilderFactoryImpl
Event: 38.245 loading class com/sun/org/apache/xerces/internal/jaxp/DocumentBuilderFactoryImpl done
Event: 38.245 loading class com/sun/org/apache/xerces/internal/utils/XMLSecurityManager
Event: 38.246 loading class com/sun/org/apache/xerces/internal/utils/XMLSecurityManager done
Event: 38.246 loading class com/sun/org/apache/xerces/internal/utils/XMLSecurityManager$Limit
Event: 38.247 loading class com/sun/org/apache/xerces/internal/utils/XMLSecurityManager$Limit done
Event: 38.247 loading class com/sun/org/apache/xerces/internal/utils/XMLSecurityManager$NameMap
Event: 38.247 loading class com/sun/org/apache/xerces/internal/utils/XMLSecurityManager$NameMap done
Event: 38.247 loading class com/sun/org/apache/xerces/internal/utils/XMLSecurityPropertyManager
Event: 38.248 loading class com/sun/org/apache/xerces/internal/utils/XMLSecurityPropertyManager done
Event: 38.248 loading class com/sun/org/apache/xerces/internal/utils/XMLSecurityPropertyManager$State
Event: 38.248 loading class com/sun/org/apache/xerces/internal/utils/XMLSecurityPropertyManager$State done
Event: 38.249 loading class com/sun/org/apache/xerces/internal/utils/XMLSecurityPropertyManager$Property
Event: 38.249 loading class com/sun/org/apache/xerces/internal/utils/XMLSecurityPropertyManager$Property done
Event: 38.268 Thread 0x000002401deeba60 Thread added: 0x000002401deeba60
Event: 38.347 loading class java/util/regex/Pattern$SliceI
Event: 38.347 loading class java/util/regex/Pattern$SliceI done
Event: 38.399 Thread 0x000002401ec4cf10 Thread added: 0x000002401ec4cf10


Dynamic libraries:
0x00007ff6686c0000 - 0x00007ff6686d0000 	C:\Program Files\Java\jdk-17\bin\java.exe
0x00007fff07dc0000 - 0x00007fff08027000 	C:\WINDOWS\SYSTEM32\ntdll.dll
0x00007fff066b0000 - 0x00007fff06779000 	C:\WINDOWS\System32\KERNEL32.DLL
0x00007fff04aa0000 - 0x00007fff04e91000 	C:\WINDOWS\System32\KERNELBASE.dll
0x00007fff04730000 - 0x00007fff0487b000 	C:\WINDOWS\System32\ucrtbase.dll
0x00007ffef1770000 - 0x00007ffef178a000 	C:\Program Files\Java\jdk-17\bin\VCRUNTIME140.dll
0x00007ffef14f0000 - 0x00007ffef1508000 	C:\Program Files\Java\jdk-17\bin\jli.dll
0x00007fff07700000 - 0x00007fff077bb000 	C:\WINDOWS\System32\ADVAPI32.dll
0x00007fff06e50000 - 0x00007fff06ef9000 	C:\WINDOWS\System32\msvcrt.dll
0x00007fff07cb0000 - 0x00007fff07d57000 	C:\WINDOWS\System32\sechost.dll
0x00007fff06000000 - 0x00007fff06118000 	C:\WINDOWS\System32\RPCRT4.dll
0x00007fff06120000 - 0x00007fff062e5000 	C:\WINDOWS\System32\USER32.dll
0x00007fff05b30000 - 0x00007fff05b57000 	C:\WINDOWS\System32\win32u.dll
0x00007ffeeaa70000 - 0x00007ffeead03000 	C:\WINDOWS\WinSxS\amd64_microsoft.windows.common-controls_6595b64144ccf1df_6.0.26100.8037_none_3e092faae333b53b\COMCTL32.dll
0x00007fff05f10000 - 0x00007fff05f3b000 	C:\WINDOWS\System32\GDI32.dll
0x00007fff050e0000 - 0x00007fff0520b000 	C:\WINDOWS\System32\gdi32full.dll
0x00007fff049f0000 - 0x00007fff04a93000 	C:\WINDOWS\System32\msvcp_win.dll
0x00007fff024f0000 - 0x00007fff024fb000 	C:\WINDOWS\SYSTEM32\VERSION.dll
0x00007fff06db0000 - 0x00007fff06de1000 	C:\WINDOWS\System32\IMM32.DLL
0x00007ffef17c0000 - 0x00007ffef17cc000 	C:\Program Files\Java\jdk-17\bin\vcruntime140_1.dll
0x00007ffeda200000 - 0x00007ffeda28d000 	C:\Program Files\Java\jdk-17\bin\msvcp140.dll
0x00007ffe1c6e0000 - 0x00007ffe1d29e000 	C:\Program Files\Java\jdk-17\bin\server\jvm.dll
0x00007fff05f70000 - 0x00007fff05f78000 	C:\WINDOWS\System32\PSAPI.DLL
0x00007ffef1870000 - 0x00007ffef187a000 	C:\WINDOWS\SYSTEM32\WSOCK32.dll
0x00007fff06630000 - 0x00007fff066a4000 	C:\WINDOWS\System32\WS2_32.dll
0x00007ffeead60000 - 0x00007ffeead95000 	C:\WINDOWS\SYSTEM32\WINMM.dll
0x00007fff033f0000 - 0x00007fff0340b000 	C:\WINDOWS\SYSTEM32\kernel.appcore.dll
0x00007ffef1470000 - 0x00007ffef147a000 	C:\Program Files\Java\jdk-17\bin\jimage.dll
0x00007fff020b0000 - 0x00007fff022f2000 	C:\WINDOWS\SYSTEM32\DBGHELP.DLL
0x00007fff05b60000 - 0x00007fff05ee2000 	C:\WINDOWS\System32\combase.dll
0x00007fff062f0000 - 0x00007fff063c7000 	C:\WINDOWS\System32\OLEAUT32.dll
0x00007ffee80f0000 - 0x00007ffee812b000 	C:\WINDOWS\SYSTEM32\dbgcore.DLL
0x00007fff05a80000 - 0x00007fff05b25000 	C:\WINDOWS\System32\bcryptPrimitives.dll
0x00007ffef1460000 - 0x00007ffef146e000 	C:\Program Files\Java\jdk-17\bin\instrument.dll
0x00007ffeef3e0000 - 0x00007ffeef405000 	C:\Program Files\Java\jdk-17\bin\java.dll
0x00007ffeda030000 - 0x00007ffeda106000 	C:\Program Files\Java\jdk-17\bin\svml.dll
0x00007fff06f90000 - 0x00007fff076ef000 	C:\WINDOWS\System32\SHELL32.dll
0x00007fff04880000 - 0x00007fff049ea000 	C:\WINDOWS\System32\wintypes.dll
0x00007fff05210000 - 0x00007fff05a74000 	C:\WINDOWS\System32\windows.storage.dll
0x00007fff06530000 - 0x00007fff06627000 	C:\WINDOWS\System32\SHCORE.dll
0x00007fff077c0000 - 0x00007fff07827000 	C:\WINDOWS\System32\shlwapi.dll
0x00007fff045c0000 - 0x00007fff045e9000 	C:\WINDOWS\SYSTEM32\profapi.dll
0x00007ffef13a0000 - 0x00007ffef13b8000 	C:\Program Files\Java\jdk-17\bin\zip.dll
0x00007ffef1200000 - 0x00007ffef1219000 	C:\Program Files\Java\jdk-17\bin\net.dll
0x00007ffef4cc0000 - 0x00007ffef4de7000 	C:\WINDOWS\SYSTEM32\WINHTTP.dll
0x00007fff03940000 - 0x00007fff039ab000 	C:\WINDOWS\system32\mswsock.dll
0x00007ffef0fd0000 - 0x00007ffef0fe5000 	C:\Program Files\Java\jdk-17\bin\nio.dll
0x00007ffef0e00000 - 0x00007ffef0e10000 	C:\Program Files\Java\jdk-17\bin\verify.dll
0x00007ffeda000000 - 0x00007ffeda027000 	C:\Users\Ramana\.gradle\native\1def1411415f61bf3af743bc5b6707747c0891f09f0c88961ee8f79bc544acac\windows-amd64\native-platform.dll
0x00007ffee2650000 - 0x00007ffee26c8000 	C:\Users\Ramana\.gradle\native\0.2.7\x86_64-windows-gnu\gradle-fileevents.dll
0x00007ffef0970000 - 0x00007ffef0979000 	C:\Program Files\Java\jdk-17\bin\management.dll
0x00007ffef0960000 - 0x00007ffef096b000 	C:\Program Files\Java\jdk-17\bin\management_ext.dll
0x00007fff02d00000 - 0x00007fff02d33000 	C:\WINDOWS\SYSTEM32\IPHLPAPI.DLL
0x00007fff07830000 - 0x00007fff0783a000 	C:\WINDOWS\System32\NSI.dll
0x00007ffef2ba0000 - 0x00007ffef2bbd000 	C:\WINDOWS\SYSTEM32\dhcpcsvc6.DLL
0x00007ffef2b70000 - 0x00007ffef2b93000 	C:\WINDOWS\SYSTEM32\dhcpcsvc.DLL
0x00007fff02e70000 - 0x00007fff02f9a000 	C:\WINDOWS\SYSTEM32\DNSAPI.dll
0x00007fff03d40000 - 0x00007fff03d5b000 	C:\WINDOWS\SYSTEM32\CRYPTSP.dll
0x00007fff03350000 - 0x00007fff03389000 	C:\WINDOWS\system32\rsaenh.dll
0x00007fff039f0000 - 0x00007fff03a22000 	C:\WINDOWS\SYSTEM32\USERENV.dll
0x00007fff04590000 - 0x00007fff045ba000 	C:\WINDOWS\SYSTEM32\bcrypt.dll
0x00007fff03d20000 - 0x00007fff03d2c000 	C:\WINDOWS\SYSTEM32\CRYPTBASE.dll
0x00007ffef0200000 - 0x00007ffef020e000 	C:\Program Files\Java\jdk-17\bin\sunmscapi.dll
0x00007fff04ea0000 - 0x00007fff05017000 	C:\WINDOWS\System32\CRYPT32.dll
0x00007fff03ea0000 - 0x00007fff03ed0000 	C:\WINDOWS\SYSTEM32\ncrypt.dll
0x00007fff03e50000 - 0x00007fff03e8f000 	C:\WINDOWS\SYSTEM32\NTASN1.dll
0x00007ffec3110000 - 0x00007ffec3118000 	C:\WINDOWS\system32\wshunix.dll

dbghelp: loaded successfully - version: 4.0.5 - missing functions: none
symbol engine: initialized successfully - sym options: 0x614 - pdb path: .;C:\Program Files\Java\jdk-17\bin;C:\WINDOWS\SYSTEM32;C:\WINDOWS\WinSxS\amd64_microsoft.windows.common-controls_6595b64144ccf1df_6.0.26100.8037_none_3e092faae333b53b;C:\Program Files\Java\jdk-17\bin\server;C:\Users\Ramana\.gradle\native\1def1411415f61bf3af743bc5b6707747c0891f09f0c88961ee8f79bc544acac\windows-amd64;C:\Users\Ramana\.gradle\native\0.2.7\x86_64-windows-gnu

VM Arguments:
jvm_args: --add-opens=java.base/java.lang=ALL-UNNAMED --add-opens=java.base/java.lang.invoke=ALL-UNNAMED --add-opens=java.base/java.util=ALL-UNNAMED --add-opens=java.prefs/java.util.prefs=ALL-UNNAMED --add-exports=jdk.compiler/com.sun.tools.javac.api=ALL-UNNAMED --add-exports=jdk.compiler/com.sun.tools.javac.util=ALL-UNNAMED --add-opens=java.base/java.util=ALL-UNNAMED --add-opens=java.prefs/java.util.prefs=ALL-UNNAMED --add-opens=java.base/java.nio.charset=ALL-UNNAMED --add-opens=java.base/java.net=ALL-UNNAMED --add-opens=java.base/java.util.concurrent.atomic=ALL-UNNAMED --add-opens=java.xml/javax.xml.namespace=ALL-UNNAMED -Xmx1536m -Dfile.encoding=UTF-8 -Duser.country=IN -Duser.language=en -Duser.variant -javaagent:C:\Users\Ramana\.gradle\wrapper\dists\gradle-8.14.3-all\10utluxaxniiv4wxiphsi49nj\gradle-8.14.3\lib\agents\gradle-instrumentation-agent-8.14.3.jar 
java_command: org.gradle.launcher.daemon.bootstrap.GradleDaemon 8.14.3
java_class_path (initial): C:\Users\Ramana\.gradle\wrapper\dists\gradle-8.14.3-all\10utluxaxniiv4wxiphsi49nj\gradle-8.14.3\lib\gradle-daemon-main-8.14.3.jar
Launcher Type: SUN_STANDARD

[Global flags]
     intx CICompilerCount                          = 4                                         {product} {ergonomic}
     uint ConcGCThreads                            = 2                                         {product} {ergonomic}
     uint G1ConcRefinementThreads                  = 8                                         {product} {ergonomic}
   size_t G1HeapRegionSize                         = 1048576                                   {product} {ergonomic}
    uintx GCDrainStackTargetSize                   = 64                                        {product} {ergonomic}
   size_t InitialHeapSize                          = 266338304                                 {product} {ergonomic}
   size_t MarkStackSize                            = 4194304                                   {product} {ergonomic}
   size_t MaxHeapSize                              = 1610612736                                {product} {command line}
   size_t MaxNewSize                               = 965738496                                 {product} {ergonomic}
   size_t MinHeapDeltaBytes                        = 1048576                                   {product} {ergonomic}
   size_t MinHeapSize                              = 8388608                                   {product} {ergonomic}
    uintx NonNMethodCodeHeapSize                   = 5839372                                {pd product} {ergonomic}
    uintx NonProfiledCodeHeapSize                  = 122909434                              {pd product} {ergonomic}
    uintx ProfiledCodeHeapSize                     = 122909434                              {pd product} {ergonomic}
    uintx ReservedCodeCacheSize                    = 251658240                              {pd product} {ergonomic}
     bool SegmentedCodeCache                       = true                                      {product} {ergonomic}
   size_t SoftMaxHeapSize                          = 1610612736                             {manageable} {ergonomic}
     bool UseCompressedClassPointers               = true                           {product lp64_product} {ergonomic}
     bool UseCompressedOops                        = true                           {product lp64_product} {ergonomic}
     bool UseG1GC                                  = true                                      {product} {ergonomic}
     bool UseLargePagesIndividualAllocation        = false                                  {pd product} {ergonomic}

Logging:
Log output configuration:
 #0: stdout all=warning uptime,level,tags
 #1: stderr all=off uptime,level,tags

Environment Variables:
PATH=C:\Program Files\Common Files\Oracle\Java\javapath;C:\WINDOWS\system32;C:\WINDOWS;C:\WINDOWS\System32\Wbem;C:\WINDOWS\System32\WindowsPowerShell\v1.0\;C:\WINDOWS\System32\OpenSSH\;C:\Program Files\Git\cmd;C:\Users\Ramana\AppData\Roaming\Python\Python313;C:\Users\Ramana\AppData\Local\Programs\Python\Python313\python.exe;C:\Program Files (x86)\cloudflared\;C:\Program Files\nodejs\;C:\Users\Ramana\AppData\Local\Programs\Python\Launcher\;C:\Program Files\MySQL\MySQL Shell 8.0\bin\;C:\Users\Ramana\AppData\Local\Microsoft\WindowsApps;C:\Users\Ramana\AppData\Local\Microsoft\WindowsApps\python.exe;C:\Users\Ramana\AppData\Local\Microsoft\WindowsApps\python3.exe;C:\Users\Ramana\AppData\Local\Programs\Python\Python313\Scripts\;C:\Users\Ramana\AppData\Local\Programs\Python\Python313;C:\Users\Ramana\AppData\Local\Android\Sdk\platform-tools;C:\Users\Ramana\AppData\Local\PowerToys\DSCModules\;C:\Users\Ramana\AppData\Local\Programs\Antigravity\bin;C:\Users\Ramana\AppData\Local\Pandoc\;C:\Users\Ramana\AppData\Local\Programs\Microsoft VS Code\bin;C:\Users\Ramana\AppData\Roaming\npm
USERNAME=Ramana
OS=Windows_NT
PROCESSOR_IDENTIFIER=Intel64 Family 6 Model 142 Stepping 12, GenuineIntel



---------------  S Y S T E M  ---------------

OS:
 Windows 10 , 64 bit Build 26100 (10.0.26100.7920)
OS uptime: 20 days 3:56 hours
Hyper-V role detected

CPU: total 8 (initial active 8) (4 cores per cpu, 2 threads per core) family 6 model 142 stepping 12 microcode 0x100, cx8, cmov, fxsr, ht, mmx, 3dnowpref, sse, sse2, sse3, ssse3, sse4.1, sse4.2, popcnt, lzcnt, tsc, tscinvbit, avx, avx2, aes, erms, clmul, bmi1, bmi2, adx, fma, vzeroupper, clflush, clflushopt, hv

Memory: 4k page, system-wide physical 16141M (869M free)
TotalPageFile size 36434M (AvailPageFile size 53M)
current process WorkingSet (physical memory assigned to process): 317M, peak: 317M
current process commit charge ("private bytes"): 504M, peak: 564M

vm_info: Java HotSpot(TM) 64-Bit Server VM (17+35-LTS-2724) for windows-amd64 JRE (17+35-LTS-2724), built on Aug  5 2021 23:28:28 by "mach5one" with MS VC++ 16.8 (VS2019)

END.
